#
# There is insufficient memory for the Java Runtime Environment to continue.
# Native memory allocation (mmap) failed to map 134217728 bytes for Failed to commit area from 0x0000000081600000 to 0x0000000089600000 of length 134217728.
# Possible reasons:
#   The system is out of physical RAM or swap space
#   The process is running with CompressedOops enabled, and the Java Heap may be blocking the growth of the native heap
# Possible solutions:
#   Reduce memory load on the system
#   Increase physical memory or swap space
#   Check if swap backing store is full
#   Decrease Java heap size (-Xmx/-Xms)
#   Decrease number of Java threads
#   Decrease Java thread stack sizes (-Xss)
#   Set larger code cache with -XX:ReservedCodeCacheSize=
# This output file may be truncated or incomplete.
#
#  Out of Memory Error (./src/hotspot/os/windows/os_windows.cpp:3301), pid=10652, tid=6896
#
# JRE version:  (11.0.11+9) (build )
# Java VM: OpenJDK 64-Bit Server VM (11.0.11+9-b1341.60, mixed mode, sharing, tiered, compressed oops, g1 gc, windows-amd64)
# No core dump will be written. Minidumps are not enabled by default on client versions of Windows
#

---------------  S U M M A R Y ------------

Command Line: org.jetbrains.git4idea.http.GitAskPassApp Username for 'https://git.erpo.vn': 

Host: Intel(R) Core(TM) i7-8550U CPU @ 1.80GHz, 8 cores, 7G,  Windows 10 , 64 bit Build 22000 (10.0.22000.2124)
Time: Mon Sep 11 16:34:13 2023 SE Asia Standard Time elapsed time: 0.011382 seconds (0d 0h 0m 0s)

---------------  T H R E A D  ---------------

Current thread (0x00000269d68a3000):  JavaThread "Unknown thread" [_thread_in_vm, id=6896, stack(0x000000b8dfc00000,0x000000b8dfd00000)]

Stack: [0x000000b8dfc00000,0x000000b8dfd00000]
Native frames: (J=compiled Java code, j=interpreted, Vv=VM code, C=native code)
V  [jvm.dll+0x5f5c8a]
V  [jvm.dll+0x779405]
V  [jvm.dll+0x77aa1d]
V  [jvm.dll+0x77b0d3]
V  [jvm.dll+0x244bc8]
V  [jvm.dll+0x5f3084]
V  [jvm.dll+0x5e7fe5]
V  [jvm.dll+0x30098b]
V  [jvm.dll+0x3008fa]
V  [jvm.dll+0x3007d2]
V  [jvm.dll+0x3056b6]
V  [jvm.dll+0x34e353]
V  [jvm.dll+0x34ea56]
V  [jvm.dll+0x34e453]
V  [jvm.dll+0x2db398]
V  [jvm.dll+0x2dc547]
V  [jvm.dll+0x757bf7]
V  [jvm.dll+0x7593ec]
V  [jvm.dll+0x35b8d9]
V  [jvm.dll+0x73b38e]
V  [jvm.dll+0x3c3cc3]
V  [jvm.dll+0x3c60e1]
C  [jli.dll+0x5373]
C  [ucrtbase.dll+0x26c0c]
C  [KERNEL32.DLL+0x155a0]
C  [ntdll.dll+0x485b]


---------------  P R O C E S S  ---------------

Threads class SMR info:
_java_thread_list=0x00000269d46859e0, length=0, elements={
}

Java Threads: ( => current thread )

Other Threads:
  0x00000269d68bc000 GCTaskThread "GC Thread#0" [stack: 0x000000b8dfd00000,0x000000b8dfe00000] [id=20820]
  0x00000269d692c800 ConcurrentGCThread "G1 Main Marker" [stack: 0x000000b8dfe00000,0x000000b8dff00000] [id=21116]
  0x00000269d692e800 ConcurrentGCThread "G1 Conc#0" [stack: 0x000000b8dff00000,0x000000b8e0000000] [id=14236]

[error occurred during error reporting (printing all threads), id 0xc0000005, EXCEPTION_ACCESS_VIOLATION (0xc0000005) at pc=0x00007ffea0acb9f7]

VM state:not at safepoint (not fully initialized)

VM Mutex/Monitor currently owned by a thread:  ([mutex/lock_event])
[0x00000269d68a05d0] Heap_lock - owner thread: 0x00000269d68a3000

Heap address: 0x0000000081600000, size: 2026 MB, Compressed Oops mode: Non-zero based: 0x0000000081600000
Narrow klass base: 0x0000000000000000, Narrow klass shift: 0

GC Heap History (0 events):
No events

Deoptimization events (0 events):
No events

Classes redefined (0 events):
No events

Internal exceptions (0 events):
No events

Events (1 events):
Event: 0.007 Loaded shared library C:\Program Files\JetBrains\IntelliJ IDEA 2021.1.3\jbr\bin\zip.dll


Dynamic libraries:
0x00007ff6d64e0000 - 0x00007ff6d64ea000 	C:\Program Files\JetBrains\IntelliJ IDEA 2021.1.3\jbr\bin\java.exe
0x00007fff02640000 - 0x00007fff02849000 	C:\WINDOWS\SYSTEM32\ntdll.dll
0x00007fff02170000 - 0x00007fff0222e000 	C:\WINDOWS\System32\KERNEL32.DLL
0x00007ffeffea0000 - 0x00007fff00224000 	C:\WINDOWS\System32\KERNELBASE.dll
0x00007fff00370000 - 0x00007fff00481000 	C:\WINDOWS\System32\ucrtbase.dll
0x00007ffee1e00000 - 0x00007ffee1e19000 	C:\Program Files\JetBrains\IntelliJ IDEA 2021.1.3\jbr\bin\jli.dll
0x00007ffed2d30000 - 0x00007ffed2d47000 	C:\Program Files\JetBrains\IntelliJ IDEA 2021.1.3\jbr\bin\VCRUNTIME140.dll
0x00007fff00490000 - 0x00007fff0063d000 	C:\WINDOWS\System32\USER32.dll
0x00007ffeffe00000 - 0x00007ffeffe26000 	C:\WINDOWS\System32\win32u.dll
0x00007ffee0400000 - 0x00007ffee06a5000 	C:\WINDOWS\WinSxS\amd64_microsoft.windows.common-controls_6595b64144ccf1df_6.0.22000.120_none_9d947278b86cc467\COMCTL32.dll
0x00007fff00720000 - 0x00007fff0074a000 	C:\WINDOWS\System32\GDI32.dll
0x00007fff02310000 - 0x00007fff023b3000 	C:\WINDOWS\System32\msvcrt.dll
0x00007ffeffad0000 - 0x00007ffeffbef000 	C:\WINDOWS\System32\gdi32full.dll
0x00007ffeffd60000 - 0x00007ffeffdfd000 	C:\WINDOWS\System32\msvcp_win.dll
0x00007fff01270000 - 0x00007fff012a1000 	C:\WINDOWS\System32\IMM32.DLL
0x00007ffec7d30000 - 0x00007ffec7dcd000 	C:\Program Files\JetBrains\IntelliJ IDEA 2021.1.3\jbr\bin\msvcp140.dll
0x00007ffea07e0000 - 0x00007ffea1329000 	C:\Program Files\JetBrains\IntelliJ IDEA 2021.1.3\jbr\bin\server\jvm.dll
0x00007fff023c0000 - 0x00007fff0246f000 	C:\WINDOWS\System32\ADVAPI32.dll
0x00007fff01630000 - 0x00007fff016ce000 	C:\WINDOWS\System32\sechost.dll
0x00007fff016d0000 - 0x00007fff017f1000 	C:\WINDOWS\System32\RPCRT4.dll
0x00007fff01470000 - 0x00007fff01478000 	C:\WINDOWS\System32\PSAPI.DLL
0x00007ffee9440000 - 0x00007ffee9449000 	C:\WINDOWS\SYSTEM32\WSOCK32.dll
0x00007fff00f50000 - 0x00007fff00fbf000 	C:\WINDOWS\System32\WS2_32.dll
0x00007ffefa170000 - 0x00007ffefa1a3000 	C:\WINDOWS\SYSTEM32\WINMM.dll
0x00007ffef71a0000 - 0x00007ffef71aa000 	C:\WINDOWS\SYSTEM32\VERSION.dll
0x00007ffefeb00000 - 0x00007ffefeb18000 	C:\WINDOWS\SYSTEM32\kernel.appcore.dll
0x00007ffefc2c0000 - 0x00007ffefc2d1000 	C:\Program Files\JetBrains\IntelliJ IDEA 2021.1.3\jbr\bin\verify.dll
0x00007ffefd540000 - 0x00007ffefd761000 	C:\WINDOWS\SYSTEM32\DBGHELP.DLL
0x00007ffeee5b0000 - 0x00007ffeee5e1000 	C:\WINDOWS\SYSTEM32\dbgcore.DLL
0x00007fff002f0000 - 0x00007fff0036f000 	C:\WINDOWS\System32\bcryptPrimitives.dll
0x00007ffefa510000 - 0x00007ffefa539000 	C:\Program Files\JetBrains\IntelliJ IDEA 2021.1.3\jbr\bin\java.dll
0x00007ffefcac0000 - 0x00007ffefcacb000 	C:\Program Files\JetBrains\IntelliJ IDEA 2021.1.3\jbr\bin\jimage.dll
0x00007ffef9db0000 - 0x00007ffef9dc8000 	C:\Program Files\JetBrains\IntelliJ IDEA 2021.1.3\jbr\bin\zip.dll

dbghelp: loaded successfully - version: 4.0.5 - missing functions: none
symbol engine: initialized successfully - sym options: 0x614 - pdb path: .;C:\Program Files\JetBrains\IntelliJ IDEA 2021.1.3\jbr\bin;C:\WINDOWS\SYSTEM32;C:\WINDOWS\WinSxS\amd64_microsoft.windows.common-controls_6595b64144ccf1df_6.0.22000.120_none_9d947278b86cc467;C:\Program Files\JetBrains\IntelliJ IDEA 2021.1.3\jbr\bin\server

VM Arguments:
java_command: org.jetbrains.git4idea.http.GitAskPassApp Username for 'https://git.erpo.vn': 
java_class_path (initial): C:/Program Files/JetBrains/IntelliJ IDEA 2021.1.3/plugins/git4idea/lib/git4idea-rt.jar;C:/Program Files/JetBrains/IntelliJ IDEA 2021.1.3/lib/xmlrpc-2.0.1.jar;C:/Program Files/JetBrains/IntelliJ IDEA 2021.1.3/lib/commons-codec-1.15.jar
Launcher Type: SUN_STANDARD

[Global flags]
     intx CICompilerCount                          = 4                                         {product} {ergonomic}
     uint ConcGCThreads                            = 2                                         {product} {ergonomic}
     uint G1ConcRefinementThreads                  = 8                                         {product} {ergonomic}
   size_t G1HeapRegionSize                         = 1048576                                   {product} {ergonomic}
    uintx GCDrainStackTargetSize                   = 64                                        {product} {ergonomic}
   size_t InitialHeapSize                          = 134217728                                 {product} {ergonomic}
   size_t MarkStackSize                            = 4194304                                   {product} {ergonomic}
   size_t MaxHeapSize                              = 2124414976                                {product} {ergonomic}
   size_t MinHeapDeltaBytes                        = 1048576                                   {product} {ergonomic}
    uintx NonNMethodCodeHeapSize                   = 5836300                                {pd product} {ergonomic}
    uintx NonProfiledCodeHeapSize                  = 122910970                              {pd product} {ergonomic}
    uintx ProfiledCodeHeapSize                     = 122910970                              {pd product} {ergonomic}
    uintx ReservedCodeCacheSize                    = 251658240                              {pd product} {ergonomic}
     bool SegmentedCodeCache                       = true                                      {product} {ergonomic}
     bool UseCompressedClassPointers               = true                                 {lp64_product} {ergonomic}
     bool UseCompressedOops                        = true                                 {lp64_product} {ergonomic}
     bool UseG1GC                                  = true                                      {product} {ergonomic}
     bool UseLargePagesIndividualAllocation        = false                                  {pd product} {ergonomic}

Logging:
Log output configuration:
 #0: stdout all=warning uptime,level,tags
 #1: stderr all=off uptime,level,tags

Environment Variables:
JAVA_HOME=C:\Program Files\Java\jdk-11
PATH=C:\Program Files\Git\mingw64\libexec\git-core;C:\Program Files\Git\mingw64\libexec\git-core;C:\Program Files\Git\mingw64\bin;C:\Program Files\Git\usr\bin;C:\Users\tien dat\bin;C:\Program Files\Common Files\Oracle\Java\javapath;D:\u01\app\oracle\product\21c\db_home\bin;C:\Program Files (x86)\Common Files\Intel\Shared Libraries\redist\intel64\compiler;C:\Python310\Scripts;C:\Python310;C:\Program Files (x86)\Common Files\Oracle\Java\javapath;C:\WINDOWS\system32;C:\WINDOWS;C:\WINDOWS\System32\Wbem;C:\WINDOWS\System32\WindowsPowerShell\v1.0;C:\WINDOWS\System32\OpenSSH;C:\Program Files (x86)\Common Files\Acronis\SnapAPI;C:\Program Files\dotnet;C:\TDM-GCC-64\x86_64-w64-mingw32\include;C:\Program Files\Microsoft SQL Server\Client SDK\ODBC\170\Tools\Binn;C:\Program Files (x86)\Microsoft SQL Server\150\Tools\Binn;C:\Program Files\Microsoft SQL Server\150\Tools\Binn;C:\Program Files\Microsoft SQL Server\150\DTS\Binn;C:\Program Files (x86)\Microsoft SQL Server\150\DTS\Binn;C:\Program Files\Azure Data Studio\bin;C:\Program Files\Microsoft SQL Server\130\Tools\Binn;C:\WINDOWS\system32;C:\WINDOWS;C:\WINDOWS\System32\Wbem;C:\WINDOWS\System32\WindowsPowerShell\v1.0;C:\WINDOWS\System32\OpenSSH;C:\Program Files\Git\cmd;C:\Program Files\nodejs;C:\ProgramData\chocolatey\bin;C:\Program Files\Docker\Docker\resources\bin;C:\Program Files\MongoDB\Server\6.0\bin;C:\Program Files\MongoDB\Tools\100\bin;C:\Program Files\JetBrains\IntelliJ IDEA 2021.1.3\plugins\maven\lib\maven3\bin;D:\Program Files\Redis;C:\Program Files\Java\jdk-11\bin;C:\Program Files\CMake;D:\Program Files\Android\SDK\platform-tools;C:\Users\tien dat\AppData\Local\Programs\Python\Python38\Scripts;C:\Users\tien dat\AppData\Local\Programs\Python\Python38;C:\Users\tien dat\AppData\Local\Microsoft\WindowsApps;C:\Users\tien dat\AppData\Local\Programs\Microsoft VS Code\bin;C:\TDM-GCC-64\bin;C:\Users\tien dat\AppData\Local\GitHubDesktop\bin;C:\Program Files\Azure Data Studio\bin;C:\Users\tien dat\AppData\Local\Microsoft\WindowsApp
USERNAME=dat do
DISPLAY=:0.0
LC_ALL=en_US.UTF-8
OS=Windows_NT
PROCESSOR_IDENTIFIER=Intel64 Family 6 Model 142 Stepping 10, GenuineIntel



---------------  S Y S T E M  ---------------

OS: Windows 10 , 64 bit Build 22000 (10.0.22000.2124)
OS uptime: 3 days 2:21 hours
Hyper-V role detected

CPU:total 8 (initial active 8) (4 cores per cpu, 2 threads per core) family 6 model 142 stepping 10 microcode 0xe0, cmov, cx8, fxsr, mmx, sse, sse2, sse3, ssse3, sse4.1, sse4.2, popcnt, avx, avx2, aes, clmul, erms, 3dnowpref, lzcnt, ht, tsc, tscinvbit, bmi1, bmi2, adx, fma

Memory: 4k page, system-wide physical 8101M (315M free)
TotalPageFile size 24418M (AvailPageFile size 117M)
current process WorkingSet (physical memory assigned to process): 10M, peak: 10M
current process commit charge ("private bytes"): 60M, peak: 188M

vm_info: OpenJDK 64-Bit Server VM (11.0.11+9-b1341.60) for windows-amd64 JRE (11.0.11+9-b1341.60), built on Jun  4 2021 08:17:54 by "" with MS VC++ 14.0 (VS2015)

END.
