#
# There is insufficient memory for the Java Runtime Environment to continue.
# Native memory allocation (mmap) failed to map 134217728 bytes for Failed to commit area from 0x0000000081600000 to 0x0000000089600000 of length 134217728.
# Possible reasons:
#   The system is out of physical RAM or swap space
#   The process is running with CompressedOops enabled, and the Java Heap may be blocking the growth of the native heap
# Possible solutions:
#   Reduce memory load on the system
#   Increase physical memory or swap space
#   Check if swap backing store is full
#   Decrease Java heap size (-Xmx/-Xms)
#   Decrease number of Java threads
#   Decrease Java thread stack sizes (-Xss)
#   Set larger code cache with -XX:ReservedCodeCacheSize=
# This output file may be truncated or incomplete.
#
#  Out of Memory Error (./src/hotspot/os/windows/os_windows.cpp:3301), pid=7632, tid=1136
#
# JRE version:  (11.0.11+9) (build )
# Java VM: OpenJDK 64-Bit Server VM (11.0.11+9-b1341.60, mixed mode, sharing, tiered, compressed oops, g1 gc, windows-amd64)
# No core dump will be written. Minidumps are not enabled by default on client versions of Windows
#

---------------  S U M M A R Y ------------

Command Line: org.jetbrains.git4idea.http.GitAskPassApp Username for 'https://git.erpo.vn': 

Host: Intel(R) Core(TM) i7-8550U CPU @ 1.80GHz, 8 cores, 7G,  Windows 10 , 64 bit Build 22000 (10.0.22000.2124)
Time: Fri Aug 18 14:41:39 2023 SE Asia Standard Time elapsed time: 0.022989 seconds (0d 0h 0m 0s)

---------------  T H R E A D  ---------------

Current thread (0x0000024415b33000):  JavaThread "Unknown thread" [_thread_in_vm, id=1136, stack(0x000000a810600000,0x000000a810700000)]

Stack: [0x000000a810600000,0x000000a810700000]
Native frames: (J=compiled Java code, j=interpreted, Vv=VM code, C=native code)
V  [jvm.dll+0x5f5c8a]
V  [jvm.dll+0x779405]
V  [jvm.dll+0x77aa1d]
V  [jvm.dll+0x77b0d3]
V  [jvm.dll+0x244bc8]
V  [jvm.dll+0x5f3084]
V  [jvm.dll+0x5e7fe5]
V  [jvm.dll+0x30098b]
V  [jvm.dll+0x3008fa]
V  [jvm.dll+0x3007d2]
V  [jvm.dll+0x3056b6]
V  [jvm.dll+0x34e353]
V  [jvm.dll+0x34ea56]
V  [jvm.dll+0x34e453]
V  [jvm.dll+0x2db398]
V  [jvm.dll+0x2dc547]
V  [jvm.dll+0x757bf7]
V  [jvm.dll+0x7593ec]
V  [jvm.dll+0x35b8d9]
V  [jvm.dll+0x73b38e]
V  [jvm.dll+0x3c3cc3]
V  [jvm.dll+0x3c60e1]
C  [jli.dll+0x5373]
C  [ucrtbase.dll+0x26c0c]
C  [KERNEL32.DLL+0x155a0]
C  [ntdll.dll+0x485b]


---------------  P R O C E S S  ---------------

Threads class SMR info:
_java_thread_list=0x00000244158c4bc0, length=0, elements={
}

Java Threads: ( => current thread )

Other Threads:
  0x0000024415b4c800 GCTaskThread "GC Thread#0" [stack: 0x000000a810700000,0x000000a810800000] [id=7660]
  0x0000024415b7c000 ConcurrentGCThread "G1 Main Marker" [stack: 0x000000a810800000,0x000000a810900000] [id=12652]
  0x0000024415b7e800 ConcurrentGCThread "G1 Conc#0" [stack: 0x000000a810900000,0x000000a810a00000] [id=10504]

[error occurred during error reporting (printing all threads), id 0xc0000005, EXCEPTION_ACCESS_VIOLATION (0xc0000005) at pc=0x00007ff89d47b9f7]

VM state:not at safepoint (not fully initialized)

VM Mutex/Monitor currently owned by a thread:  ([mutex/lock_event])
[0x0000024415b31610] Heap_lock - owner thread: 0x0000024415b33000

Heap address: 0x0000000081600000, size: 2026 MB, Compressed Oops mode: Non-zero based: 0x0000000081600000
Narrow klass base: 0x0000000000000000, Narrow klass shift: 0

GC Heap History (0 events):
No events

Deoptimization events (0 events):
No events

Classes redefined (0 events):
No events

Internal exceptions (0 events):
No events

Events (1 events):
Event: 0.013 Loaded shared library C:\Program Files\JetBrains\IntelliJ IDEA 2021.1.3\jbr\bin\zip.dll


Dynamic libraries:
0x00007ff725790000 - 0x00007ff72579a000 	C:\Program Files\JetBrains\IntelliJ IDEA 2021.1.3\jbr\bin\java.exe
0x00007ff909dc0000 - 0x00007ff909fc9000 	C:\WINDOWS\SYSTEM32\ntdll.dll
0x00007ff907e90000 - 0x00007ff907f4e000 	C:\WINDOWS\System32\KERNEL32.DLL
0x00007ff9074d0000 - 0x00007ff907854000 	C:\WINDOWS\System32\KERNELBASE.dll
0x00007ff907a00000 - 0x00007ff907b11000 	C:\WINDOWS\System32\ucrtbase.dll
0x00007ff8f57d0000 - 0x00007ff8f57e7000 	C:\Program Files\JetBrains\IntelliJ IDEA 2021.1.3\jbr\bin\VCRUNTIME140.dll
0x00007ff8f57b0000 - 0x00007ff8f57c9000 	C:\Program Files\JetBrains\IntelliJ IDEA 2021.1.3\jbr\bin\jli.dll
0x00007ff909280000 - 0x00007ff90942d000 	C:\WINDOWS\System32\USER32.dll
0x00007ff907be0000 - 0x00007ff907c06000 	C:\WINDOWS\System32\win32u.dll
0x00007ff8dfc00000 - 0x00007ff8dfea5000 	C:\WINDOWS\WinSxS\amd64_microsoft.windows.common-controls_6595b64144ccf1df_6.0.22000.120_none_9d947278b86cc467\COMCTL32.dll
0x00007ff909c60000 - 0x00007ff909c8a000 	C:\WINDOWS\System32\GDI32.dll
0x00007ff9078e0000 - 0x00007ff9079ff000 	C:\WINDOWS\System32\gdi32full.dll
0x00007ff909c90000 - 0x00007ff909d33000 	C:\WINDOWS\System32\msvcrt.dll
0x00007ff907250000 - 0x00007ff9072ed000 	C:\WINDOWS\System32\msvcp_win.dll
0x00007ff909d40000 - 0x00007ff909d71000 	C:\WINDOWS\System32\IMM32.DLL
0x00007ff8f54b0000 - 0x00007ff8f554d000 	C:\Program Files\JetBrains\IntelliJ IDEA 2021.1.3\jbr\bin\msvcp140.dll
0x00007ff89d190000 - 0x00007ff89dcd9000 	C:\Program Files\JetBrains\IntelliJ IDEA 2021.1.3\jbr\bin\server\jvm.dll
0x00007ff9085e0000 - 0x00007ff90868f000 	C:\WINDOWS\System32\ADVAPI32.dll
0x00007ff9082e0000 - 0x00007ff90837e000 	C:\WINDOWS\System32\sechost.dll
0x00007ff9088a0000 - 0x00007ff9089c1000 	C:\WINDOWS\System32\RPCRT4.dll
0x00007ff909270000 - 0x00007ff909278000 	C:\WINDOWS\System32\PSAPI.DLL
0x00007ff8fb430000 - 0x00007ff8fb43a000 	C:\WINDOWS\SYSTEM32\VERSION.dll
0x00007ff9015b0000 - 0x00007ff9015e3000 	C:\WINDOWS\SYSTEM32\WINMM.dll
0x00007ff8f0110000 - 0x00007ff8f0119000 	C:\WINDOWS\SYSTEM32\WSOCK32.dll
0x00007ff908270000 - 0x00007ff9082df000 	C:\WINDOWS\System32\WS2_32.dll
0x00007ff906280000 - 0x00007ff906298000 	C:\WINDOWS\SYSTEM32\kernel.appcore.dll
0x00007ff8e1c60000 - 0x00007ff8e1c71000 	C:\Program Files\JetBrains\IntelliJ IDEA 2021.1.3\jbr\bin\verify.dll
0x00007ff904c80000 - 0x00007ff904ea1000 	C:\WINDOWS\SYSTEM32\DBGHELP.DLL
0x00007ff8f5d30000 - 0x00007ff8f5d61000 	C:\WINDOWS\SYSTEM32\dbgcore.DLL
0x00007ff907860000 - 0x00007ff9078df000 	C:\WINDOWS\System32\bcryptPrimitives.dll
0x00007ff8d1430000 - 0x00007ff8d1459000 	C:\Program Files\JetBrains\IntelliJ IDEA 2021.1.3\jbr\bin\java.dll
0x00007ff9042a0000 - 0x00007ff9042ab000 	C:\Program Files\JetBrains\IntelliJ IDEA 2021.1.3\jbr\bin\jimage.dll
0x00007ff8e0000000 - 0x00007ff8e0018000 	C:\Program Files\JetBrains\IntelliJ IDEA 2021.1.3\jbr\bin\zip.dll

dbghelp: loaded successfully - version: 4.0.5 - missing functions: none
symbol engine: initialized successfully - sym options: 0x614 - pdb path: .;C:\Program Files\JetBrains\IntelliJ IDEA 2021.1.3\jbr\bin;C:\WINDOWS\SYSTEM32;C:\WINDOWS\WinSxS\amd64_microsoft.windows.common-controls_6595b64144ccf1df_6.0.22000.120_none_9d947278b86cc467;C:\Program Files\JetBrains\IntelliJ IDEA 2021.1.3\jbr\bin\server

VM Arguments:
java_command: org.jetbrains.git4idea.http.GitAskPassApp Username for 'https://git.erpo.vn': 
java_class_path (initial): C:/Program Files/JetBrains/IntelliJ IDEA 2021.1.3/plugins/git4idea/lib/git4idea-rt.jar;C:/Program Files/JetBrains/IntelliJ IDEA 2021.1.3/lib/xmlrpc-2.0.1.jar;C:/Program Files/JetBrains/IntelliJ IDEA 2021.1.3/lib/commons-codec-1.15.jar
Launcher Type: SUN_STANDARD

[Global flags]
     intx CICompilerCount                          = 4                                         {product} {ergonomic}
     uint ConcGCThreads                            = 2                                         {product} {ergonomic}
     uint G1ConcRefinementThreads                  = 8                                         {product} {ergonomic}
   size_t G1HeapRegionSize                         = 1048576                                   {product} {ergonomic}
    uintx GCDrainStackTargetSize                   = 64                                        {product} {ergonomic}
   size_t InitialHeapSize                          = 134217728                                 {product} {ergonomic}
   size_t MarkStackSize                            = 4194304                                   {product} {ergonomic}
   size_t MaxHeapSize                              = 2124414976                                {product} {ergonomic}
   size_t MinHeapDeltaBytes                        = 1048576                                   {product} {ergonomic}
    uintx NonNMethodCodeHeapSize                   = 5836300                                {pd product} {ergonomic}
    uintx NonProfiledCodeHeapSize                  = 122910970                              {pd product} {ergonomic}
    uintx ProfiledCodeHeapSize                     = 122910970                              {pd product} {ergonomic}
    uintx ReservedCodeCacheSize                    = 251658240                              {pd product} {ergonomic}
     bool SegmentedCodeCache                       = true                                      {product} {ergonomic}
     bool UseCompressedClassPointers               = true                                 {lp64_product} {ergonomic}
     bool UseCompressedOops                        = true                                 {lp64_product} {ergonomic}
     bool UseG1GC                                  = true                                      {product} {ergonomic}
     bool UseLargePagesIndividualAllocation        = false                                  {pd product} {ergonomic}

Logging:
Log output configuration:
 #0: stdout all=warning uptime,level,tags
 #1: stderr all=off uptime,level,tags

Environment Variables:
JAVA_HOME=C:\Program Files\Java\jdk-11
PATH=C:\Program Files\Git\mingw64\libexec\git-core;C:\Program Files\Git\mingw64\libexec\git-core;C:\Program Files\Git\mingw64\bin;C:\Program Files\Git\usr\bin;C:\Users\tien dat\bin;C:\Program Files\Common Files\Oracle\Java\javapath;D:\u01\app\oracle\product\21c\db_home\bin;C:\Program Files (x86)\Common Files\Intel\Shared Libraries\redist\intel64\compiler;C:\Python310\Scripts;C:\Python310;C:\Program Files (x86)\Common Files\Oracle\Java\javapath;C:\WINDOWS\system32;C:\WINDOWS;C:\WINDOWS\System32\Wbem;C:\WINDOWS\System32\WindowsPowerShell\v1.0;C:\WINDOWS\System32\OpenSSH;C:\Program Files (x86)\Common Files\Acronis\SnapAPI;C:\Program Files\dotnet;C:\TDM-GCC-64\x86_64-w64-mingw32\include;C:\Program Files\Microsoft SQL Server\Client SDK\ODBC\170\Tools\Binn;C:\Program Files (x86)\Microsoft SQL Server\150\Tools\Binn;C:\Program Files\Microsoft SQL Server\150\Tools\Binn;C:\Program Files\Microsoft SQL Server\150\DTS\Binn;C:\Program Files (x86)\Microsoft SQL Server\150\DTS\Binn;C:\Program Files\Azure Data Studio\bin;C:\Program Files\Microsoft SQL Server\130\Tools\Binn;C:\WINDOWS\system32;C:\WINDOWS;C:\WINDOWS\System32\Wbem;C:\WINDOWS\System32\WindowsPowerShell\v1.0;C:\WINDOWS\System32\OpenSSH;C:\Program Files\Git\cmd;C:\Program Files\nodejs;C:\ProgramData\chocolatey\bin;C:\Program Files\Docker\Docker\resources\bin;C:\Program Files\MongoDB\Server\6.0\bin;C:\Program Files\MongoDB\Tools\100\bin;C:\Program Files\JetBrains\IntelliJ IDEA 2021.1.3\plugins\maven\lib\maven3\bin;D:\Program Files\Redis;C:\Program Files\Java\jdk-11\bin;C:\Program Files\CMake;D:\Program Files\Android\SDK\platform-tools;C:\Users\tien dat\AppData\Local\Programs\Python\Python38\Scripts;C:\Users\tien dat\AppData\Local\Programs\Python\Python38;C:\Users\tien dat\AppData\Local\Microsoft\WindowsApps;C:\Users\tien dat\AppData\Local\Programs\Microsoft VS Code\bin;C:\TDM-GCC-64\bin;C:\Users\tien dat\AppData\Local\GitHubDesktop\bin;C:\Program Files\Azure Data Studio\bin;C:\Users\tien dat\AppData\Local\Microsoft\WindowsApp
USERNAME=dat do
DISPLAY=:0.0
LC_ALL=en_US.UTF-8
OS=Windows_NT
PROCESSOR_IDENTIFIER=Intel64 Family 6 Model 142 Stepping 10, GenuineIntel



---------------  S Y S T E M  ---------------

OS: Windows 10 , 64 bit Build 22000 (10.0.22000.2124)
OS uptime: 0 days 22:11 hours
Hyper-V role detected

CPU:total 8 (initial active 8) (4 cores per cpu, 2 threads per core) family 6 model 142 stepping 10 microcode 0xe0, cmov, cx8, fxsr, mmx, sse, sse2, sse3, ssse3, sse4.1, sse4.2, popcnt, avx, avx2, aes, clmul, erms, 3dnowpref, lzcnt, ht, tsc, tscinvbit, bmi1, bmi2, adx, fma

Memory: 4k page, system-wide physical 8101M (303M free)
TotalPageFile size 24418M (AvailPageFile size 37M)
current process WorkingSet (physical memory assigned to process): 10M, peak: 10M
current process commit charge ("private bytes"): 60M, peak: 187M

vm_info: OpenJDK 64-Bit Server VM (11.0.11+9-b1341.60) for windows-amd64 JRE (11.0.11+9-b1341.60), built on Jun  4 2021 08:17:54 by "" with MS VC++ 14.0 (VS2015)

END.
