#
# There is insufficient memory for the Java Runtime Environment to continue.
# Native memory allocation (mmap) failed to map 65536 bytes for Failed to commit metaspace.
# Possible reasons:
#   The system is out of physical RAM or swap space
#   The process is running with CompressedOops enabled, and the Java Heap may be blocking the growth of the native heap
# Possible solutions:
#   Reduce memory load on the system
#   Increase physical memory or swap space
#   Check if swap backing store is full
#   Decrease Java heap size (-Xmx/-Xms)
#   Decrease number of Java threads
#   Decrease Java thread stack sizes (-Xss)
#   Set larger code cache with -XX:ReservedCodeCacheSize=
#   JVM is running with Unscaled Compressed Oops mode in which the Java heap is
#     placed in the first 4GB address space. The Java Heap base address is the
#     maximum limit for the native heap growth. Please use -XX:HeapBaseMinAddress
#     to set the Java Heap base and to place the Java Heap above 4GB virtual address.
# This output file may be truncated or incomplete.
#
#  Out of Memory Error (virtualSpaceNode.cpp:110), pid=15320, tid=13264
#
# JRE version: OpenJDK Runtime Environment Temurin-17.0.7+7 (17.0.7+7) (build 17.0.7+7)
# Java VM: OpenJDK 64-Bit Server VM Temurin-17.0.7+7 (17.0.7+7, mixed mode, tiered, compressed oops, compressed class ptrs, parallel gc, windows-amd64)
# No core dump will be written. Minidumps are not enabled by default on client versions of Windows
#

---------------  S U M M A R Y ------------

Command Line: --add-modules=ALL-SYSTEM --add-opens=java.base/java.util=ALL-UNNAMED --add-opens=java.base/java.lang=ALL-UNNAMED --add-opens=java.base/sun.nio.fs=ALL-UNNAMED -Declipse.application=org.eclipse.jdt.ls.core.id1 -Dosgi.bundles.defaultStartLevel=4 -Declipse.product=org.eclipse.jdt.ls.core.product -Djava.import.generatesMetadataFilesAtProjectRoot=false -Dfile.encoding=utf8 -Xlog:disable -XX:+UseParallelGC -XX:GCTimeRatio=4 -XX:AdaptiveSizePolicyWeight=90 -Dsun.zip.disableMemoryMapping=true -Xmx1G -Xms100m -javaagent:c:\Users\tien dat\.vscode\extensions\redhat.java-1.21.0-win32-x64\lombok\lombok-1.18.28.jar c:\Users\tien dat\.vscode\extensions\redhat.java-1.21.0-win32-x64\server\plugins\org.eclipse.equinox.launcher_1.6.500.v20230717-2134.jar -configuration c:\Users\tien dat\AppData\Roaming\Code\User\globalStorage\redhat.java\1.21.0\config_ss_win -data c:\Users\tien dat\AppData\Roaming\Code\User\workspaceStorage\8a9a9e4e1b2a9f5fd57950f91fd8423f\redhat.java\ss_ws

Host: Intel(R) Core(TM) i7-8550U CPU @ 1.80GHz, 8 cores, 7G,  Windows 11 , 64 bit Build 22000 (10.0.22000.2124)
Time: Tue Sep 12 14:30:43 2023 SE Asia Standard Time elapsed time: 2.620018 seconds (0d 0h 0m 2s)

---------------  T H R E A D  ---------------

Current thread (0x000001650df944a0):  JavaThread "main" [_thread_in_vm, id=13264, stack(0x0000002b87d00000,0x0000002b87e00000)]

Stack: [0x0000002b87d00000,0x0000002b87e00000]
Native frames: (J=compiled Java code, j=interpreted, Vv=VM code, C=native code)
V  [jvm.dll+0x67754a]
V  [jvm.dll+0x834304]
V  [jvm.dll+0x835aae]
V  [jvm.dll+0x836113]
V  [jvm.dll+0x24696f]
V  [jvm.dll+0x83039b]
V  [jvm.dll+0x61c006]
V  [jvm.dll+0x61c06a]
V  [jvm.dll+0x61e89a]
V  [jvm.dll+0x61c9a6]
V  [jvm.dll+0x23c3d7]
V  [jvm.dll+0x1e70e3]
V  [jvm.dll+0x1ebe86]
V  [jvm.dll+0x1e1891]
V  [jvm.dll+0x53ea50]
V  [jvm.dll+0x1f2067]
V  [jvm.dll+0x7af05b]
V  [jvm.dll+0x7b0402]
V  [jvm.dll+0x7b0738]
V  [jvm.dll+0x23ec6e]
V  [jvm.dll+0x380a4e]
C  0x000001651994ae05

Java frames: (J=compiled Java code, j=interpreted, Vv=VM code)
j  java.util.concurrent.locks.ReentrantReadWriteLock.<init>(Z)V+30 java.base@17.0.7
j  java.util.concurrent.locks.ReentrantReadWriteLock.<init>()V+2 java.base@17.0.7
j  org.eclipse.osgi.internal.log.ExtendedLogReaderServiceFactory.<init>(ILorg/osgi/service/log/LogLevel;)V+9
j  org.eclipse.osgi.internal.log.LogServiceManager.<init>(ILorg/osgi/service/log/LogLevel;Z[Lorg/osgi/service/log/LogListener;)V+11
j  org.eclipse.osgi.internal.log.EquinoxLogServices.<init>(Lorg/eclipse/osgi/internal/framework/EquinoxConfiguration;)V+355
j  org.eclipse.osgi.internal.framework.EquinoxContainer.<init>(Ljava/util/Map;Lorg/osgi/framework/connect/ModuleConnector;)V+96
j  org.eclipse.osgi.launch.Equinox.<init>(Ljava/util/Map;Lorg/osgi/framework/connect/ModuleConnector;)V+10
j  org.eclipse.osgi.launch.Equinox.<init>(Ljava/util/Map;)V+3
j  org.eclipse.core.runtime.adaptor.EclipseStarter.startup([Ljava/lang/String;Ljava/lang/Runnable;)Lorg/osgi/framework/BundleContext;+28
j  org.eclipse.core.runtime.adaptor.EclipseStarter.run([Ljava/lang/String;Ljava/lang/Runnable;)Ljava/lang/Object;+21
v  ~StubRoutines::call_stub
j  jdk.internal.reflect.NativeMethodAccessorImpl.invoke0(Ljava/lang/reflect/Method;Ljava/lang/Object;[Ljava/lang/Object;)Ljava/lang/Object;+0 java.base@17.0.7
j  jdk.internal.reflect.NativeMethodAccessorImpl.invoke(Ljava/lang/Object;[Ljava/lang/Object;)Ljava/lang/Object;+133 java.base@17.0.7
j  jdk.internal.reflect.DelegatingMethodAccessorImpl.invoke(Ljava/lang/Object;[Ljava/lang/Object;)Ljava/lang/Object;+6 java.base@17.0.7
j  java.lang.reflect.Method.invoke(Ljava/lang/Object;[Ljava/lang/Object;)Ljava/lang/Object;+59 java.base@17.0.7
j  org.eclipse.equinox.launcher.Main.invokeFramework([Ljava/lang/String;[Ljava/net/URL;)V+201
j  org.eclipse.equinox.launcher.Main.basicRun([Ljava/lang/String;)V+159
j  org.eclipse.equinox.launcher.Main.run([Ljava/lang/String;)I+4
j  org.eclipse.equinox.launcher.Main.main([Ljava/lang/String;)V+10
v  ~StubRoutines::call_stub

---------------  P R O C E S S  ---------------

Threads class SMR info:
_java_thread_list=0x0000016529372d40, length=12, elements={
0x000001650df944a0, 0x0000016529013a60, 0x00000165290146e0, 0x0000016523d6e790,
0x0000016529038680, 0x0000016529038f40, 0x0000016529039800, 0x000001652903a0c0,
0x00000165290a07d0, 0x00000165290a1480, 0x0000016523bf1000, 0x0000016529350df0
}

Java Threads: ( => current thread )
=>0x000001650df944a0 JavaThread "main" [_thread_in_vm, id=13264, stack(0x0000002b87d00000,0x0000002b87e00000)]
  0x0000016529013a60 JavaThread "Reference Handler" daemon [_thread_blocked, id=9576, stack(0x0000002b88000000,0x0000002b88100000)]
  0x00000165290146e0 JavaThread "Finalizer" daemon [_thread_blocked, id=1360, stack(0x0000002b88100000,0x0000002b88200000)]
  0x0000016523d6e790 JavaThread "Signal Dispatcher" daemon [_thread_blocked, id=2336, stack(0x0000002b88200000,0x0000002b88300000)]
  0x0000016529038680 JavaThread "Attach Listener" daemon [_thread_blocked, id=15364, stack(0x0000002b88300000,0x0000002b88400000)]
  0x0000016529038f40 JavaThread "Service Thread" daemon [_thread_blocked, id=15196, stack(0x0000002b88400000,0x0000002b88500000)]
  0x0000016529039800 JavaThread "Monitor Deflation Thread" daemon [_thread_blocked, id=17672, stack(0x0000002b88500000,0x0000002b88600000)]
  0x000001652903a0c0 JavaThread "C2 CompilerThread0" daemon [_thread_blocked, id=2276, stack(0x0000002b88600000,0x0000002b88700000)]
  0x00000165290a07d0 JavaThread "C1 CompilerThread0" daemon [_thread_blocked, id=7928, stack(0x0000002b88700000,0x0000002b88800000)]
  0x00000165290a1480 JavaThread "Sweeper thread" daemon [_thread_blocked, id=8924, stack(0x0000002b88800000,0x0000002b88900000)]
  0x0000016523bf1000 JavaThread "Common-Cleaner" daemon [_thread_blocked, id=19220, stack(0x0000002b88900000,0x0000002b88a00000)]
  0x0000016529350df0 JavaThread "Notification Thread" daemon [_thread_blocked, id=23548, stack(0x0000002b88a00000,0x0000002b88b00000)]

Other Threads:
  0x0000016529010c20 VMThread "VM Thread" [stack: 0x0000002b87f00000,0x0000002b88000000] [id=3080]
  0x0000016529354160 WatcherThread [stack: 0x0000002b88b00000,0x0000002b88c00000] [id=15328]
  0x000001650dfaa4d0 GCTaskThread "GC Thread#0" [stack: 0x0000002b87e00000,0x0000002b87f00000] [id=14520]

Threads with active compile tasks:

VM state: not at safepoint (normal execution)

VM Mutex/Monitor currently owned by a thread:  ([mutex/lock_event])
[0x000001650df8f9a0] Metaspace_lock - owner thread: 0x000001650df944a0

Heap address: 0x00000000c0000000, size: 1024 MB, Compressed Oops mode: 32-bit

CDS archive(s) not mapped
Compressed class space mapped at: 0x0000000100000000-0x0000000140000000, reserved size: 1073741824
Narrow klass base: 0x0000000000000000, Narrow klass shift: 3, Narrow klass range: 0x140000000

GC Precious Log:
 CPUs: 8 total, 8 available
 Memory: 8101M
 Large Page Support: Disabled
 NUMA Support: Disabled
 Compressed Oops: Enabled (32-bit)
 Alignments: Space 512K, Generation 512K, Heap 2M
 Heap Min Capacity: 100M
 Heap Initial Capacity: 100M
 Heap Max Capacity: 1G
 Pre-touch: Disabled
 Parallel Workers: 8

Heap:
 PSYoungGen      total 29696K, used 22791K [0x00000000eab00000, 0x00000000ecc00000, 0x0000000100000000)
  eden space 25600K, 89% used [0x00000000eab00000,0x00000000ec141eb8,0x00000000ec400000)
  from space 4096K, 0% used [0x00000000ec800000,0x00000000ec800000,0x00000000ecc00000)
  to   space 4096K, 0% used [0x00000000ec400000,0x00000000ec400000,0x00000000ec800000)
 ParOldGen       total 68608K, used 0K [0x00000000c0000000, 0x00000000c4300000, 0x00000000eab00000)
  object space 68608K, 0% used [0x00000000c0000000,0x00000000c0000000,0x00000000c4300000)
 Metaspace       used 10376K, committed 10496K, reserved 1114112K
  class space    used 1030K, committed 1088K, reserved 1048576K

Card table byte_map: [0x00000165215e0000,0x00000165217f0000] _byte_map_base: 0x0000016520fe0000

Marking Bits: (ParMarkBitMap*) 0x00007ffe8ffb52c0
 Begin Bits: [0x0000016521950000, 0x0000016522950000)
 End Bits:   [0x0000016522950000, 0x0000016523950000)

Polling page: 0x000001650e060000

Metaspace:

Usage:
  Non-class:      9.13 MB used.
      Class:      1.01 MB used.
       Both:     10.13 MB used.

Virtual space:
  Non-class space:       64.00 MB reserved,       9.19 MB ( 14%) committed,  1 nodes.
      Class space:        1.00 GB reserved,       1.06 MB ( <1%) committed,  1 nodes.
             Both:        1.06 GB reserved,      10.25 MB ( <1%) committed. 

Chunk freelists:
   Non-Class:  6.47 MB
       Class:  14.97 MB
        Both:  21.44 MB

MaxMetaspaceSize: unlimited
CompressedClassSpaceSize: 1.00 GB
Initial GC threshold: 21.00 MB
Current GC threshold: 21.00 MB
CDS: off
MetaspaceReclaimPolicy: balanced
 - commit_granule_bytes: 65536.
 - commit_granule_words: 8192.
 - virtual_space_node_default_size: 8388608.
 - enlarge_chunks_in_place: 1.
 - new_chunks_are_fully_committed: 0.
 - uncommit_free_chunks: 1.
 - use_allocation_guard: 0.
 - handle_deallocations: 1.


Internal statistics:

num_allocs_failed_limit: 0.
num_arena_births: 14.
num_arena_deaths: 0.
num_vsnodes_births: 2.
num_vsnodes_deaths: 0.
num_space_committed: 164.
num_space_uncommitted: 0.
num_chunks_returned_to_freelist: 0.
num_chunks_taken_from_freelist: 74.
num_chunk_merges: 0.
num_chunk_splits: 46.
num_chunks_enlarged: 35.
num_inconsistent_stats: 0.

CodeHeap 'non-profiled nmethods': size=120000Kb used=337Kb max_used=337Kb free=119662Kb
 bounds [0x0000016519ed0000, 0x000001651a140000, 0x0000016521400000]
CodeHeap 'profiled nmethods': size=120000Kb used=1399Kb max_used=1399Kb free=118600Kb
 bounds [0x0000016512400000, 0x0000016512670000, 0x0000016519930000]
CodeHeap 'non-nmethods': size=5760Kb used=1137Kb max_used=1164Kb free=4622Kb
 bounds [0x0000016519930000, 0x0000016519ba0000, 0x0000016519ed0000]
 total_blobs=1255 nmethods=826 adapters=344
 compilation: enabled
              stopped_count=0, restarted_count=0
 full_count=0

Compilation events (20 events):
Event: 2.552 Thread 0x00000165290a07d0  817       3       jdk.internal.loader.BuiltinClassLoader::loadClass (22 bytes)
Event: 2.552 Thread 0x00000165290a07d0 nmethod 817 0x0000016512557790 code [0x0000016512557940, 0x0000016512557bd8]
Event: 2.558 Thread 0x00000165290a07d0  818       3       java.util.jar.JarVerifier::update (43 bytes)
Event: 2.559 Thread 0x00000165290a07d0 nmethod 818 0x0000016512557d10 code [0x0000016512557ee0, 0x0000016512558228]
Event: 2.559 Thread 0x00000165290a07d0  819       3       java.util.jar.JarFile::maybeInstantiateVerifier (42 bytes)
Event: 2.559 Thread 0x00000165290a07d0 nmethod 819 0x0000016512558390 code [0x0000016512558560, 0x00000165125588f8]
Event: 2.559 Thread 0x00000165290a07d0  820  s    3       jdk.internal.perf.PerfCounter::add (18 bytes)
Event: 2.559 Thread 0x00000165290a07d0 nmethod 820 0x0000016512558a10 code [0x0000016512558be0, 0x0000016512558f98]
Event: 2.559 Thread 0x00000165290a07d0  822   !   3       java.util.zip.ZipFile$Source::getEntryPos (173 bytes)
Event: 2.561 Thread 0x000001652903a0c0  824       4       java.lang.String::<init> (15 bytes)
Event: 2.561 Thread 0x00000165290a07d0 nmethod 822 0x0000016512559190 code [0x0000016512559480, 0x000001651255a528]
Event: 2.562 Thread 0x00000165290a07d0  821  s    3       jdk.internal.perf.PerfCounter::get (9 bytes)
Event: 2.562 Thread 0x00000165290a07d0 nmethod 821 0x000001651255af90 code [0x000001651255b140, 0x000001651255b348]
Event: 2.562 Thread 0x00000165290a07d0  823   !   3       java.util.jar.JarFile::checkForSpecialAttributes (163 bytes)
Event: 2.562 Thread 0x000001652903a0c0 nmethod 824 0x0000016519f24410 code [0x0000016519f24580, 0x0000016519f24618]
Event: 2.564 Thread 0x00000165290a07d0 nmethod 823 0x000001651255b490 code [0x000001651255b7a0, 0x000001651255c8f8]
Event: 2.564 Thread 0x00000165290a07d0  825       3       java.lang.ref.WeakReference::<init> (7 bytes)
Event: 2.564 Thread 0x00000165290a07d0 nmethod 825 0x000001651255d110 code [0x000001651255d2c0, 0x000001651255d518]
Event: 2.565 Thread 0x00000165290a07d0  826   !   3       java.util.zip.ZipFile::getEntry (59 bytes)
Event: 2.566 Thread 0x00000165290a07d0 nmethod 826 0x000001651255d610 code [0x000001651255d800, 0x000001651255dc58]

GC Heap History (0 events):
No events

Dll operation events (8 events):
Event: 0.018 Loaded shared library c:\Users\tien dat\.vscode\extensions\redhat.java-1.21.0-win32-x64\jre\17.0.7-win32-x86_64\bin\java.dll
Event: 0.632 Loaded shared library c:\Users\tien dat\.vscode\extensions\redhat.java-1.21.0-win32-x64\jre\17.0.7-win32-x86_64\bin\zip.dll
Event: 0.641 Loaded shared library C:\Users\tien dat\.vscode\extensions\redhat.java-1.21.0-win32-x64\jre\17.0.7-win32-x86_64\bin\instrument.dll
Event: 0.674 Loaded shared library C:\Users\tien dat\.vscode\extensions\redhat.java-1.21.0-win32-x64\jre\17.0.7-win32-x86_64\bin\net.dll
Event: 0.684 Loaded shared library C:\Users\tien dat\.vscode\extensions\redhat.java-1.21.0-win32-x64\jre\17.0.7-win32-x86_64\bin\nio.dll
Event: 0.710 Loaded shared library C:\Users\tien dat\.vscode\extensions\redhat.java-1.21.0-win32-x64\jre\17.0.7-win32-x86_64\bin\zip.dll
Event: 0.768 Loaded shared library C:\Users\tien dat\.vscode\extensions\redhat.java-1.21.0-win32-x64\jre\17.0.7-win32-x86_64\bin\jimage.dll
Event: 0.899 Loaded shared library c:\Users\tien dat\.vscode\extensions\redhat.java-1.21.0-win32-x64\jre\17.0.7-win32-x86_64\bin\verify.dll

Deoptimization events (20 events):
Event: 2.404 Thread 0x000001650df944a0 Uncommon trap: trap_request=0xffffffde fr.pc=0x0000016519f0c0dc relative=0x0000000000000a9c
Event: 2.404 Thread 0x000001650df944a0 Uncommon trap: reason=class_check action=maybe_recompile pc=0x0000016519f0c0dc method=java.util.HashMap.putVal(ILjava/lang/Object;Ljava/lang/Object;ZZ)Ljava/lang/Object; @ 203 c2
Event: 2.404 Thread 0x000001650df944a0 DEOPT PACKING pc=0x0000016519f0c0dc sp=0x0000002b87dfda60
Event: 2.404 Thread 0x000001650df944a0 DEOPT UNPACKING pc=0x00000165199866a3 sp=0x0000002b87dfd988 mode 2
Event: 2.404 Thread 0x000001650df944a0 Uncommon trap: trap_request=0xffffffde fr.pc=0x0000016519f0c0dc relative=0x0000000000000a9c
Event: 2.404 Thread 0x000001650df944a0 Uncommon trap: reason=class_check action=maybe_recompile pc=0x0000016519f0c0dc method=java.util.HashMap.putVal(ILjava/lang/Object;Ljava/lang/Object;ZZ)Ljava/lang/Object; @ 203 c2
Event: 2.404 Thread 0x000001650df944a0 DEOPT PACKING pc=0x0000016519f0c0dc sp=0x0000002b87dfda60
Event: 2.404 Thread 0x000001650df944a0 DEOPT UNPACKING pc=0x00000165199866a3 sp=0x0000002b87dfd988 mode 2
Event: 2.474 Thread 0x000001650df944a0 Uncommon trap: trap_request=0xffffffde fr.pc=0x0000016519f0563c relative=0x000000000000055c
Event: 2.474 Thread 0x000001650df944a0 Uncommon trap: reason=class_check action=maybe_recompile pc=0x0000016519f0563c method=java.util.Collections$UnmodifiableCollection$1.<init>(Ljava/util/Collections$UnmodifiableCollection;)V @ 17 c2
Event: 2.474 Thread 0x000001650df944a0 DEOPT PACKING pc=0x0000016519f0563c sp=0x0000002b87dfe2e0
Event: 2.474 Thread 0x000001650df944a0 DEOPT UNPACKING pc=0x00000165199866a3 sp=0x0000002b87dfe228 mode 2
Event: 2.474 Thread 0x000001650df944a0 Uncommon trap: trap_request=0xffffffde fr.pc=0x0000016519efc8b4 relative=0x0000000000000214
Event: 2.474 Thread 0x000001650df944a0 Uncommon trap: reason=class_check action=maybe_recompile pc=0x0000016519efc8b4 method=java.util.Collections$UnmodifiableCollection$1.next()Ljava/lang/Object; @ 4 c2
Event: 2.474 Thread 0x000001650df944a0 DEOPT PACKING pc=0x0000016519efc8b4 sp=0x0000002b87dfe2f0
Event: 2.474 Thread 0x000001650df944a0 DEOPT UNPACKING pc=0x00000165199866a3 sp=0x0000002b87dfe2a0 mode 2
Event: 2.474 Thread 0x000001650df944a0 Uncommon trap: trap_request=0xffffffde fr.pc=0x0000016519efc8b4 relative=0x0000000000000214
Event: 2.474 Thread 0x000001650df944a0 Uncommon trap: reason=class_check action=maybe_recompile pc=0x0000016519efc8b4 method=java.util.Collections$UnmodifiableCollection$1.next()Ljava/lang/Object; @ 4 c2
Event: 2.474 Thread 0x000001650df944a0 DEOPT PACKING pc=0x0000016519efc8b4 sp=0x0000002b87dfe2f0
Event: 2.474 Thread 0x000001650df944a0 DEOPT UNPACKING pc=0x00000165199866a3 sp=0x0000002b87dfe2a0 mode 2

Classes unloaded (0 events):
No events

Classes redefined (0 events):
No events

Internal exceptions (12 events):
Event: 0.497 Thread 0x000001650df944a0 Exception <a 'java/lang/NoSuchMethodError'{0x00000000eacb2a10}: 'void java.lang.invoke.DirectMethodHandle$Holder.invokeStatic(java.lang.Object, java.lang.Object, java.lang.Object)'> (0x00000000eacb2a10) 
thrown [s\src\hotspot\share\interpreter\linkResolver.cpp, line 759]
Event: 0.964 Thread 0x000001650df944a0 Exception <a 'java/lang/reflect/InvocationTargetException'{0x00000000eaf87900}> (0x00000000eaf87900) 
thrown [s\src\hotspot\share\runtime\reflection.cpp, line 1121]
Event: 1.806 Thread 0x000001650df944a0 Exception <a 'java/lang/ClassNotFoundException'{0x00000000eb7b7720}: sun/net/www/protocol/c/Handler> (0x00000000eb7b7720) 
thrown [s\src\hotspot\share\classfile\systemDictionary.cpp, line 256]
Event: 1.814 Thread 0x000001650df944a0 Exception <a 'java/io/FileNotFoundException'{0x00000000eb7cb4d8}> (0x00000000eb7cb4d8) 
thrown [s\src\hotspot\share\prims\jni.cpp, line 516]
Event: 1.814 Thread 0x000001650df944a0 Exception <a 'java/io/FileNotFoundException'{0x00000000eb7cc200}> (0x00000000eb7cc200) 
thrown [s\src\hotspot\share\prims\jni.cpp, line 516]
Event: 1.815 Thread 0x000001650df944a0 Exception <a 'java/io/FileNotFoundException'{0x00000000eb7ccf08}> (0x00000000eb7ccf08) 
thrown [s\src\hotspot\share\prims\jni.cpp, line 516]
Event: 1.815 Thread 0x000001650df944a0 Exception <a 'java/io/FileNotFoundException'{0x00000000eb7cdc00}> (0x00000000eb7cdc00) 
thrown [s\src\hotspot\share\prims\jni.cpp, line 516]
Event: 1.845 Thread 0x000001650df944a0 Exception <a 'java/io/FileNotFoundException'{0x00000000eb808198}> (0x00000000eb808198) 
thrown [s\src\hotspot\share\prims\jni.cpp, line 516]
Event: 2.451 Thread 0x000001650df944a0 Exception <a 'java/lang/ClassNotFoundException'{0x00000000ec008948}: sun/net/www/protocol/c/Handler> (0x00000000ec008948) 
thrown [s\src\hotspot\share\classfile\systemDictionary.cpp, line 256]
Event: 2.452 Thread 0x000001650df944a0 Exception <a 'java/lang/ClassNotFoundException'{0x00000000ec009ca8}: sun/net/www/protocol/d/Handler> (0x00000000ec009ca8) 
thrown [s\src\hotspot\share\classfile\systemDictionary.cpp, line 256]
Event: 2.453 Thread 0x000001650df944a0 Exception <a 'java/lang/ClassNotFoundException'{0x00000000ec00ae48}: sun/net/www/protocol/c/Handler> (0x00000000ec00ae48) 
thrown [s\src\hotspot\share\classfile\systemDictionary.cpp, line 256]
Event: 2.474 Thread 0x000001650df944a0 Exception <a 'java/io/FileNotFoundException'{0x00000000ec029df0}> (0x00000000ec029df0) 
thrown [s\src\hotspot\share\prims\jni.cpp, line 516]

VM Operations (10 events):
Event: 0.510 Executing VM operation: HandshakeAllThreads
Event: 0.510 Executing VM operation: HandshakeAllThreads done
Event: 0.812 Executing VM operation: HandshakeAllThreads
Event: 0.812 Executing VM operation: HandshakeAllThreads done
Event: 1.742 Executing VM operation: HandshakeAllThreads
Event: 1.742 Executing VM operation: HandshakeAllThreads done
Event: 1.742 Executing VM operation: Cleanup
Event: 1.742 Executing VM operation: Cleanup done
Event: 1.797 Executing VM operation: HandshakeAllThreads
Event: 1.797 Executing VM operation: HandshakeAllThreads done

Events (20 events):
Event: 2.427 loading class java/util/concurrent/atomic/AtomicBoolean done
Event: 2.427 loading class java/lang/invoke/VarHandleInts$FieldInstanceReadWrite
Event: 2.428 loading class java/lang/invoke/VarHandleInts$FieldInstanceReadOnly
Event: 2.428 loading class java/lang/invoke/VarHandleInts$FieldInstanceReadOnly done
Event: 2.428 loading class java/lang/invoke/VarHandleInts$FieldInstanceReadWrite done
Event: 2.466 loading class java/nio/file/FileVisitor
Event: 2.467 loading class java/nio/file/FileVisitor done
Event: 2.551 loading class java/io/StringWriter
Event: 2.552 loading class java/io/StringWriter done
Event: 2.575 loading class java/util/concurrent/locks/ReentrantReadWriteLock
Event: 2.575 loading class java/util/concurrent/locks/ReadWriteLock
Event: 2.575 loading class java/util/concurrent/locks/ReadWriteLock done
Event: 2.576 loading class java/util/concurrent/locks/ReentrantReadWriteLock done
Event: 2.576 loading class java/util/concurrent/locks/ReentrantReadWriteLock$NonfairSync
Event: 2.576 loading class java/util/concurrent/locks/ReentrantReadWriteLock$Sync
Event: 2.576 loading class java/util/concurrent/locks/ReentrantReadWriteLock$Sync done
Event: 2.576 loading class java/util/concurrent/locks/ReentrantReadWriteLock$NonfairSync done
Event: 2.576 loading class java/util/concurrent/locks/ReentrantReadWriteLock$Sync$ThreadLocalHoldCounter
Event: 2.576 loading class java/util/concurrent/locks/ReentrantReadWriteLock$Sync$ThreadLocalHoldCounter done
Event: 2.576 loading class java/util/concurrent/locks/ReentrantReadWriteLock$ReadLock


Dynamic libraries:
0x00007ff724560000 - 0x00007ff72456e000 	c:\Users\tien dat\.vscode\extensions\redhat.java-1.21.0-win32-x64\jre\17.0.7-win32-x86_64\bin\java.exe
0x00007fff02640000 - 0x00007fff02849000 	C:\WINDOWS\SYSTEM32\ntdll.dll
0x00007fff02170000 - 0x00007fff0222e000 	C:\WINDOWS\System32\KERNEL32.DLL
0x00007ffeffea0000 - 0x00007fff00224000 	C:\WINDOWS\System32\KERNELBASE.dll
0x00007fff00370000 - 0x00007fff00481000 	C:\WINDOWS\System32\ucrtbase.dll
0x00007ffeee880000 - 0x00007ffeee897000 	c:\Users\tien dat\.vscode\extensions\redhat.java-1.21.0-win32-x64\jre\17.0.7-win32-x86_64\bin\jli.dll
0x00007fff00490000 - 0x00007fff0063d000 	C:\WINDOWS\System32\USER32.dll
0x00007ffeffe00000 - 0x00007ffeffe26000 	C:\WINDOWS\System32\win32u.dll
0x00007fff00720000 - 0x00007fff0074a000 	C:\WINDOWS\System32\GDI32.dll
0x00007ffeffad0000 - 0x00007ffeffbef000 	C:\WINDOWS\System32\gdi32full.dll
0x00007ffeffd60000 - 0x00007ffeffdfd000 	C:\WINDOWS\System32\msvcp_win.dll
0x00007ffeee5f0000 - 0x00007ffeee609000 	c:\Users\tien dat\.vscode\extensions\redhat.java-1.21.0-win32-x64\jre\17.0.7-win32-x86_64\bin\VCRUNTIME140.dll
0x00007ffee0400000 - 0x00007ffee06a5000 	C:\WINDOWS\WinSxS\amd64_microsoft.windows.common-controls_6595b64144ccf1df_6.0.22000.120_none_9d947278b86cc467\COMCTL32.dll
0x00007fff02310000 - 0x00007fff023b3000 	C:\WINDOWS\System32\msvcrt.dll
0x00007fff01270000 - 0x00007fff012a1000 	C:\WINDOWS\System32\IMM32.DLL
0x00007ffefcaa0000 - 0x00007ffefcaac000 	c:\Users\tien dat\.vscode\extensions\redhat.java-1.21.0-win32-x64\jre\17.0.7-win32-x86_64\bin\vcruntime140_1.dll
0x00007ffecbda0000 - 0x00007ffecbe31000 	c:\Users\tien dat\.vscode\extensions\redhat.java-1.21.0-win32-x64\jre\17.0.7-win32-x86_64\bin\msvcp140.dll
0x00007ffe8f430000 - 0x00007ffe90078000 	c:\Users\tien dat\.vscode\extensions\redhat.java-1.21.0-win32-x64\jre\17.0.7-win32-x86_64\bin\server\jvm.dll
0x00007fff023c0000 - 0x00007fff0246f000 	C:\WINDOWS\System32\ADVAPI32.dll
0x00007fff01630000 - 0x00007fff016ce000 	C:\WINDOWS\System32\sechost.dll
0x00007fff016d0000 - 0x00007fff017f1000 	C:\WINDOWS\System32\RPCRT4.dll
0x00007ffefa170000 - 0x00007ffefa1a3000 	C:\WINDOWS\SYSTEM32\WINMM.dll
0x00007ffef71a0000 - 0x00007ffef71aa000 	C:\WINDOWS\SYSTEM32\VERSION.dll
0x00007ffee9440000 - 0x00007ffee9449000 	C:\WINDOWS\SYSTEM32\WSOCK32.dll
0x00007fff00f50000 - 0x00007fff00fbf000 	C:\WINDOWS\System32\WS2_32.dll
0x00007ffefeb00000 - 0x00007ffefeb18000 	C:\WINDOWS\SYSTEM32\kernel.appcore.dll
0x00007ffeef030000 - 0x00007ffeef03a000 	c:\Users\tien dat\.vscode\extensions\redhat.java-1.21.0-win32-x64\jre\17.0.7-win32-x86_64\bin\jimage.dll
0x00007ffefd540000 - 0x00007ffefd761000 	C:\WINDOWS\SYSTEM32\DBGHELP.DLL
0x00007ffeee5b0000 - 0x00007ffeee5e1000 	C:\WINDOWS\SYSTEM32\dbgcore.DLL
0x00007fff002f0000 - 0x00007fff0036f000 	C:\WINDOWS\System32\bcryptPrimitives.dll
0x00007ffeee840000 - 0x00007ffeee84e000 	c:\Users\tien dat\.vscode\extensions\redhat.java-1.21.0-win32-x64\jre\17.0.7-win32-x86_64\bin\instrument.dll
0x00007ffee0360000 - 0x00007ffee0385000 	c:\Users\tien dat\.vscode\extensions\redhat.java-1.21.0-win32-x64\jre\17.0.7-win32-x86_64\bin\java.dll
0x00007ffeee180000 - 0x00007ffeee198000 	c:\Users\tien dat\.vscode\extensions\redhat.java-1.21.0-win32-x64\jre\17.0.7-win32-x86_64\bin\zip.dll
0x00007fff019a0000 - 0x00007fff02165000 	C:\WINDOWS\System32\SHELL32.dll
0x00007ffefdb30000 - 0x00007ffefe392000 	C:\WINDOWS\SYSTEM32\windows.storage.dll
0x00007fff00750000 - 0x00007fff00ac6000 	C:\WINDOWS\System32\combase.dll
0x00007ffefd9c0000 - 0x00007ffefdb27000 	C:\WINDOWS\SYSTEM32\wintypes.dll
0x00007fff018b0000 - 0x00007fff0199a000 	C:\WINDOWS\System32\SHCORE.dll
0x00007fff022a0000 - 0x00007fff022fd000 	C:\WINDOWS\System32\shlwapi.dll
0x00007ffeffa00000 - 0x00007ffeffa25000 	C:\WINDOWS\SYSTEM32\profapi.dll
0x00007ffeee050000 - 0x00007ffeee069000 	C:\Users\tien dat\.vscode\extensions\redhat.java-1.21.0-win32-x64\jre\17.0.7-win32-x86_64\bin\net.dll
0x00007ffef9a90000 - 0x00007ffef9ba4000 	C:\WINDOWS\SYSTEM32\WINHTTP.dll
0x00007ffefefa0000 - 0x00007ffeff007000 	C:\WINDOWS\system32\mswsock.dll
0x00007ffee2260000 - 0x00007ffee2275000 	C:\Users\tien dat\.vscode\extensions\redhat.java-1.21.0-win32-x64\jre\17.0.7-win32-x86_64\bin\nio.dll
0x00007ffee49d0000 - 0x00007ffee49e0000 	c:\Users\tien dat\.vscode\extensions\redhat.java-1.21.0-win32-x64\jre\17.0.7-win32-x86_64\bin\verify.dll

dbghelp: loaded successfully - version: 4.0.5 - missing functions: none
symbol engine: initialized successfully - sym options: 0x614 - pdb path: .;c:\Users\tien dat\.vscode\extensions\redhat.java-1.21.0-win32-x64\jre\17.0.7-win32-x86_64\bin;C:\WINDOWS\SYSTEM32;C:\WINDOWS\WinSxS\amd64_microsoft.windows.common-controls_6595b64144ccf1df_6.0.22000.120_none_9d947278b86cc467;c:\Users\tien dat\.vscode\extensions\redhat.java-1.21.0-win32-x64\jre\17.0.7-win32-x86_64\bin\server

VM Arguments:
jvm_args: --add-modules=ALL-SYSTEM --add-opens=java.base/java.util=ALL-UNNAMED --add-opens=java.base/java.lang=ALL-UNNAMED --add-opens=java.base/sun.nio.fs=ALL-UNNAMED -Declipse.application=org.eclipse.jdt.ls.core.id1 -Dosgi.bundles.defaultStartLevel=4 -Declipse.product=org.eclipse.jdt.ls.core.product -Djava.import.generatesMetadataFilesAtProjectRoot=false -Dfile.encoding=utf8 -Xlog:disable -XX:+UseParallelGC -XX:GCTimeRatio=4 -XX:AdaptiveSizePolicyWeight=90 -Dsun.zip.disableMemoryMapping=true -Xmx1G -Xms100m -javaagent:c:\Users\tien dat\.vscode\extensions\redhat.java-1.21.0-win32-x64\lombok\lombok-1.18.28.jar 
java_command: c:\Users\tien dat\.vscode\extensions\redhat.java-1.21.0-win32-x64\server\plugins\org.eclipse.equinox.launcher_1.6.500.v20230717-2134.jar -configuration c:\Users\tien dat\AppData\Roaming\Code\User\globalStorage\redhat.java\1.21.0\config_ss_win -data c:\Users\tien dat\AppData\Roaming\Code\User\workspaceStorage\8a9a9e4e1b2a9f5fd57950f91fd8423f\redhat.java\ss_ws
java_class_path (initial): c:\Users\tien dat\.vscode\extensions\redhat.java-1.21.0-win32-x64\server\plugins\org.eclipse.equinox.launcher_1.6.500.v20230717-2134.jar
Launcher Type: SUN_STANDARD

[Global flags]
    uintx AdaptiveSizePolicyWeight                 = 90                                        {product} {command line}
     intx CICompilerCount                          = 4                                         {product} {ergonomic}
    uintx GCTimeRatio                              = 4                                         {product} {command line}
   size_t InitialHeapSize                          = 104857600                                 {product} {command line}
   size_t MaxHeapSize                              = 1073741824                                {product} {command line}
   size_t MaxNewSize                               = 357564416                                 {product} {ergonomic}
   size_t MinHeapDeltaBytes                        = 524288                                    {product} {ergonomic}
   size_t MinHeapSize                              = 104857600                                 {product} {command line}
   size_t NewSize                                  = 34603008                                  {product} {ergonomic}
    uintx NonNMethodCodeHeapSize                   = 5839372                                {pd product} {ergonomic}
    uintx NonProfiledCodeHeapSize                  = 122909434                              {pd product} {ergonomic}
   size_t OldSize                                  = 70254592                                  {product} {ergonomic}
    uintx ProfiledCodeHeapSize                     = 122909434                              {pd product} {ergonomic}
    uintx ReservedCodeCacheSize                    = 251658240                              {pd product} {ergonomic}
     bool SegmentedCodeCache                       = true                                      {product} {ergonomic}
   size_t SoftMaxHeapSize                          = 1073741824                             {manageable} {ergonomic}
     bool UseCompressedClassPointers               = true                           {product lp64_product} {ergonomic}
     bool UseCompressedOops                        = true                           {product lp64_product} {ergonomic}
     bool UseLargePagesIndividualAllocation        = false                                  {pd product} {ergonomic}
     bool UseParallelGC                            = true                                      {product} {command line}

Logging:
Log output configuration:
 #0: stdout all=off uptime,level,tags
 #1: stderr all=off uptime,level,tags

Environment Variables:
JAVA_HOME=C:\Program Files\Java\jdk-11
PATH=C:\Program Files\Common Files\Oracle\Java\javapath;D:\u01\app\oracle\product\21c\db_home\bin;C:\Program Files (x86)\Common Files\Intel\Shared Libraries\redist\intel64\compiler;C:\Python310\Scripts\;C:\Python310\;C:\Program Files (x86)\Common Files\Oracle\Java\javapath;C:\WINDOWS\system32;C:\WINDOWS;C:\WINDOWS\System32\Wbem;C:\WINDOWS\System32\WindowsPowerShell\v1.0\;C:\WINDOWS\System32\OpenSSH\;C:\Program Files (x86)\Common Files\Acronis\SnapAPI\;C:\Program Files\dotnet\;C:\TDM-GCC-64\x86_64-w64-mingw32\include;C:\Program Files\Microsoft SQL Server\Client SDK\ODBC\170\Tools\Binn\;C:\Program Files (x86)\Microsoft SQL Server\150\Tools\Binn\;C:\Program Files\Microsoft SQL Server\150\Tools\Binn\;C:\Program Files\Microsoft SQL Server\150\DTS\Binn\;C:\Program Files (x86)\Microsoft SQL Server\150\DTS\Binn\;C:\Program Files\Azure Data Studio\bin;C:\Program Files\Microsoft SQL Server\130\Tools\Binn\;C:\WINDOWS\system32;C:\WINDOWS;C:\WINDOWS\System32\Wbem;C:\WINDOWS\System32\WindowsPowerShell\v1.0\;C:\WINDOWS\System32\OpenSSH\;C:\Program Files\Git\cmd;C:\Program Files\nodejs\;C:\ProgramData\chocolatey\bin;C:\Program Files\Docker\Docker\resources\bin;C:\Program Files\MongoDB\Server\6.0\bin\;C:\Program Files\MongoDB\Tools\100\bin\;C:\Program Files\JetBrains\IntelliJ IDEA 2021.1.3\plugins\maven\lib\maven3\bin;D:\Program Files\Redis;C:\Program Files\Java\jdk-11\bin;C:\Program Files\CMake;D:\Program Files\Android\SDK\platform-tools;C:\Users\tien dat\AppData\Local\Programs\Python\Python38\Scripts\;C:\Users\tien dat\AppData\Local\Programs\Python\Python38\;C:\Users\tien dat\AppData\Local\Microsoft\WindowsApps;C:\Users\tien dat\AppData\Local\Programs\Microsoft VS Code\bin;C:\TDM-GCC-64\bin;C:\Users\tien dat\AppData\Local\GitHubDesktop\bin;C:\Program Files\Azure Data Studio\bin;C:\Users\tien dat\AppData\Local\Microsoft\WindowsApps;C:\Users\tien dat\.dotnet\tools;C:\Users\tien dat\AppData\Roaming\npm;C:\Program Files\MongoDB\Server\6.0\bin\;C:\Program Files\JetBrains\IntelliJ IDEA 202
USERNAME=dat do
OS=Windows_NT
PROCESSOR_IDENTIFIER=Intel64 Family 6 Model 142 Stepping 10, GenuineIntel
TMP=C:\Temp
TEMP=C:\Temp



---------------  S Y S T E M  ---------------

OS:
 Windows 11 , 64 bit Build 22000 (10.0.22000.2124)
OS uptime: 4 days 0:18 hours
Hyper-V role detected

CPU: total 8 (initial active 8) (4 cores per cpu, 2 threads per core) family 6 model 142 stepping 10 microcode 0xe0, cx8, cmov, fxsr, ht, mmx, 3dnowpref, sse, sse2, sse3, ssse3, sse4.1, sse4.2, popcnt, lzcnt, tsc, tscinvbit, avx, avx2, aes, erms, clmul, bmi1, bmi2, adx, fma, vzeroupper, clflush, clflushopt, hv

Memory: 4k page, system-wide physical 8101M (320M free)
TotalPageFile size 24418M (AvailPageFile size 39M)
current process WorkingSet (physical memory assigned to process): 67M, peak: 67M
current process commit charge ("private bytes"): 197M, peak: 197M

vm_info: OpenJDK 64-Bit Server VM (17.0.7+7) for windows-amd64 JRE (17.0.7+7), built on Apr 18 2023 22:10:42 by "temurin" with MS VC++ 16.7 (VS2019)

END.
