#
# There is insufficient memory for the Java Runtime Environment to continue.
# Native memory allocation (mmap) failed to map 134217728 bytes for Failed to commit area from 0x0000000081600000 to 0x0000000089600000 of length 134217728.
# Possible reasons:
#   The system is out of physical RAM or swap space
#   The process is running with CompressedOops enabled, and the Java Heap may be blocking the growth of the native heap
# Possible solutions:
#   Reduce memory load on the system
#   Increase physical memory or swap space
#   Check if swap backing store is full
#   Decrease Java heap size (-Xmx/-Xms)
#   Decrease number of Java threads
#   Decrease Java thread stack sizes (-Xss)
#   Set larger code cache with -XX:ReservedCodeCacheSize=
# This output file may be truncated or incomplete.
#
#  Out of Memory Error (./open/src/hotspot/os/windows/os_windows.cpp:3292), pid=15556, tid=22648
#
# JRE version:  (11.0.19+9) (build )
# Java VM: Java HotSpot(TM) 64-Bit Server VM (11.0.19+9-LTS-224, mixed mode, sharing, tiered, compressed oops, g1 gc, windows-amd64)
# No core dump will be written. Minidumps are not enabled by default on client versions of Windows
#

---------------  S U M M A R Y ------------

Command Line: org.jetbrains.kotlin.cli.jvm.K2JVMCompiler @D:\code\App_Agency_2023_ReactNative\old\st40\node_modules\react-native-webview\android\build\20230911_9933453352915869955.compiler.options

Host: Intel(R) Core(TM) i7-8550U CPU @ 1.80GHz, 8 cores, 7G,  Windows 11 , 64 bit Build 22000 (10.0.22000.2124)
Time: Mon Sep 11 13:41:10 2023 SE Asia Standard Time elapsed time: 0.017463 seconds (0d 0h 0m 0s)

---------------  T H R E A D  ---------------

Current thread (0x000001b0fb3e8000):  JavaThread "Unknown thread" [_thread_in_vm, id=22648, stack(0x000000aefd300000,0x000000aefd400000)]

Stack: [0x000000aefd300000,0x000000aefd400000]
Native frames: (J=compiled Java code, j=interpreted, Vv=VM code, C=native code)
V  [jvm.dll+0x65fe1a]
V  [jvm.dll+0x7a2bbf]
V  [jvm.dll+0x7a4289]
V  [jvm.dll+0x7a4923]
V  [jvm.dll+0x258a25]
V  [jvm.dll+0x65d179]
V  [jvm.dll+0x651e55]
V  [jvm.dll+0x31302d]
V  [jvm.dll+0x312e92]
V  [jvm.dll+0x317ac6]
V  [jvm.dll+0x35fbc0]
V  [jvm.dll+0x35f632]
V  [jvm.dll+0x2ee6b8]
V  [jvm.dll+0x2ef7c5]
V  [jvm.dll+0x77bc17]
V  [jvm.dll+0x77d4ff]
V  [jvm.dll+0x36ce69]
V  [jvm.dll+0x76070f]
V  [jvm.dll+0x3defe7]
V  [jvm.dll+0x3e1091]
C  [jli.dll+0x52e7]
C  [ucrtbase.dll+0x26c0c]
C  [KERNEL32.DLL+0x155a0]
C  [ntdll.dll+0x485b]


---------------  P R O C E S S  ---------------

Threads class SMR info:
_java_thread_list=0x000001b0f91da7c0, length=0, elements={
}

Java Threads: ( => current thread )

Other Threads:
  0x000001b0fb3fc000 GCTaskThread "GC Thread#0" [stack: 0x000000aefd400000,0x000000aefd500000] [id=18812]
  0x000001b0fb42f000 ConcurrentGCThread "G1 Main Marker" [stack: 0x000000aefd500000,0x000000aefd600000] [id=13024]
  0x000001b0fb431000 ConcurrentGCThread "G1 Conc#0" [stack: 0x000000aefd600000,0x000000aefd700000] [id=14216]

[error occurred during error reporting (printing all threads), id 0xc0000005, EXCEPTION_ACCESS_VIOLATION (0xc0000005) at pc=0x00007ffeaf7bf177]

VM state:not at safepoint (not fully initialized)

VM Mutex/Monitor currently owned by a thread:  ([mutex/lock_event])
[0x000001b0fb3e3d30] Heap_lock - owner thread: 0x000001b0fb3e8000

Heap address: 0x0000000081600000, size: 2026 MB, Compressed Oops mode: Non-zero based: 0x0000000081600000
Narrow klass base: 0x0000000000000000, Narrow klass shift: 0

GC Heap History (0 events):
No events

Deoptimization events (0 events):
No events

Classes redefined (0 events):
No events

Internal exceptions (0 events):
No events

Events (0 events):
No events


Dynamic libraries:
0x00007ff6b9f00000 - 0x00007ff6b9f10000 	C:\Program Files\Java\jdk-11\bin\java.exe
0x00007fff02640000 - 0x00007fff02849000 	C:\WINDOWS\SYSTEM32\ntdll.dll
0x00007fff02170000 - 0x00007fff0222e000 	C:\WINDOWS\System32\KERNEL32.DLL
0x00007ffeffea0000 - 0x00007fff00224000 	C:\WINDOWS\System32\KERNELBASE.dll
0x00007fff00370000 - 0x00007fff00481000 	C:\WINDOWS\System32\ucrtbase.dll
0x00007ffefaa10000 - 0x00007ffefaa29000 	C:\Program Files\Java\jdk-11\bin\jli.dll
0x00007fff023c0000 - 0x00007fff0246f000 	C:\WINDOWS\System32\ADVAPI32.dll
0x00007fff02310000 - 0x00007fff023b3000 	C:\WINDOWS\System32\msvcrt.dll
0x00007fff01630000 - 0x00007fff016ce000 	C:\WINDOWS\System32\sechost.dll
0x00007fff016d0000 - 0x00007fff017f1000 	C:\WINDOWS\System32\RPCRT4.dll
0x00007fff00490000 - 0x00007fff0063d000 	C:\WINDOWS\System32\USER32.dll
0x00007ffeffe00000 - 0x00007ffeffe26000 	C:\WINDOWS\System32\win32u.dll
0x00007fff00720000 - 0x00007fff0074a000 	C:\WINDOWS\System32\GDI32.dll
0x00007ffeffad0000 - 0x00007ffeffbef000 	C:\WINDOWS\System32\gdi32full.dll
0x00007ffeffd60000 - 0x00007ffeffdfd000 	C:\WINDOWS\System32\msvcp_win.dll
0x00007ffefc2f0000 - 0x00007ffefc30b000 	C:\Program Files\Java\jdk-11\bin\VCRUNTIME140.dll
0x00007ffee0400000 - 0x00007ffee06a5000 	C:\WINDOWS\WinSxS\amd64_microsoft.windows.common-controls_6595b64144ccf1df_6.0.22000.120_none_9d947278b86cc467\COMCTL32.dll
0x00007ffef71a0000 - 0x00007ffef71aa000 	C:\WINDOWS\SYSTEM32\VERSION.dll
0x00007fff01270000 - 0x00007fff012a1000 	C:\WINDOWS\System32\IMM32.DLL
0x00007ffefc2e0000 - 0x00007ffefc2ec000 	C:\Program Files\Java\jdk-11\bin\vcruntime140_1.dll
0x00007ffeee160000 - 0x00007ffeee1ee000 	C:\Program Files\Java\jdk-11\bin\msvcp140.dll
0x00007ffeaf4c0000 - 0x00007ffeb002c000 	C:\Program Files\Java\jdk-11\bin\server\jvm.dll
0x00007fff01470000 - 0x00007fff01478000 	C:\WINDOWS\System32\PSAPI.DLL
0x00007ffee9440000 - 0x00007ffee9449000 	C:\WINDOWS\SYSTEM32\WSOCK32.dll
0x00007fff00f50000 - 0x00007fff00fbf000 	C:\WINDOWS\System32\WS2_32.dll
0x00007ffefa170000 - 0x00007ffefa1a3000 	C:\WINDOWS\SYSTEM32\WINMM.dll
0x00007ffefeb00000 - 0x00007ffefeb18000 	C:\WINDOWS\SYSTEM32\kernel.appcore.dll
0x00007ffefc290000 - 0x00007ffefc2a0000 	C:\Program Files\Java\jdk-11\bin\verify.dll
0x00007ffefd540000 - 0x00007ffefd761000 	C:\WINDOWS\SYSTEM32\DBGHELP.DLL
0x00007ffeee5b0000 - 0x00007ffeee5e1000 	C:\WINDOWS\SYSTEM32\dbgcore.DLL
0x00007fff002f0000 - 0x00007fff0036f000 	C:\WINDOWS\System32\bcryptPrimitives.dll
0x00007ffefa4e0000 - 0x00007ffefa508000 	C:\Program Files\Java\jdk-11\bin\java.dll
0x00007ffefa7f0000 - 0x00007ffefa7fa000 	C:\Program Files\Java\jdk-11\bin\jimage.dll
0x00007ffeee8d0000 - 0x00007ffeee8e7000 	C:\Program Files\Java\jdk-11\bin\zip.dll

dbghelp: loaded successfully - version: 4.0.5 - missing functions: none
symbol engine: initialized successfully - sym options: 0x614 - pdb path: .;C:\Program Files\Java\jdk-11\bin;C:\WINDOWS\SYSTEM32;C:\WINDOWS\WinSxS\amd64_microsoft.windows.common-controls_6595b64144ccf1df_6.0.22000.120_none_9d947278b86cc467;C:\Program Files\Java\jdk-11\bin\server

VM Arguments:
java_command: org.jetbrains.kotlin.cli.jvm.K2JVMCompiler @D:\code\App_Agency_2023_ReactNative\old\st40\node_modules\react-native-webview\android\build\20230911_9933453352915869955.compiler.options
java_class_path (initial): C:\Users\tien dat\.gradle\caches\modules-2\files-2.1\org.jetbrains.kotlin\kotlin-compiler-embeddable\1.6.0\aa8da3bedc53c89219b84a0b40c7419431a13e76\kotlin-compiler-embeddable-1.6.0.jar;C:\Users\tien dat\.gradle\caches\modules-2\files-2.1\org.jetbrains.kotlin\kotlin-reflect\1.6.0\a215a7f914d5916dc5fd2d45cea16524e0220203\kotlin-reflect-1.6.0.jar;C:\Users\tien dat\.gradle\caches\modules-2\files-2.1\org.jetbrains.kotlin\kotlin-stdlib\1.6.0\a40b8b22529b733892edf4b73468ce598bb17f04\kotlin-stdlib-1.6.0.jar;C:\Users\tien dat\.gradle\caches\modules-2\files-2.1\org.jetbrains.kotlin\kotlin-script-runtime\1.6.0\55f72526ddcff6fc77d72cdf949c7e3d9bd95620\kotlin-script-runtime-1.6.0.jar;C:\Users\tien dat\.gradle\caches\modules-2\files-2.1\org.jetbrains.kotlin\kotlin-daemon-embeddable\1.6.0\d6242b37f4ce6b637d10847c7558446272ec8432\kotlin-daemon-embeddable-1.6.0.jar;C:\Users\tien dat\.gradle\caches\modules-2\files-2.1\org.jetbrains.intellij.deps\trove4j\1.0.20181211\216c2e14b070f334479d800987affe4054cd563f\trove4j-1.0.20181211.jar;C:\Users\tien dat\.gradle\caches\modules-2\files-2.1\net.java.dev.jna\jna\5.6.0\330f2244e9030119ab3030fc3fededc86713d9cc\jna-5.6.0.jar;C:\Users\tien dat\.gradle\caches\modules-2\files-2.1\org.jetbrains\annotations\13.0\919f0dfe192fb4e063e7dacadee7f8bb9a2672a9\annotations-13.0.jar;C:\Users\tien dat\.gradle\caches\modules-2\files-2.1\org.jetbrains.kotlin\kotlin-stdlib-common\1.6.0\7857e365f925cfa060f941c1357cda1f8790502c\kotlin-stdlib-common-1.6.0.jar
Launcher Type: SUN_STANDARD

[Global flags]
     intx CICompilerCount                          = 4                                         {product} {ergonomic}
     uint ConcGCThreads                            = 2                                         {product} {ergonomic}
     uint G1ConcRefinementThreads                  = 8                                         {product} {ergonomic}
   size_t G1HeapRegionSize                         = 1048576                                   {product} {ergonomic}
    uintx GCDrainStackTargetSize                   = 64                                        {product} {ergonomic}
   size_t InitialHeapSize                          = 134217728                                 {product} {ergonomic}
   size_t MarkStackSize                            = 4194304                                   {product} {ergonomic}
   size_t MaxHeapSize                              = 2124414976                                {product} {ergonomic}
   size_t MinHeapDeltaBytes                        = 1048576                                   {product} {ergonomic}
    uintx NonNMethodCodeHeapSize                   = 5836300                                {pd product} {ergonomic}
    uintx NonProfiledCodeHeapSize                  = 122910970                              {pd product} {ergonomic}
    uintx ProfiledCodeHeapSize                     = 122910970                              {pd product} {ergonomic}
    uintx ReservedCodeCacheSize                    = 251658240                              {pd product} {ergonomic}
     bool SegmentedCodeCache                       = true                                      {product} {ergonomic}
     bool UseCompressedClassPointers               = true                                 {lp64_product} {ergonomic}
     bool UseCompressedOops                        = true                                 {lp64_product} {ergonomic}
     bool UseG1GC                                  = true                                      {product} {ergonomic}
     bool UseLargePagesIndividualAllocation        = false                                  {pd product} {ergonomic}

Logging:
Log output configuration:
 #0: stdout all=warning uptime,level,tags
 #1: stderr all=off uptime,level,tags

Environment Variables:
JAVA_HOME=C:\Program Files\Java\jdk-11
CLASSPATH=D:\code\App_Agency_2023_ReactNative\old\st40\android\\gradle\wrapper\gradle-wrapper.jar
PATH=D:\code\App_Agency_2023_ReactNative\old\st40\android\node_modules\.bin;D:\code\App_Agency_2023_ReactNative\old\st40\node_modules\.bin;D:\code\App_Agency_2023_ReactNative\old\node_modules\.bin;D:\code\App_Agency_2023_ReactNative\node_modules\.bin;D:\code\node_modules\.bin;D:\node_modules\.bin;C:\Program Files\nodejs;D:\code\App_Agency_2023_ReactNative\old\st40\node_modules\.bin;D:\code\App_Agency_2023_ReactNative\old\node_modules\.bin;D:\code\App_Agency_2023_ReactNative\node_modules\.bin;D:\code\node_modules\.bin;D:\node_modules\.bin;C:\Users\tien dat\AppData\Roaming\npm\node_modules\npm\node_modules\@npmcli\run-script\lib\node-gyp-bin;D:\code\App_Agency_2023_ReactNative\old\st40\node_modules\.bin;D:\code\App_Agency_2023_ReactNative\old\st40\node_modules\.bin;D:\code\App_Agency_2023_ReactNative\old\node_modules\.bin;D:\code\App_Agency_2023_ReactNative\node_modules\.bin;D:\code\node_modules\.bin;D:\node_modules\.bin;C:\Program Files\nodejs;D:\code\App_Agency_2023_ReactNative\old\st40\node_modules\.bin;D:\code\App_Agency_2023_ReactNative\old\node_modules\.bin;D:\code\App_Agency_2023_ReactNative\node_modules\.bin;D:\code\node_modules\.bin;D:\node_modules\.bin;C:\Users\tien dat\AppData\Roaming\npm\node_modules\npm\node_modules\@npmcli\run-script\lib\node-gyp-bin;D:\code\App_Agency_2023_ReactNative\old\st40\node_modules\.bin;C:\Program Files\Common Files\Oracle\Java\javapath;D:\u01\app\oracle\product\21c\db_home\bin;C:\Program Files (x86)\Common Files\Intel\Shared Libraries\redist\intel64\compiler;C:\Python310\Scripts\;C:\Python310\;C:\Program Files (x86)\Common Files\Oracle\Java\javapath;C:\WINDOWS\system32;C:\WINDOWS;C:\WINDOWS\System32\Wbem;C:\WINDOWS\System32\WindowsPowerShell\v1.0\;C:\WINDOWS\System32\OpenSSH\;C:\Program Files (x86)\Common Files\Acronis\SnapAPI\;C:\Program Files\dotnet\;C:\TDM-GCC-64\x86_64-w64-mingw32\include;C:\Program Files\Microsoft SQL Server\Client SDK\ODBC\170\Tools\Binn\;C:\Program Files (x86)\Microsoft SQL Server\150\Tools\Binn\;C:\Program
USERNAME=dat do
OS=Windows_NT
PROCESSOR_IDENTIFIER=Intel64 Family 6 Model 142 Stepping 10, GenuineIntel



---------------  S Y S T E M  ---------------

OS: Windows 11 , 64 bit Build 22000 (10.0.22000.2124)
Hyper-V role detected

CPU:total 8 (initial active 8) (4 cores per cpu, 2 threads per core) family 6 model 142 stepping 10 microcode 0xe0, cmov, cx8, fxsr, mmx, sse, sse2, sse3, ssse3, sse4.1, sse4.2, popcnt, avx, avx2, aes, clmul, erms, 3dnowpref, lzcnt, ht, tsc, tscinvbit, bmi1, bmi2, adx, fma

Memory: 4k page, system-wide physical 8101M (303M free)
TotalPageFile size 24418M (AvailPageFile size 89M)
current process WorkingSet (physical memory assigned to process): 10M, peak: 10M
current process commit charge ("private bytes"): 60M, peak: 188M

vm_info: Java HotSpot(TM) 64-Bit Server VM (11.0.19+9-LTS-224) for windows-amd64 JRE (11.0.19+9-LTS-224), built on Mar 27 2023 08:48:55 by "mach5one" with MS VC++ 17.1 (VS2022)

END.
