#
# There is insufficient memory for the Java Runtime Environment to continue.
# Native memory allocation (malloc) failed to allocate 935056 bytes for Chunk::new
# Possible reasons:
#   The system is out of physical RAM or swap space
#   The process is running with CompressedOops enabled, and the Java Heap may be blocking the growth of the native heap
# Possible solutions:
#   Reduce memory load on the system
#   Increase physical memory or swap space
#   Check if swap backing store is full
#   Decrease Java heap size (-Xmx/-Xms)
#   Decrease number of Java threads
#   Decrease Java thread stack sizes (-Xss)
#   Set larger code cache with -XX:ReservedCodeCacheSize=
#   JVM is running with Unscaled Compressed Oops mode in which the Java heap is
#     placed in the first 4GB address space. The Java Heap base address is the
#     maximum limit for the native heap growth. Please use -XX:HeapBaseMinAddress
#     to set the Java Heap base and to place the Java Heap above 4GB virtual address.
# This output file may be truncated or incomplete.
#
#  Out of Memory Error (./open/src/hotspot/share/memory/arena.cpp:197), pid=3268, tid=17272
#
# JRE version: Java(TM) SE Runtime Environment 18.9 (11.0.19+9) (build 11.0.19+9-LTS-224)
# Java VM: Java HotSpot(TM) 64-Bit Server VM 18.9 (11.0.19+9-LTS-224, mixed mode, tiered, compressed oops, g1 gc, windows-amd64)
# No core dump will be written. Minidumps are not enabled by default on client versions of Windows
#

---------------  S U M M A R Y ------------

Command Line: -XX:MaxMetaspaceSize=512m --add-opens=java.base/java.util=ALL-UNNAMED --add-opens=java.base/java.lang=ALL-UNNAMED --add-opens=java.base/java.lang.invoke=ALL-UNNAMED --add-opens=java.base/java.util=ALL-UNNAMED --add-opens=java.prefs/java.util.prefs=ALL-UNNAMED --add-opens=java.prefs/java.util.prefs=ALL-UNNAMED --add-opens=java.base/java.nio.charset=ALL-UNNAMED --add-opens=java.base/java.net=ALL-UNNAMED --add-opens=java.base/java.util.concurrent.atomic=ALL-UNNAMED -Xmx2048m -Dfile.encoding=windows-1252 -Duser.country=US -Duser.language=en -Duser.variant org.gradle.launcher.daemon.bootstrap.GradleDaemon 7.5.1

Host: Intel(R) Core(TM) i7-8550U CPU @ 1.80GHz, 8 cores, 7G,  Windows 11 , 64 bit Build 22000 (10.0.22000.2124)
Time: Mon Sep 11 13:38:56 2023 SE Asia Standard Time elapsed time: 16.298730 seconds (0d 0h 0m 16s)

---------------  T H R E A D  ---------------

Current thread (0x000001fb7fe72000):  JavaThread "C2 CompilerThread0" daemon [_thread_in_native, id=17272, stack(0x000000c428000000,0x000000c428100000)]


Current CompileTask:
C2:  16298 3672       4       org.codehaus.groovy.runtime.metaclass.MetaMethodIndex::addMethodToList (131 bytes)

Stack: [0x000000c428000000,0x000000c428100000]
Native frames: (J=compiled Java code, j=interpreted, Vv=VM code, C=native code)
V  [jvm.dll+0x65fe1a]
V  [jvm.dll+0x7a2bbf]
V  [jvm.dll+0x7a4289]
V  [jvm.dll+0x7a4923]
V  [jvm.dll+0x258a25]
V  [jvm.dll+0xb29cc]
V  [jvm.dll+0xb2f8c]
V  [jvm.dll+0x2ca132]
V  [jvm.dll+0x56f1dc]
V  [jvm.dll+0x21a5d1]
V  [jvm.dll+0x213db5]
V  [jvm.dll+0x2105e4]
V  [jvm.dll+0x18c841]
V  [jvm.dll+0x220989]
V  [jvm.dll+0x21ecac]
V  [jvm.dll+0x766921]
V  [jvm.dll+0x75f2e4]
V  [jvm.dll+0x65ecc5]
C  [ucrtbase.dll+0x26c0c]
C  [KERNEL32.DLL+0x155a0]
C  [ntdll.dll+0x485b]


---------------  P R O C E S S  ---------------

Threads class SMR info:
_java_thread_list=0x000001fb156ce040, length=36, elements={
0x000001fb74dfb000, 0x000001fb7fe4f800, 0x000001fb7fe51000, 0x000001fb7fe69800,
0x000001fb7fe6a800, 0x000001fb7fe6c800, 0x000001fb7fe72000, 0x000001fb7fe73000,
0x000001fb7fe87000, 0x000001fb13995000, 0x000001fb14c2d000, 0x000001fb14bdc800,
0x000001fb1561a800, 0x000001fb14a27800, 0x000001fb153c7000, 0x000001fb14908000,
0x000001fb14909000, 0x000001fb14978000, 0x000001fb141ef000, 0x000001fb145b5000,
0x000001fb145b8800, 0x000001fb145b6000, 0x000001fb145b9000, 0x000001fb145ba800,
0x000001fb145bb800, 0x000001fb145ba000, 0x000001fb145b6800, 0x000001fb145b7800,
0x000001fb175cb800, 0x000001fb175cc800, 0x000001fb175cd800, 0x000001fb175ce000,
0x000001fb175cf000, 0x000001fb175c9000, 0x000001fb175ca000, 0x000001fb175d0800
}

Java Threads: ( => current thread )
  0x000001fb74dfb000 JavaThread "main" [_thread_blocked, id=21032, stack(0x000000c427400000,0x000000c427500000)]
  0x000001fb7fe4f800 JavaThread "Reference Handler" daemon [_thread_blocked, id=13036, stack(0x000000c427b00000,0x000000c427c00000)]
  0x000001fb7fe51000 JavaThread "Finalizer" daemon [_thread_blocked, id=3824, stack(0x000000c427c00000,0x000000c427d00000)]
  0x000001fb7fe69800 JavaThread "Signal Dispatcher" daemon [_thread_blocked, id=22976, stack(0x000000c427d00000,0x000000c427e00000)]
  0x000001fb7fe6a800 JavaThread "Attach Listener" daemon [_thread_blocked, id=20732, stack(0x000000c427e00000,0x000000c427f00000)]
  0x000001fb7fe6c800 JavaThread "Service Thread" daemon [_thread_blocked, id=9132, stack(0x000000c427f00000,0x000000c428000000)]
=>0x000001fb7fe72000 JavaThread "C2 CompilerThread0" daemon [_thread_in_native, id=17272, stack(0x000000c428000000,0x000000c428100000)]
  0x000001fb7fe73000 JavaThread "C1 CompilerThread0" daemon [_thread_blocked, id=21868, stack(0x000000c428100000,0x000000c428200000)]
  0x000001fb7fe87000 JavaThread "Sweeper thread" daemon [_thread_blocked, id=19292, stack(0x000000c428200000,0x000000c428300000)]
  0x000001fb13995000 JavaThread "Common-Cleaner" daemon [_thread_blocked, id=4536, stack(0x000000c428300000,0x000000c428400000)]
  0x000001fb14c2d000 JavaThread "Daemon health stats" [_thread_blocked, id=936, stack(0x000000c428700000,0x000000c428800000)]
  0x000001fb14bdc800 JavaThread "Incoming local TCP Connector on port 53776" [_thread_in_native, id=18524, stack(0x000000c428800000,0x000000c428900000)]
  0x000001fb1561a800 JavaThread "Daemon periodic checks" [_thread_blocked, id=9200, stack(0x000000c428900000,0x000000c428a00000)]
  0x000001fb14a27800 JavaThread "Daemon" [_thread_blocked, id=17940, stack(0x000000c428a00000,0x000000c428b00000)]
  0x000001fb153c7000 JavaThread "Handler for socket connection from /127.0.0.1:53776 to /127.0.0.1:53782" [_thread_in_native, id=20352, stack(0x000000c428b00000,0x000000c428c00000)]
  0x000001fb14908000 JavaThread "Cancel handler" [_thread_blocked, id=18636, stack(0x000000c428c00000,0x000000c428d00000)]
  0x000001fb14909000 JavaThread "Daemon worker" [_thread_in_Java, id=15160, stack(0x000000c428d00000,0x000000c428e00000)]
  0x000001fb14978000 JavaThread "Asynchronous log dispatcher for DefaultDaemonConnection: socket connection from /127.0.0.1:53776 to /127.0.0.1:53782" [_thread_blocked, id=8956, stack(0x000000c428e00000,0x000000c428f00000)]
  0x000001fb141ef000 JavaThread "Stdin handler" [_thread_blocked, id=17276, stack(0x000000c428f00000,0x000000c429000000)]
  0x000001fb145b5000 JavaThread "Daemon client event forwarder" [_thread_blocked, id=10944, stack(0x000000c429000000,0x000000c429100000)]
  0x000001fb145b8800 JavaThread "Cache worker for journal cache (C:\Users\tien dat\.gradle\caches\journal-1)" [_thread_blocked, id=18580, stack(0x000000c429600000,0x000000c429700000)]
  0x000001fb145b6000 JavaThread "File lock request listener" [_thread_in_native, id=10524, stack(0x000000c429700000,0x000000c429800000)]
  0x000001fb145b9000 JavaThread "Cache worker for file hash cache (C:\Users\tien dat\.gradle\caches\7.5.1\fileHashes)" [_thread_blocked, id=3776, stack(0x000000c429800000,0x000000c429900000)]
  0x000001fb145ba800 JavaThread "File watcher server" daemon [_thread_in_native, id=11080, stack(0x000000c429a00000,0x000000c429b00000)]
  0x000001fb145bb800 JavaThread "File watcher consumer" daemon [_thread_blocked, id=15432, stack(0x000000c429b00000,0x000000c429c00000)]
  0x000001fb145ba000 JavaThread "Cache worker for checksums cache (D:\code\App_Agency_2023_ReactNative\old\st40\android\.gradle\7.5.1\checksums)" [_thread_blocked, id=8480, stack(0x000000c429c00000,0x000000c429d00000)]
  0x000001fb145b6800 JavaThread "Cache worker for cache directory md-rule (C:\Users\tien dat\.gradle\caches\7.5.1\md-rule)" [_thread_blocked, id=15928, stack(0x000000c429d00000,0x000000c429e00000)]
  0x000001fb145b7800 JavaThread "File lock release action executor" [_thread_blocked, id=4216, stack(0x000000c429e00000,0x000000c429f00000)]
  0x000001fb175cb800 JavaThread "Cache worker for file content cache (C:\Users\tien dat\.gradle\caches\7.5.1\fileContent)" [_thread_blocked, id=4100, stack(0x000000c429f00000,0x000000c42a000000)]
  0x000001fb175cc800 JavaThread "Cache worker for file hash cache (D:\code\App_Agency_2023_ReactNative\old\st40\android\.gradle\7.5.1\fileHashes)" [_thread_blocked, id=3320, stack(0x000000c42a000000,0x000000c42a100000)]
  0x000001fb175cd800 JavaThread "Cache worker for cache directory md-supplier (C:\Users\tien dat\.gradle\caches\7.5.1\md-supplier)" [_thread_blocked, id=18316, stack(0x000000c42a100000,0x000000c42a200000)]
  0x000001fb175ce000 JavaThread "Cache worker for execution history cache (C:\Users\tien dat\.gradle\caches\7.5.1\executionHistory)" [_thread_blocked, id=5060, stack(0x000000c42a200000,0x000000c42a300000)]
  0x000001fb175cf000 JavaThread "jar transforms" [_thread_blocked, id=19064, stack(0x000000c42a300000,0x000000c42a400000)]
  0x000001fb175c9000 JavaThread "jar transforms Thread 2" [_thread_blocked, id=13988, stack(0x000000c42a400000,0x000000c42a500000)]
  0x000001fb175ca000 JavaThread "jar transforms Thread 3" [_thread_blocked, id=14240, stack(0x000000c42a500000,0x000000c42a600000)]
  0x000001fb175d0800 JavaThread "jar transforms Thread 4" [_thread_blocked, id=22756, stack(0x000000c42a600000,0x000000c42a700000)]

Other Threads:
  0x000001fb7fe38000 VMThread "VM Thread" [stack: 0x000000c427a00000,0x000000c427b00000] [id=20372]
  0x000001fb139df000 WatcherThread [stack: 0x000000c428400000,0x000000c428500000] [id=616]
  0x000001fb74e11000 GCTaskThread "GC Thread#0" [stack: 0x000000c427500000,0x000000c427600000] [id=14476]
  0x000001fb14860800 GCTaskThread "GC Thread#1" [stack: 0x000000c428500000,0x000000c428600000] [id=15812]
  0x000001fb14861800 GCTaskThread "GC Thread#2" [stack: 0x000000c428600000,0x000000c428700000] [id=3572]
  0x000001fb1482d000 GCTaskThread "GC Thread#3" [stack: 0x000000c429100000,0x000000c429200000] [id=13016]
  0x000001fb147a0000 GCTaskThread "GC Thread#4" [stack: 0x000000c429200000,0x000000c429300000] [id=23072]
  0x000001fb14790000 GCTaskThread "GC Thread#5" [stack: 0x000000c429300000,0x000000c429400000] [id=22448]
  0x000001fb1479b000 GCTaskThread "GC Thread#6" [stack: 0x000000c429400000,0x000000c429500000] [id=3756]
  0x000001fb141f0000 GCTaskThread "GC Thread#7" [stack: 0x000000c429500000,0x000000c429600000] [id=19644]
  0x000001fb74e44000 ConcurrentGCThread "G1 Main Marker" [stack: 0x000000c427600000,0x000000c427700000] [id=5824]
  0x000001fb74e45000 ConcurrentGCThread "G1 Conc#0" [stack: 0x000000c427700000,0x000000c427800000] [id=12200]
  0x000001fb13ad3000 ConcurrentGCThread "G1 Conc#1" [stack: 0x000000c429900000,0x000000c429a00000] [id=648]
  0x000001fb74ece000 ConcurrentGCThread "G1 Refine#0" [stack: 0x000000c427800000,0x000000c427900000] [id=11324]
  0x000001fb7fca8800 ConcurrentGCThread "G1 Young RemSet Sampling" [stack: 0x000000c427900000,0x000000c427a00000] [id=19396]

Threads with active compile tasks:
C2 CompilerThread0    16361 3672       4       org.codehaus.groovy.runtime.metaclass.MetaMethodIndex::addMethodToList (131 bytes)
C1 CompilerThread0    16361 3771       3       sun.reflect.generics.parser.SignatureParser::parseTypeArguments (109 bytes)

VM state:not at safepoint (normal execution)

VM Mutex/Monitor currently owned by a thread: None

Heap address: 0x0000000080000000, size: 2048 MB, Compressed Oops mode: 32-bit
Narrow klass base: 0x0000000000000000, Narrow klass shift: 3
Compressed class space size: 528482304 Address: 0x0000000100000000

Heap:
 garbage-first heap   total 131072K, used 32416K [0x0000000080000000, 0x0000000100000000)
  region size 1024K, 14 young (14336K), 9 survivors (9216K)
 Metaspace       used 39944K, capacity 40918K, committed 41216K, reserved 552960K
  class space    used 5107K, capacity 5516K, committed 5632K, reserved 516096K
Heap Regions: E=young(eden), S=young(survivor), O=old, HS=humongous(starts), HC=humongous(continues), CS=collection set, F=free, A=archive, TAMS=top-at-mark-start (previous, next)
|   0|0x0000000080000000, 0x0000000080100000, 0x0000000080100000|100%| O|  |TAMS 0x0000000080100000, 0x0000000080000000| Untracked 
|   1|0x0000000080100000, 0x0000000080200000, 0x0000000080200000|100%| O|  |TAMS 0x0000000080200000, 0x0000000080100000| Untracked 
|   2|0x0000000080200000, 0x0000000080300000, 0x0000000080300000|100%| O|  |TAMS 0x0000000080300000, 0x0000000080200000| Untracked 
|   3|0x0000000080300000, 0x0000000080400000, 0x0000000080400000|100%|HS|  |TAMS 0x0000000080400000, 0x0000000080300000| Complete 
|   4|0x0000000080400000, 0x0000000080500000, 0x0000000080500000|100%|HC|  |TAMS 0x0000000080500000, 0x0000000080400000| Complete 
|   5|0x0000000080500000, 0x0000000080600000, 0x0000000080600000|100%|HC|  |TAMS 0x0000000080600000, 0x0000000080500000| Complete 
|   6|0x0000000080600000, 0x0000000080700000, 0x0000000080700000|100%| O|  |TAMS 0x0000000080700000, 0x0000000080600000| Untracked 
|   7|0x0000000080700000, 0x0000000080800000, 0x0000000080800000|100%| O|  |TAMS 0x0000000080800000, 0x0000000080700000| Untracked 
|   8|0x0000000080800000, 0x0000000080900000, 0x0000000080900000|100%| O|  |TAMS 0x0000000080900000, 0x0000000080800000| Untracked 
|   9|0x0000000080900000, 0x0000000080a00000, 0x0000000080a00000|100%| O|  |TAMS 0x0000000080a00000, 0x0000000080900000| Untracked 
|  10|0x0000000080a00000, 0x0000000080b00000, 0x0000000080b00000|100%| O|  |TAMS 0x0000000080b00000, 0x0000000080a00000| Untracked 
|  11|0x0000000080b00000, 0x0000000080c00000, 0x0000000080c00000|100%| O|  |TAMS 0x0000000080c00000, 0x0000000080b00000| Untracked 
|  12|0x0000000080c00000, 0x0000000080d00000, 0x0000000080d00000|100%| O|  |TAMS 0x0000000080d00000, 0x0000000080c00000| Untracked 
|  13|0x0000000080d00000, 0x0000000080e00000, 0x0000000080e00000|100%| O|  |TAMS 0x0000000080e00000, 0x0000000080d00000| Untracked 
|  14|0x0000000080e00000, 0x0000000080f00000, 0x0000000080f00000|100%| O|  |TAMS 0x0000000080f00000, 0x0000000080e00000| Untracked 
|  15|0x0000000080f00000, 0x0000000081000000, 0x0000000081000000|100%| O|  |TAMS 0x0000000081000000, 0x0000000080f00000| Untracked 
|  16|0x0000000081000000, 0x0000000081100000, 0x0000000081100000|100%| O|  |TAMS 0x000000008109b200, 0x0000000081000000| Untracked 
|  17|0x0000000081100000, 0x0000000081100000, 0x0000000081200000|  0%| F|  |TAMS 0x0000000081100000, 0x0000000081100000| Untracked 
|  18|0x0000000081200000, 0x0000000081200000, 0x0000000081300000|  0%| F|  |TAMS 0x0000000081200000, 0x0000000081200000| Untracked 
|  19|0x0000000081300000, 0x0000000081300000, 0x0000000081400000|  0%| F|  |TAMS 0x0000000081300000, 0x0000000081300000| Untracked 
|  20|0x0000000081400000, 0x0000000081500000, 0x0000000081500000|100%| O|  |TAMS 0x0000000081400000, 0x0000000081400000| Untracked 
|  21|0x0000000081500000, 0x0000000081600000, 0x0000000081600000|100%| O|  |TAMS 0x0000000081500000, 0x0000000081500000| Untracked 
|  22|0x0000000081600000, 0x0000000081611600, 0x0000000081700000|  6%| O|  |TAMS 0x0000000081600000, 0x0000000081600000| Untracked 
|  23|0x0000000081700000, 0x0000000081700000, 0x0000000081800000|  0%| F|  |TAMS 0x0000000081700000, 0x0000000081700000| Untracked 
|  24|0x0000000081800000, 0x0000000081800000, 0x0000000081900000|  0%| F|  |TAMS 0x0000000081800000, 0x0000000081800000| Untracked 
|  25|0x0000000081900000, 0x0000000081900000, 0x0000000081a00000|  0%| F|  |TAMS 0x0000000081900000, 0x0000000081900000| Untracked 
|  26|0x0000000081a00000, 0x0000000081a00000, 0x0000000081b00000|  0%| F|  |TAMS 0x0000000081a00000, 0x0000000081a00000| Untracked 
|  27|0x0000000081b00000, 0x0000000081b00000, 0x0000000081c00000|  0%| F|  |TAMS 0x0000000081b00000, 0x0000000081b00000| Untracked 
|  28|0x0000000081c00000, 0x0000000081c00000, 0x0000000081d00000|  0%| F|  |TAMS 0x0000000081c00000, 0x0000000081c00000| Untracked 
|  29|0x0000000081d00000, 0x0000000081d00000, 0x0000000081e00000|  0%| F|  |TAMS 0x0000000081d00000, 0x0000000081d00000| Untracked 
|  30|0x0000000081e00000, 0x0000000081e00000, 0x0000000081f00000|  0%| F|  |TAMS 0x0000000081e00000, 0x0000000081e00000| Untracked 
|  31|0x0000000081f00000, 0x0000000081f00000, 0x0000000082000000|  0%| F|  |TAMS 0x0000000081f00000, 0x0000000081f00000| Untracked 
|  32|0x0000000082000000, 0x0000000082000000, 0x0000000082100000|  0%| F|  |TAMS 0x0000000082000000, 0x0000000082000000| Untracked 
|  33|0x0000000082100000, 0x0000000082100000, 0x0000000082200000|  0%| F|  |TAMS 0x0000000082100000, 0x0000000082100000| Untracked 
|  34|0x0000000082200000, 0x0000000082200000, 0x0000000082300000|  0%| F|  |TAMS 0x0000000082200000, 0x0000000082200000| Untracked 
|  35|0x0000000082300000, 0x0000000082300000, 0x0000000082400000|  0%| F|  |TAMS 0x0000000082300000, 0x0000000082300000| Untracked 
|  36|0x0000000082400000, 0x0000000082400000, 0x0000000082500000|  0%| F|  |TAMS 0x0000000082400000, 0x0000000082400000| Untracked 
|  37|0x0000000082500000, 0x0000000082500000, 0x0000000082600000|  0%| F|  |TAMS 0x0000000082500000, 0x0000000082500000| Untracked 
|  38|0x0000000082600000, 0x0000000082600000, 0x0000000082700000|  0%| F|  |TAMS 0x0000000082600000, 0x0000000082600000| Untracked 
|  39|0x0000000082700000, 0x0000000082700000, 0x0000000082800000|  0%| F|  |TAMS 0x0000000082700000, 0x0000000082700000| Untracked 
|  40|0x0000000082800000, 0x0000000082800000, 0x0000000082900000|  0%| F|  |TAMS 0x0000000082800000, 0x0000000082800000| Untracked 
|  41|0x0000000082900000, 0x0000000082900000, 0x0000000082a00000|  0%| F|  |TAMS 0x0000000082900000, 0x0000000082900000| Untracked 
|  42|0x0000000082a00000, 0x0000000082a00000, 0x0000000082b00000|  0%| F|  |TAMS 0x0000000082a00000, 0x0000000082a00000| Untracked 
|  43|0x0000000082b00000, 0x0000000082b00000, 0x0000000082c00000|  0%| F|  |TAMS 0x0000000082b00000, 0x0000000082b00000| Untracked 
|  44|0x0000000082c00000, 0x0000000082c00000, 0x0000000082d00000|  0%| F|  |TAMS 0x0000000082c00000, 0x0000000082c00000| Untracked 
|  45|0x0000000082d00000, 0x0000000082d00000, 0x0000000082e00000|  0%| F|  |TAMS 0x0000000082d00000, 0x0000000082d00000| Untracked 
|  46|0x0000000082e00000, 0x0000000082e00000, 0x0000000082f00000|  0%| F|  |TAMS 0x0000000082e00000, 0x0000000082e00000| Untracked 
|  47|0x0000000082f00000, 0x0000000082f00000, 0x0000000083000000|  0%| F|  |TAMS 0x0000000082f00000, 0x0000000082f00000| Untracked 
|  48|0x0000000083000000, 0x0000000083000000, 0x0000000083100000|  0%| F|  |TAMS 0x0000000083000000, 0x0000000083000000| Untracked 
|  49|0x0000000083100000, 0x0000000083100000, 0x0000000083200000|  0%| F|  |TAMS 0x0000000083100000, 0x0000000083100000| Untracked 
|  50|0x0000000083200000, 0x0000000083200000, 0x0000000083300000|  0%| F|  |TAMS 0x0000000083200000, 0x0000000083200000| Untracked 
|  51|0x0000000083300000, 0x0000000083300000, 0x0000000083400000|  0%| F|  |TAMS 0x0000000083300000, 0x0000000083300000| Untracked 
|  52|0x0000000083400000, 0x0000000083400000, 0x0000000083500000|  0%| F|  |TAMS 0x0000000083400000, 0x0000000083400000| Untracked 
|  53|0x0000000083500000, 0x0000000083596a60, 0x0000000083600000| 58%| S|CS|TAMS 0x0000000083500000, 0x0000000083500000| Complete 
|  54|0x0000000083600000, 0x0000000083700000, 0x0000000083700000|100%| S|CS|TAMS 0x0000000083600000, 0x0000000083600000| Complete 
|  55|0x0000000083700000, 0x0000000083800000, 0x0000000083800000|100%| S|CS|TAMS 0x0000000083700000, 0x0000000083700000| Complete 
|  56|0x0000000083800000, 0x0000000083900000, 0x0000000083900000|100%| S|CS|TAMS 0x0000000083800000, 0x0000000083800000| Complete 
|  57|0x0000000083900000, 0x0000000083a00000, 0x0000000083a00000|100%| S|CS|TAMS 0x0000000083900000, 0x0000000083900000| Complete 
|  58|0x0000000083a00000, 0x0000000083b00000, 0x0000000083b00000|100%| S|CS|TAMS 0x0000000083a00000, 0x0000000083a00000| Complete 
|  59|0x0000000083b00000, 0x0000000083c00000, 0x0000000083c00000|100%| S|CS|TAMS 0x0000000083b00000, 0x0000000083b00000| Complete 
|  60|0x0000000083c00000, 0x0000000083d00000, 0x0000000083d00000|100%| S|CS|TAMS 0x0000000083c00000, 0x0000000083c00000| Complete 
|  61|0x0000000083d00000, 0x0000000083e00000, 0x0000000083e00000|100%| S|CS|TAMS 0x0000000083d00000, 0x0000000083d00000| Complete 
|  62|0x0000000083e00000, 0x0000000083e00000, 0x0000000083f00000|  0%| F|  |TAMS 0x0000000083e00000, 0x0000000083e00000| Untracked 
|  63|0x0000000083f00000, 0x0000000083f00000, 0x0000000084000000|  0%| F|  |TAMS 0x0000000083f00000, 0x0000000083f00000| Untracked 
|  64|0x0000000084000000, 0x0000000084000000, 0x0000000084100000|  0%| F|  |TAMS 0x0000000084000000, 0x0000000084000000| Untracked 
|  65|0x0000000084100000, 0x0000000084100000, 0x0000000084200000|  0%| F|  |TAMS 0x0000000084100000, 0x0000000084100000| Untracked 
|  66|0x0000000084200000, 0x0000000084200000, 0x0000000084300000|  0%| F|  |TAMS 0x0000000084200000, 0x0000000084200000| Untracked 
|  67|0x0000000084300000, 0x0000000084300000, 0x0000000084400000|  0%| F|  |TAMS 0x0000000084300000, 0x0000000084300000| Untracked 
|  68|0x0000000084400000, 0x0000000084400000, 0x0000000084500000|  0%| F|  |TAMS 0x0000000084400000, 0x0000000084400000| Untracked 
|  69|0x0000000084500000, 0x0000000084500000, 0x0000000084600000|  0%| F|  |TAMS 0x0000000084500000, 0x0000000084500000| Untracked 
|  70|0x0000000084600000, 0x0000000084600000, 0x0000000084700000|  0%| F|  |TAMS 0x0000000084600000, 0x0000000084600000| Untracked 
|  71|0x0000000084700000, 0x0000000084700000, 0x0000000084800000|  0%| F|  |TAMS 0x0000000084700000, 0x0000000084700000| Untracked 
|  72|0x0000000084800000, 0x0000000084800000, 0x0000000084900000|  0%| F|  |TAMS 0x0000000084800000, 0x0000000084800000| Untracked 
|  73|0x0000000084900000, 0x0000000084900000, 0x0000000084a00000|  0%| F|  |TAMS 0x0000000084900000, 0x0000000084900000| Untracked 
|  74|0x0000000084a00000, 0x0000000084a00000, 0x0000000084b00000|  0%| F|  |TAMS 0x0000000084a00000, 0x0000000084a00000| Untracked 
|  75|0x0000000084b00000, 0x0000000084b00000, 0x0000000084c00000|  0%| F|  |TAMS 0x0000000084b00000, 0x0000000084b00000| Untracked 
|  76|0x0000000084c00000, 0x0000000084c00000, 0x0000000084d00000|  0%| F|  |TAMS 0x0000000084c00000, 0x0000000084c00000| Untracked 
|  77|0x0000000084d00000, 0x0000000084d00000, 0x0000000084e00000|  0%| F|  |TAMS 0x0000000084d00000, 0x0000000084d00000| Untracked 
|  78|0x0000000084e00000, 0x0000000084e00000, 0x0000000084f00000|  0%| F|  |TAMS 0x0000000084e00000, 0x0000000084e00000| Untracked 
|  79|0x0000000084f00000, 0x0000000084f00000, 0x0000000085000000|  0%| F|  |TAMS 0x0000000084f00000, 0x0000000084f00000| Untracked 
|  80|0x0000000085000000, 0x0000000085000000, 0x0000000085100000|  0%| F|  |TAMS 0x0000000085000000, 0x0000000085000000| Untracked 
|  81|0x0000000085100000, 0x0000000085100000, 0x0000000085200000|  0%| F|  |TAMS 0x0000000085100000, 0x0000000085100000| Untracked 
|  82|0x0000000085200000, 0x0000000085200000, 0x0000000085300000|  0%| F|  |TAMS 0x0000000085200000, 0x0000000085200000| Untracked 
|  83|0x0000000085300000, 0x0000000085300000, 0x0000000085400000|  0%| F|  |TAMS 0x0000000085300000, 0x0000000085300000| Untracked 
|  84|0x0000000085400000, 0x0000000085400000, 0x0000000085500000|  0%| F|  |TAMS 0x0000000085400000, 0x0000000085400000| Untracked 
|  85|0x0000000085500000, 0x0000000085500000, 0x0000000085600000|  0%| F|  |TAMS 0x0000000085500000, 0x0000000085500000| Untracked 
|  86|0x0000000085600000, 0x0000000085600000, 0x0000000085700000|  0%| F|  |TAMS 0x0000000085600000, 0x0000000085600000| Untracked 
|  87|0x0000000085700000, 0x0000000085700000, 0x0000000085800000|  0%| F|  |TAMS 0x0000000085700000, 0x0000000085700000| Untracked 
|  88|0x0000000085800000, 0x0000000085800000, 0x0000000085900000|  0%| F|  |TAMS 0x0000000085800000, 0x0000000085800000| Untracked 
|  89|0x0000000085900000, 0x0000000085900000, 0x0000000085a00000|  0%| F|  |TAMS 0x0000000085900000, 0x0000000085900000| Untracked 
|  90|0x0000000085a00000, 0x0000000085a00000, 0x0000000085b00000|  0%| F|  |TAMS 0x0000000085a00000, 0x0000000085a00000| Untracked 
|  91|0x0000000085b00000, 0x0000000085b00000, 0x0000000085c00000|  0%| F|  |TAMS 0x0000000085b00000, 0x0000000085b00000| Untracked 
|  92|0x0000000085c00000, 0x0000000085c00000, 0x0000000085d00000|  0%| F|  |TAMS 0x0000000085c00000, 0x0000000085c00000| Untracked 
|  93|0x0000000085d00000, 0x0000000085d00000, 0x0000000085e00000|  0%| F|  |TAMS 0x0000000085d00000, 0x0000000085d00000| Untracked 
|  94|0x0000000085e00000, 0x0000000085e00000, 0x0000000085f00000|  0%| F|  |TAMS 0x0000000085e00000, 0x0000000085e00000| Untracked 
|  95|0x0000000085f00000, 0x0000000085f00000, 0x0000000086000000|  0%| F|  |TAMS 0x0000000085f00000, 0x0000000085f00000| Untracked 
|  96|0x0000000086000000, 0x0000000086000000, 0x0000000086100000|  0%| F|  |TAMS 0x0000000086000000, 0x0000000086000000| Untracked 
|  97|0x0000000086100000, 0x0000000086100000, 0x0000000086200000|  0%| F|  |TAMS 0x0000000086100000, 0x0000000086100000| Untracked 
|  98|0x0000000086200000, 0x0000000086200000, 0x0000000086300000|  0%| F|  |TAMS 0x0000000086200000, 0x0000000086200000| Untracked 
|  99|0x0000000086300000, 0x0000000086300000, 0x0000000086400000|  0%| F|  |TAMS 0x0000000086300000, 0x0000000086300000| Untracked 
| 100|0x0000000086400000, 0x0000000086400000, 0x0000000086500000|  0%| F|  |TAMS 0x0000000086400000, 0x0000000086400000| Untracked 
| 101|0x0000000086500000, 0x0000000086500000, 0x0000000086600000|  0%| F|  |TAMS 0x0000000086500000, 0x0000000086500000| Untracked 
| 102|0x0000000086600000, 0x0000000086600000, 0x0000000086700000|  0%| F|  |TAMS 0x0000000086600000, 0x0000000086600000| Untracked 
| 103|0x0000000086700000, 0x0000000086700000, 0x0000000086800000|  0%| F|  |TAMS 0x0000000086700000, 0x0000000086700000| Untracked 
| 104|0x0000000086800000, 0x0000000086800000, 0x0000000086900000|  0%| F|  |TAMS 0x0000000086800000, 0x0000000086800000| Untracked 
| 105|0x0000000086900000, 0x0000000086900000, 0x0000000086a00000|  0%| F|  |TAMS 0x0000000086900000, 0x0000000086900000| Untracked 
| 106|0x0000000086a00000, 0x0000000086a00000, 0x0000000086b00000|  0%| F|  |TAMS 0x0000000086a00000, 0x0000000086a00000| Untracked 
| 107|0x0000000086b00000, 0x0000000086b00000, 0x0000000086c00000|  0%| F|  |TAMS 0x0000000086b00000, 0x0000000086b00000| Untracked 
| 108|0x0000000086c00000, 0x0000000086c00000, 0x0000000086d00000|  0%| F|  |TAMS 0x0000000086c00000, 0x0000000086c00000| Untracked 
| 109|0x0000000086d00000, 0x0000000086d00000, 0x0000000086e00000|  0%| F|  |TAMS 0x0000000086d00000, 0x0000000086d00000| Untracked 
| 110|0x0000000086e00000, 0x0000000086e00000, 0x0000000086f00000|  0%| F|  |TAMS 0x0000000086e00000, 0x0000000086e00000| Untracked 
| 111|0x0000000086f00000, 0x0000000086f00000, 0x0000000087000000|  0%| F|  |TAMS 0x0000000086f00000, 0x0000000086f00000| Untracked 
| 112|0x0000000087000000, 0x0000000087000000, 0x0000000087100000|  0%| F|  |TAMS 0x0000000087000000, 0x0000000087000000| Untracked 
| 113|0x0000000087100000, 0x0000000087100000, 0x0000000087200000|  0%| F|  |TAMS 0x0000000087100000, 0x0000000087100000| Untracked 
| 114|0x0000000087200000, 0x0000000087200000, 0x0000000087300000|  0%| F|  |TAMS 0x0000000087200000, 0x0000000087200000| Untracked 
| 115|0x0000000087300000, 0x0000000087300000, 0x0000000087400000|  0%| F|  |TAMS 0x0000000087300000, 0x0000000087300000| Untracked 
| 116|0x0000000087400000, 0x0000000087400000, 0x0000000087500000|  0%| F|  |TAMS 0x0000000087400000, 0x0000000087400000| Untracked 
| 117|0x0000000087500000, 0x0000000087500000, 0x0000000087600000|  0%| F|  |TAMS 0x0000000087500000, 0x0000000087500000| Untracked 
| 118|0x0000000087600000, 0x0000000087600000, 0x0000000087700000|  0%| F|  |TAMS 0x0000000087600000, 0x0000000087600000| Untracked 
| 119|0x0000000087700000, 0x0000000087700000, 0x0000000087800000|  0%| F|  |TAMS 0x0000000087700000, 0x0000000087700000| Untracked 
| 120|0x0000000087800000, 0x0000000087800000, 0x0000000087900000|  0%| F|  |TAMS 0x0000000087800000, 0x0000000087800000| Untracked 
| 121|0x0000000087900000, 0x0000000087900000, 0x0000000087a00000|  0%| F|  |TAMS 0x0000000087900000, 0x0000000087900000| Untracked 
| 122|0x0000000087a00000, 0x0000000087a00000, 0x0000000087b00000|  0%| F|  |TAMS 0x0000000087a00000, 0x0000000087a00000| Untracked 
| 123|0x0000000087b00000, 0x0000000087c00000, 0x0000000087c00000|100%| E|  |TAMS 0x0000000087b00000, 0x0000000087b00000| Complete 
| 124|0x0000000087c00000, 0x0000000087d00000, 0x0000000087d00000|100%| E|CS|TAMS 0x0000000087c00000, 0x0000000087c00000| Complete 
| 125|0x0000000087d00000, 0x0000000087e00000, 0x0000000087e00000|100%| E|CS|TAMS 0x0000000087d00000, 0x0000000087d00000| Complete 
| 126|0x0000000087e00000, 0x0000000087f00000, 0x0000000087f00000|100%| E|CS|TAMS 0x0000000087e00000, 0x0000000087e00000| Complete 
| 127|0x0000000087f00000, 0x0000000088000000, 0x0000000088000000|100%| E|CS|TAMS 0x0000000087f00000, 0x0000000087f00000| Complete 

Card table byte_map: [0x000001fb7cc00000,0x000001fb7d000000] _byte_map_base: 0x000001fb7c800000

Marking Bits (Prev, Next): (CMBitMap*) 0x000001fb74e3b4a8, (CMBitMap*) 0x000001fb74e3b4e0
 Prev Bits: [0x000001fb7d400000, 0x000001fb7f400000)
 Next Bits: [0x000001fb0f000000, 0x000001fb11000000)

Polling page: 0x000001fb72d80000

Metaspace:

Usage:
  Non-class:     34.63 MB capacity,    34.03 MB ( 98%) used,   519.71 KB (  1%) free+waste,    95.25 KB ( <1%) overhead. 
      Class:      5.39 MB capacity,     4.99 MB ( 93%) used,   358.00 KB (  6%) free+waste,    47.50 KB ( <1%) overhead. 
       Both:     40.02 MB capacity,    39.02 MB ( 98%) used,   877.71 KB (  2%) free+waste,   142.75 KB ( <1%) overhead. 

Virtual space:
  Non-class space:       36.00 MB reserved,      34.75 MB ( 97%) committed 
      Class space:      504.00 MB reserved,       5.50 MB (  1%) committed 
             Both:      540.00 MB reserved,      40.25 MB (  7%) committed 

Chunk freelists:
   Non-Class:  6.75 KB
       Class:  2.50 KB
        Both:  9.25 KB

CodeHeap 'non-profiled nmethods': size=120000Kb used=1726Kb max_used=1726Kb free=118273Kb
 bounds [0x000001fb07ad0000, 0x000001fb07d40000, 0x000001fb0f000000]
CodeHeap 'profiled nmethods': size=120000Kb used=7954Kb max_used=7954Kb free=112045Kb
 bounds [0x000001fb005a0000, 0x000001fb00d70000, 0x000001fb07ad0000]
CodeHeap 'non-nmethods': size=5760Kb used=2205Kb max_used=2233Kb free=3554Kb
 bounds [0x000001fb00000000, 0x000001fb00270000, 0x000001fb005a0000]
 total_blobs=4496 nmethods=3727 adapters=680
 compilation: enabled
              stopped_count=0, restarted_count=0
 full_count=0

Compilation events (10 events):
Event: 16.274 Thread 0x000001fb7fe73000 3749  s!   3       java.beans.PropertyDescriptor::getPropertyType (33 bytes)
Event: 16.275 Thread 0x000001fb7fe73000 nmethod 3749 0x000001fb00d4bf90 code [0x000001fb00d4c1c0, 0x000001fb00d4cc28]
Event: 16.277 Thread 0x000001fb7fe73000 3750       3       groovyjarjarasm.asm.ByteVector::putUTF8 (144 bytes)
Event: 16.278 Thread 0x000001fb7fe73000 nmethod 3750 0x000001fb00d4cf90 code [0x000001fb00d4d200, 0x000001fb00d4dce8]
Event: 16.278 Thread 0x000001fb7fe73000 3751       3       groovyjarjarasm.asm.Frame::execute (2318 bytes)
Event: 16.293 Thread 0x000001fb7fe73000 nmethod 3751 0x000001fb00d4e210 code [0x000001fb00d4ef60, 0x000001fb00d555b8]
Event: 16.294 Thread 0x000001fb7fe73000 3752       3       groovyjarjarasm.asm.Symbol::<init> (38 bytes)
Event: 16.294 Thread 0x000001fb7fe73000 nmethod 3752 0x000001fb00d57290 code [0x000001fb00d57440, 0x000001fb00d576d8]
Event: 16.294 Thread 0x000001fb7fe73000 3753       3       groovyjarjarasm.asm.SymbolTable$Entry::<init> (17 bytes)
Event: 16.294 Thread 0x000001fb7fe73000 nmethod 3753 0x000001fb00d57810 code [0x000001fb00d579c0, 0x000001fb00d57b28]

GC Heap History (10 events):
Event: 7.834 GC heap before
{Heap before GC invocations=2 (full 0):
 garbage-first heap   total 131072K, used 36403K [0x0000000080000000, 0x0000000100000000)
  region size 1024K, 31 young (31744K), 10 survivors (10240K)
 Metaspace       used 20603K, capacity 21090K, committed 21248K, reserved 534528K
  class space    used 2514K, capacity 2700K, committed 2816K, reserved 516096K
}
Event: 7.846 GC heap after
{Heap after GC invocations=3 (full 0):
 garbage-first heap   total 131072K, used 18103K [0x0000000080000000, 0x0000000100000000)
  region size 1024K, 2 young (2048K), 2 survivors (2048K)
 Metaspace       used 20603K, capacity 21090K, committed 21248K, reserved 534528K
  class space    used 2514K, capacity 2700K, committed 2816K, reserved 516096K
}
Event: 9.351 GC heap before
{Heap before GC invocations=4 (full 0):
 garbage-first heap   total 131072K, used 65207K [0x0000000080000000, 0x0000000100000000)
  region size 1024K, 48 young (49152K), 2 survivors (2048K)
 Metaspace       used 25278K, capacity 25884K, committed 26112K, reserved 538624K
  class space    used 3281K, capacity 3515K, committed 3584K, reserved 516096K
}
Event: 9.358 GC heap after
{Heap after GC invocations=5 (full 0):
 garbage-first heap   total 131072K, used 19583K [0x0000000080000000, 0x0000000100000000)
  region size 1024K, 3 young (3072K), 3 survivors (3072K)
 Metaspace       used 25278K, capacity 25884K, committed 26112K, reserved 538624K
  class space    used 3281K, capacity 3515K, committed 3584K, reserved 516096K
}
Event: 11.357 GC heap before
{Heap before GC invocations=5 (full 0):
 garbage-first heap   total 131072K, used 73855K [0x0000000080000000, 0x0000000100000000)
  region size 1024K, 56 young (57344K), 3 survivors (3072K)
 Metaspace       used 30080K, capacity 30775K, committed 30976K, reserved 542720K
  class space    used 4047K, capacity 4326K, committed 4352K, reserved 516096K
}
Event: 11.364 GC heap after
{Heap after GC invocations=6 (full 0):
 garbage-first heap   total 131072K, used 21153K [0x0000000080000000, 0x0000000100000000)
  region size 1024K, 5 young (5120K), 5 survivors (5120K)
 Metaspace       used 30080K, capacity 30775K, committed 30976K, reserved 542720K
  class space    used 4047K, capacity 4326K, committed 4352K, reserved 516096K
}
Event: 12.324 GC heap before
{Heap before GC invocations=6 (full 0):
 garbage-first heap   total 131072K, used 37537K [0x0000000080000000, 0x0000000100000000)
  region size 1024K, 22 young (22528K), 5 survivors (5120K)
 Metaspace       used 34849K, capacity 35703K, committed 35840K, reserved 548864K
  class space    used 4548K, capacity 4864K, committed 4864K, reserved 516096K
}
Event: 12.334 GC heap after
{Heap after GC invocations=7 (full 0):
 garbage-first heap   total 131072K, used 23316K [0x0000000080000000, 0x0000000100000000)
  region size 1024K, 7 young (7168K), 7 survivors (7168K)
 Metaspace       used 34849K, capacity 35703K, committed 35840K, reserved 548864K
  class space    used 4548K, capacity 4864K, committed 4864K, reserved 516096K
}
Event: 16.184 GC heap before
{Heap before GC invocations=8 (full 0):
 garbage-first heap   total 131072K, used 85780K [0x0000000080000000, 0x0000000100000000)
  region size 1024K, 66 young (67584K), 7 survivors (7168K)
 Metaspace       used 39572K, capacity 40513K, committed 40576K, reserved 552960K
  class space    used 5057K, capacity 5445K, committed 5504K, reserved 516096K
}
Event: 16.202 GC heap after
{Heap after GC invocations=9 (full 0):
 garbage-first heap   total 131072K, used 28320K [0x0000000080000000, 0x0000000100000000)
  region size 1024K, 9 young (9216K), 9 survivors (9216K)
 Metaspace       used 39572K, capacity 40513K, committed 40576K, reserved 552960K
  class space    used 5057K, capacity 5445K, committed 5504K, reserved 516096K
}

Deoptimization events (10 events):
Event: 15.632 Thread 0x000001fb14909000 Uncommon trap: reason=unstable_if action=reinterpret pc=0x000001fb07b4e7dc method=java.util.zip.ZipFile$Source.initCEN(ILjava/util/zip/ZipCoder;)V @ 617 c2
Event: 15.632 Thread 0x000001fb14909000 Uncommon trap: reason=unstable_if action=reinterpret pc=0x000001fb07c5576c method=java.net.URLClassLoader.defineClass(Ljava/lang/String;Ljdk/internal/loader/Resource;)Ljava/lang/Class; @ 21 c2
Event: 15.635 Thread 0x000001fb14909000 Uncommon trap: reason=unstable_if action=reinterpret pc=0x000001fb07c4af54 method=java.lang.Class.getPackageName()Ljava/lang/String; @ 55 c2
Event: 15.711 Thread 0x000001fb14909000 Uncommon trap: reason=profile_predicate action=maybe_recompile pc=0x000001fb07c2c268 method=java.util.AbstractCollection.addAll(Ljava/util/Collection;)Z @ 15 c2
Event: 15.766 Thread 0x000001fb14909000 Uncommon trap: reason=class_check action=maybe_recompile pc=0x000001fb07c42890 method=java.util.regex.Pattern$Start.match(Ljava/util/regex/Matcher;ILjava/lang/CharSequence;)Z @ 44 c2
Event: 15.767 Thread 0x000001fb14909000 Uncommon trap: reason=class_check action=maybe_recompile pc=0x000001fb07c42890 method=java.util.regex.Pattern$Start.match(Ljava/util/regex/Matcher;ILjava/lang/CharSequence;)Z @ 44 c2
Event: 15.784 Thread 0x000001fb14909000 Uncommon trap: reason=profile_predicate action=maybe_recompile pc=0x000001fb07c2c268 method=java.util.AbstractCollection.addAll(Ljava/util/Collection;)Z @ 15 c2
Event: 15.826 Thread 0x000001fb14909000 Uncommon trap: reason=profile_predicate action=maybe_recompile pc=0x000001fb07c2c268 method=java.util.AbstractCollection.addAll(Ljava/util/Collection;)Z @ 15 c2
Event: 15.947 Thread 0x000001fb14909000 Uncommon trap: reason=class_check action=maybe_recompile pc=0x000001fb07c42890 method=java.util.regex.Pattern$Start.match(Ljava/util/regex/Matcher;ILjava/lang/CharSequence;)Z @ 44 c2
Event: 16.274 Thread 0x000001fb14909000 Uncommon trap: reason=unstable_if action=reinterpret pc=0x000001fb07b72b88 method=java.util.concurrent.ConcurrentHashMap.putVal(Ljava/lang/Object;Ljava/lang/Object;Z)Ljava/lang/Object; @ 231 c2

Classes redefined (0 events):
No events

Internal exceptions (10 events):
Event: 16.220 Thread 0x000001fb14909000 Exception <a 'java/lang/ClassNotFoundException'{0x0000000087fe7cf0}: java/util/AbstractCollectionBeanInfo> (0x0000000087fe7cf0) thrown at [./open/src/hotspot/share/classfile/systemDictionary.cpp, line 226]
Event: 16.221 Thread 0x000001fb14909000 Exception <a 'java/lang/ClassNotFoundException'{0x0000000087fed028}: java/util/AbstractCollectionCustomizer> (0x0000000087fed028) thrown at [./open/src/hotspot/share/classfile/systemDictionary.cpp, line 226]
Event: 16.224 Thread 0x000001fb14909000 Exception <a 'java/lang/ClassNotFoundException'{0x0000000087ffb220}: java/util/AbstractListCustomizer> (0x0000000087ffb220) thrown at [./open/src/hotspot/share/classfile/systemDictionary.cpp, line 226]
Event: 16.227 Thread 0x000001fb14909000 Exception <a 'java/lang/ClassNotFoundException'{0x0000000087e0b6f0}: java/util/ArrayListCustomizer> (0x0000000087e0b6f0) thrown at [./open/src/hotspot/share/classfile/systemDictionary.cpp, line 226]
Event: 16.244 Thread 0x000001fb14909000 Exception <a 'java/lang/ClassNotFoundException'{0x0000000087e86a98}: java/util/HashMapBeanInfo> (0x0000000087e86a98) thrown at [./open/src/hotspot/share/classfile/systemDictionary.cpp, line 226]
Event: 16.245 Thread 0x000001fb14909000 Exception <a 'java/lang/ClassNotFoundException'{0x0000000087e8bd28}: java/util/AbstractMapBeanInfo> (0x0000000087e8bd28) thrown at [./open/src/hotspot/share/classfile/systemDictionary.cpp, line 226]
Event: 16.245 Thread 0x000001fb14909000 Exception <a 'java/lang/ClassNotFoundException'{0x0000000087e90c50}: java/util/AbstractMapCustomizer> (0x0000000087e90c50) thrown at [./open/src/hotspot/share/classfile/systemDictionary.cpp, line 226]
Event: 16.249 Thread 0x000001fb14909000 Exception <a 'java/lang/ClassNotFoundException'{0x0000000087e9f7d0}: java/util/HashMapCustomizer> (0x0000000087e9f7d0) thrown at [./open/src/hotspot/share/classfile/systemDictionary.cpp, line 226]
Event: 16.286 Thread 0x000001fb14909000 Exception <a 'java/lang/ClassNotFoundException'{0x0000000087d67a10}: java/lang/RuntimeBeanInfo> (0x0000000087d67a10) thrown at [./open/src/hotspot/share/classfile/systemDictionary.cpp, line 226]
Event: 16.287 Thread 0x000001fb14909000 Exception <a 'java/lang/ClassNotFoundException'{0x0000000087d6cbd0}: java/lang/RuntimeCustomizer> (0x0000000087d6cbd0) thrown at [./open/src/hotspot/share/classfile/systemDictionary.cpp, line 226]

Events (10 events):
Event: 16.286 loading class java/lang/RuntimeCustomizer
Event: 16.286 loading class java/lang/RuntimeCustomizer done
Event: 16.287 loading class java/lang/RuntimeCustomizer
Event: 16.287 loading class java/lang/RuntimeCustomizer done
Event: 16.288 loading class org/codehaus/groovy/runtime/callsite/StaticMetaMethodSite
Event: 16.288 loading class org/codehaus/groovy/runtime/callsite/StaticMetaMethodSite done
Event: 16.292 loading class groovy/lang/GroovyRuntimeException
Event: 16.292 loading class groovy/lang/GroovyRuntimeException done
Event: 16.293 loading class java/lang/ProcessImpl
Event: 16.294 loading class java/lang/ProcessImpl done


Dynamic libraries:
0x00007ff6b9f00000 - 0x00007ff6b9f10000 	C:\Program Files\Java\jdk-11\bin\java.exe
0x00007fff02640000 - 0x00007fff02849000 	C:\WINDOWS\SYSTEM32\ntdll.dll
0x00007fff02170000 - 0x00007fff0222e000 	C:\WINDOWS\System32\KERNEL32.DLL
0x00007ffeffea0000 - 0x00007fff00224000 	C:\WINDOWS\System32\KERNELBASE.dll
0x00007fff00370000 - 0x00007fff00481000 	C:\WINDOWS\System32\ucrtbase.dll
0x00007ffefaa10000 - 0x00007ffefaa29000 	C:\Program Files\Java\jdk-11\bin\jli.dll
0x00007fff023c0000 - 0x00007fff0246f000 	C:\WINDOWS\System32\ADVAPI32.dll
0x00007ffefc2f0000 - 0x00007ffefc30b000 	C:\Program Files\Java\jdk-11\bin\VCRUNTIME140.dll
0x00007fff02310000 - 0x00007fff023b3000 	C:\WINDOWS\System32\msvcrt.dll
0x00007fff01630000 - 0x00007fff016ce000 	C:\WINDOWS\System32\sechost.dll
0x00007fff016d0000 - 0x00007fff017f1000 	C:\WINDOWS\System32\RPCRT4.dll
0x00007fff00490000 - 0x00007fff0063d000 	C:\WINDOWS\System32\USER32.dll
0x00007ffeffe00000 - 0x00007ffeffe26000 	C:\WINDOWS\System32\win32u.dll
0x00007fff00720000 - 0x00007fff0074a000 	C:\WINDOWS\System32\GDI32.dll
0x00007ffee0400000 - 0x00007ffee06a5000 	C:\WINDOWS\WinSxS\amd64_microsoft.windows.common-controls_6595b64144ccf1df_6.0.22000.120_none_9d947278b86cc467\COMCTL32.dll
0x00007ffeffad0000 - 0x00007ffeffbef000 	C:\WINDOWS\System32\gdi32full.dll
0x00007ffeffd60000 - 0x00007ffeffdfd000 	C:\WINDOWS\System32\msvcp_win.dll
0x00007ffef71a0000 - 0x00007ffef71aa000 	C:\WINDOWS\SYSTEM32\VERSION.dll
0x00007fff01270000 - 0x00007fff012a1000 	C:\WINDOWS\System32\IMM32.DLL
0x00007ffefc2e0000 - 0x00007ffefc2ec000 	C:\Program Files\Java\jdk-11\bin\vcruntime140_1.dll
0x00007ffeee160000 - 0x00007ffeee1ee000 	C:\Program Files\Java\jdk-11\bin\msvcp140.dll
0x00007ffeaf4c0000 - 0x00007ffeb002c000 	C:\Program Files\Java\jdk-11\bin\server\jvm.dll
0x00007fff01470000 - 0x00007fff01478000 	C:\WINDOWS\System32\PSAPI.DLL
0x00007ffee9440000 - 0x00007ffee9449000 	C:\WINDOWS\SYSTEM32\WSOCK32.dll
0x00007fff00f50000 - 0x00007fff00fbf000 	C:\WINDOWS\System32\WS2_32.dll
0x00007ffefa170000 - 0x00007ffefa1a3000 	C:\WINDOWS\SYSTEM32\WINMM.dll
0x00007ffefeb00000 - 0x00007ffefeb18000 	C:\WINDOWS\SYSTEM32\kernel.appcore.dll
0x00007ffefc290000 - 0x00007ffefc2a0000 	C:\Program Files\Java\jdk-11\bin\verify.dll
0x00007ffefd540000 - 0x00007ffefd761000 	C:\WINDOWS\SYSTEM32\DBGHELP.DLL
0x00007ffeee5b0000 - 0x00007ffeee5e1000 	C:\WINDOWS\SYSTEM32\dbgcore.DLL
0x00007fff002f0000 - 0x00007fff0036f000 	C:\WINDOWS\System32\bcryptPrimitives.dll
0x00007ffefa4e0000 - 0x00007ffefa508000 	C:\Program Files\Java\jdk-11\bin\java.dll
0x00007ffefa7f0000 - 0x00007ffefa7fa000 	C:\Program Files\Java\jdk-11\bin\jimage.dll
0x00007ffeee8d0000 - 0x00007ffeee8e7000 	C:\Program Files\Java\jdk-11\bin\zip.dll
0x00007fff019a0000 - 0x00007fff02165000 	C:\WINDOWS\System32\SHELL32.dll
0x00007ffefdb30000 - 0x00007ffefe392000 	C:\WINDOWS\SYSTEM32\windows.storage.dll
0x00007fff00750000 - 0x00007fff00ac6000 	C:\WINDOWS\System32\combase.dll
0x00007ffefd9c0000 - 0x00007ffefdb27000 	C:\WINDOWS\SYSTEM32\wintypes.dll
0x00007fff018b0000 - 0x00007fff0199a000 	C:\WINDOWS\System32\SHCORE.dll
0x00007fff022a0000 - 0x00007fff022fd000 	C:\WINDOWS\System32\shlwapi.dll
0x00007ffeffa00000 - 0x00007ffeffa25000 	C:\WINDOWS\SYSTEM32\profapi.dll
0x00007ffeee8b0000 - 0x00007ffeee8c9000 	C:\Program Files\Java\jdk-11\bin\net.dll
0x00007ffef9a90000 - 0x00007ffef9ba4000 	C:\WINDOWS\SYSTEM32\WINHTTP.dll
0x00007ffefefa0000 - 0x00007ffeff007000 	C:\WINDOWS\system32\mswsock.dll
0x00007ffeee840000 - 0x00007ffeee852000 	C:\Program Files\Java\jdk-11\bin\nio.dll
0x00007ffeedad0000 - 0x00007ffeedaf7000 	C:\Users\tien dat\.gradle\native\e1d6ef7f7dcc3fd88c89a11ec53ec762bb8ba0a96d01ffa2cd45eb1d1d8dd5c5\windows-amd64\native-platform.dll
0x00007ffec7a60000 - 0x00007ffec7ba4000 	C:\Users\tien dat\.gradle\native\0d407fdbe67a94daf76414ababcb853783967236a71b16ec16e742cd7a986fd3\windows-amd64\native-platform-file-events.dll
0x00007ffefa7e0000 - 0x00007ffefa7e9000 	C:\Program Files\Java\jdk-11\bin\management.dll
0x00007ffefa350000 - 0x00007ffefa35b000 	C:\Program Files\Java\jdk-11\bin\management_ext.dll
0x00007ffeff270000 - 0x00007ffeff288000 	C:\WINDOWS\SYSTEM32\CRYPTSP.dll
0x00007ffefea60000 - 0x00007ffefea95000 	C:\WINDOWS\system32\rsaenh.dll
0x00007ffeff040000 - 0x00007ffeff06c000 	C:\WINDOWS\SYSTEM32\USERENV.dll
0x00007ffeff3b0000 - 0x00007ffeff3d7000 	C:\WINDOWS\SYSTEM32\bcrypt.dll
0x00007ffeff190000 - 0x00007ffeff19c000 	C:\WINDOWS\SYSTEM32\CRYPTBASE.dll
0x00007ffefe5f0000 - 0x00007ffefe61d000 	C:\WINDOWS\SYSTEM32\IPHLPAPI.DLL
0x00007fff00710000 - 0x00007fff00719000 	C:\WINDOWS\System32\NSI.dll
0x00007ffef9d90000 - 0x00007ffef9da9000 	C:\WINDOWS\SYSTEM32\dhcpcsvc6.DLL
0x00007ffefa080000 - 0x00007ffefa09e000 	C:\WINDOWS\SYSTEM32\dhcpcsvc.DLL
0x00007ffefe620000 - 0x00007ffefe707000 	C:\WINDOWS\SYSTEM32\DNSAPI.dll

dbghelp: loaded successfully - version: 4.0.5 - missing functions: none
symbol engine: initialized successfully - sym options: 0x614 - pdb path: .;C:\Program Files\Java\jdk-11\bin;C:\WINDOWS\SYSTEM32;C:\WINDOWS\WinSxS\amd64_microsoft.windows.common-controls_6595b64144ccf1df_6.0.22000.120_none_9d947278b86cc467;C:\Program Files\Java\jdk-11\bin\server;C:\Users\tien dat\.gradle\native\e1d6ef7f7dcc3fd88c89a11ec53ec762bb8ba0a96d01ffa2cd45eb1d1d8dd5c5\windows-amd64;C:\Users\tien dat\.gradle\native\0d407fdbe67a94daf76414ababcb853783967236a71b16ec16e742cd7a986fd3\windows-amd64

VM Arguments:
jvm_args: -XX:MaxMetaspaceSize=512m --add-opens=java.base/java.util=ALL-UNNAMED --add-opens=java.base/java.lang=ALL-UNNAMED --add-opens=java.base/java.lang.invoke=ALL-UNNAMED --add-opens=java.base/java.util=ALL-UNNAMED --add-opens=java.prefs/java.util.prefs=ALL-UNNAMED --add-opens=java.prefs/java.util.prefs=ALL-UNNAMED --add-opens=java.base/java.nio.charset=ALL-UNNAMED --add-opens=java.base/java.net=ALL-UNNAMED --add-opens=java.base/java.util.concurrent.atomic=ALL-UNNAMED -Xmx2048m -Dfile.encoding=windows-1252 -Duser.country=US -Duser.language=en -Duser.variant 
java_command: org.gradle.launcher.daemon.bootstrap.GradleDaemon 7.5.1
java_class_path (initial): C:\Users\tien dat\.gradle\wrapper\dists\gradle-7.5.1-all\1ehga6e77gqps5uk2kc5kf1vc\gradle-7.5.1\lib\gradle-launcher-7.5.1.jar
Launcher Type: SUN_STANDARD

[Global flags]
     intx CICompilerCount                          = 4                                         {product} {ergonomic}
   size_t CompressedClassSpaceSize                 = 528482304                                 {product} {ergonomic}
     uint ConcGCThreads                            = 2                                         {product} {ergonomic}
     uint G1ConcRefinementThreads                  = 8                                         {product} {ergonomic}
   size_t G1HeapRegionSize                         = 1048576                                   {product} {ergonomic}
    uintx GCDrainStackTargetSize                   = 64                                        {product} {ergonomic}
   size_t InitialHeapSize                          = 134217728                                 {product} {ergonomic}
   size_t MarkStackSize                            = 4194304                                   {product} {ergonomic}
   size_t MaxHeapSize                              = 2147483648                                {product} {command line}
   size_t MaxMetaspaceSize                         = 536870912                                 {product} {command line}
   size_t MaxNewSize                               = 1287651328                                {product} {ergonomic}
   size_t MinHeapDeltaBytes                        = 1048576                                   {product} {ergonomic}
    uintx NonNMethodCodeHeapSize                   = 5836300                                {pd product} {ergonomic}
    uintx NonProfiledCodeHeapSize                  = 122910970                              {pd product} {ergonomic}
    uintx ProfiledCodeHeapSize                     = 122910970                              {pd product} {ergonomic}
    uintx ReservedCodeCacheSize                    = 251658240                              {pd product} {ergonomic}
     bool SegmentedCodeCache                       = true                                      {product} {ergonomic}
     bool UseCompressedClassPointers               = true                                 {lp64_product} {ergonomic}
     bool UseCompressedOops                        = true                                 {lp64_product} {ergonomic}
     bool UseG1GC                                  = true                                      {product} {ergonomic}
     bool UseLargePagesIndividualAllocation        = false                                  {pd product} {ergonomic}

Logging:
Log output configuration:
 #0: stdout all=warning uptime,level,tags
 #1: stderr all=off uptime,level,tags

Environment Variables:
JAVA_HOME=C:\Program Files\Java\jdk-11
CLASSPATH=D:\code\App_Agency_2023_ReactNative\old\st40\android\\gradle\wrapper\gradle-wrapper.jar
PATH=D:\code\App_Agency_2023_ReactNative\old\st40\android\node_modules\.bin;D:\code\App_Agency_2023_ReactNative\old\st40\node_modules\.bin;D:\code\App_Agency_2023_ReactNative\old\node_modules\.bin;D:\code\App_Agency_2023_ReactNative\node_modules\.bin;D:\code\node_modules\.bin;D:\node_modules\.bin;C:\Program Files\nodejs;D:\code\App_Agency_2023_ReactNative\old\st40\node_modules\.bin;D:\code\App_Agency_2023_ReactNative\old\node_modules\.bin;D:\code\App_Agency_2023_ReactNative\node_modules\.bin;D:\code\node_modules\.bin;D:\node_modules\.bin;C:\Users\tien dat\AppData\Roaming\npm\node_modules\npm\node_modules\@npmcli\run-script\lib\node-gyp-bin;D:\code\App_Agency_2023_ReactNative\old\st40\node_modules\.bin;D:\code\App_Agency_2023_ReactNative\old\st40\node_modules\.bin;D:\code\App_Agency_2023_ReactNative\old\node_modules\.bin;D:\code\App_Agency_2023_ReactNative\node_modules\.bin;D:\code\node_modules\.bin;D:\node_modules\.bin;C:\Program Files\nodejs;D:\code\App_Agency_2023_ReactNative\old\st40\node_modules\.bin;D:\code\App_Agency_2023_ReactNative\old\node_modules\.bin;D:\code\App_Agency_2023_ReactNative\node_modules\.bin;D:\code\node_modules\.bin;D:\node_modules\.bin;C:\Users\tien dat\AppData\Roaming\npm\node_modules\npm\node_modules\@npmcli\run-script\lib\node-gyp-bin;D:\code\App_Agency_2023_ReactNative\old\st40\node_modules\.bin;C:\Program Files\Common Files\Oracle\Java\javapath;D:\u01\app\oracle\product\21c\db_home\bin;C:\Program Files (x86)\Common Files\Intel\Shared Libraries\redist\intel64\compiler;C:\Python310\Scripts\;C:\Python310\;C:\Program Files (x86)\Common Files\Oracle\Java\javapath;C:\WINDOWS\system32;C:\WINDOWS;C:\WINDOWS\System32\Wbem;C:\WINDOWS\System32\WindowsPowerShell\v1.0\;C:\WINDOWS\System32\OpenSSH\;C:\Program Files (x86)\Common Files\Acronis\SnapAPI\;C:\Program Files\dotnet\;C:\TDM-GCC-64\x86_64-w64-mingw32\include;C:\Program Files\Microsoft SQL Server\Client SDK\ODBC\170\Tools\Binn\;C:\Program Files (x86)\Microsoft SQL Server\150\Tools\Binn\;C:\Program
USERNAME=dat do
OS=Windows_NT
PROCESSOR_IDENTIFIER=Intel64 Family 6 Model 142 Stepping 10, GenuineIntel



---------------  S Y S T E M  ---------------

OS: Windows 11 , 64 bit Build 22000 (10.0.22000.2124)
Hyper-V role detected

CPU:total 8 (initial active 8) (4 cores per cpu, 2 threads per core) family 6 model 142 stepping 10 microcode 0xe0, cmov, cx8, fxsr, mmx, sse, sse2, sse3, ssse3, sse4.1, sse4.2, popcnt, avx, avx2, aes, clmul, erms, 3dnowpref, lzcnt, ht, tsc, tscinvbit, bmi1, bmi2, adx, fma

Memory: 4k page, system-wide physical 8101M (312M free)
TotalPageFile size 24418M (AvailPageFile size 1M)
current process WorkingSet (physical memory assigned to process): 237M, peak: 237M
current process commit charge ("private bytes"): 299M, peak: 307M

vm_info: Java HotSpot(TM) 64-Bit Server VM (11.0.19+9-LTS-224) for windows-amd64 JRE (11.0.19+9-LTS-224), built on Mar 27 2023 08:48:55 by "mach5one" with MS VC++ 17.1 (VS2022)

END.
