#
# There is insufficient memory for the Java Runtime Environment to continue.
# Native memory allocation (mmap) failed to map 27262976 bytes for Failed to commit area from 0x0000000089600000 to 0x000000008b000000 of length 27262976.
# Possible reasons:
#   The system is out of physical RAM or swap space
#   The process is running with CompressedOops enabled, and the Java Heap may be blocking the growth of the native heap
# Possible solutions:
#   Reduce memory load on the system
#   Increase physical memory or swap space
#   Check if swap backing store is full
#   Decrease Java heap size (-Xmx/-Xms)
#   Decrease number of Java threads
#   Decrease Java thread stack sizes (-Xss)
#   Set larger code cache with -XX:ReservedCodeCacheSize=
#   JVM is running with Unscaled Compressed Oops mode in which the Java heap is
#     placed in the first 4GB address space. The Java Heap base address is the
#     maximum limit for the native heap growth. Please use -XX:HeapBaseMinAddress
#     to set the Java Heap base and to place the Java Heap above 4GB virtual address.
# This output file may be truncated or incomplete.
#
#  Out of Memory Error (./open/src/hotspot/os/windows/os_windows.cpp:3292), pid=18028, tid=17612
#
# JRE version: Java(TM) SE Runtime Environment 18.9 (11.0.19+9) (build 11.0.19+9-LTS-224)
# Java VM: Java HotSpot(TM) 64-Bit Server VM 18.9 (11.0.19+9-LTS-224, mixed mode, tiered, compressed oops, g1 gc, windows-amd64)
# No core dump will be written. Minidumps are not enabled by default on client versions of Windows
#

---------------  S U M M A R Y ------------

Command Line: org.jetbrains.kotlin.cli.jvm.K2JVMCompiler @D:\code\App_Agency_2023_ReactNative\old\st40\node_modules\react-native-webview\android\build\20230911_9987994922428829101.compiler.options

Host: Intel(R) Core(TM) i7-8550U CPU @ 1.80GHz, 8 cores, 7G,  Windows 11 , 64 bit Build 22000 (10.0.22000.2124)
Time: Mon Sep 11 13:41:21 2023 SE Asia Standard Time elapsed time: 3.941217 seconds (0d 0h 0m 3s)

---------------  T H R E A D  ---------------

Current thread (0x00000282be1fd000):  VMThread "VM Thread" [stack: 0x000000e7a8900000,0x000000e7a8a00000] [id=17612]

Stack: [0x000000e7a8900000,0x000000e7a8a00000]
[error occurred during error reporting (printing stack bounds), id 0xc0000005, EXCEPTION_ACCESS_VIOLATION (0xc0000005) at pc=0x00000282a7910f2d]

Native frames: (J=compiled Java code, j=interpreted, Vv=VM code, C=native code)
V  [jvm.dll+0x65fe1a]
V  [jvm.dll+0x7a2bbf]
V  [jvm.dll+0x7a4289]
V  [jvm.dll+0x7a4885]
V  [jvm.dll+0x7a483b]
V  [jvm.dll+0x65f323]
V  [jvm.dll+0x65fa18]
C  [ntdll.dll+0xa8c1f]
C  [ntdll.dll+0x35bea]
C  [ntdll.dll+0xa7c0e]
C  0x00000282a7910f2d

VM_Operation (0x000000e7a83f89c0): CollectForMetadataAllocation, mode: safepoint, requested by thread 0x00000282a0237800


---------------  P R O C E S S  ---------------

Threads class SMR info:
_java_thread_list=0x00000282c0684ae0, length=11, elements={
0x00000282a0237800, 0x00000282be231800, 0x00000282be23a800, 0x00000282beba1800,
0x00000282beba3000, 0x00000282beba6000, 0x00000282beba9800, 0x00000282beb5a000,
0x00000282beb5e800, 0x00000282bed3d000, 0x00000282c02ba000
}

Java Threads: ( => current thread )
  0x00000282a0237800 JavaThread "main" [_thread_blocked, id=8664, stack(0x000000e7a8300000,0x000000e7a8400000)]
  0x00000282be231800 JavaThread "Reference Handler" daemon [_thread_blocked, id=20692, stack(0x000000e7a8a00000,0x000000e7a8b00000)]
  0x00000282be23a800 JavaThread "Finalizer" daemon [_thread_blocked, id=5660, stack(0x000000e7a8b00000,0x000000e7a8c00000)]
  0x00000282beba1800 JavaThread "Signal Dispatcher" daemon [_thread_blocked, id=14432, stack(0x000000e7a8c00000,0x000000e7a8d00000)]
  0x00000282beba3000 JavaThread "Attach Listener" daemon [_thread_blocked, id=11420, stack(0x000000e7a8d00000,0x000000e7a8e00000)]
  0x00000282beba6000 JavaThread "Service Thread" daemon [_thread_blocked, id=15224, stack(0x000000e7a8e00000,0x000000e7a8f00000)]
  0x00000282beba9800 JavaThread "C2 CompilerThread0" daemon [_thread_in_native, id=18340, stack(0x000000e7a8f00000,0x000000e7a9000000)]
  0x00000282beb5a000 JavaThread "C1 CompilerThread0" daemon [_thread_blocked, id=20044, stack(0x000000e7a9000000,0x000000e7a9100000)]
  0x00000282beb5e800 JavaThread "Sweeper thread" daemon [_thread_blocked, id=12772, stack(0x000000e7a9100000,0x000000e7a9200000)]
  0x00000282bed3d000 JavaThread "Common-Cleaner" daemon [_thread_blocked, id=476, stack(0x000000e7a9300000,0x000000e7a9400000)]
  0x00000282c02ba000 JavaThread "C2 CompilerThread1" daemon [_thread_in_native, id=12792, stack(0x000000e7a9700000,0x000000e7a9800000)]

Other Threads:
=>0x00000282be1fd000 VMThread "VM Thread" [stack: 0x000000e7a8900000,0x000000e7a8a00000] [id=17612]
  0x00000282bed3c000 WatcherThread [stack: 0x000000e7a9200000,0x000000e7a9300000] [id=8640]
  0x00000282a024c000 GCTaskThread "GC Thread#0" [stack: 0x000000e7a8400000,0x000000e7a8500000] [id=8336]
  0x00000282bf393800 GCTaskThread "GC Thread#1" [stack: 0x000000e7a9500000,0x000000e7a9600000] [id=16848]
  0x00000282bf289800 GCTaskThread "GC Thread#2" [stack: 0x000000e7a9600000,0x000000e7a9700000] [id=8728]
  0x00000282a027e800 ConcurrentGCThread "G1 Main Marker" [stack: 0x000000e7a8500000,0x000000e7a8600000] [id=4856]
  0x00000282a0280800 ConcurrentGCThread "G1 Conc#0" [stack: 0x000000e7a8600000,0x000000e7a8700000] [id=20028]
  0x00000282bf6d6000 ConcurrentGCThread "G1 Conc#1" [stack: 0x000000e7a9400000,0x000000e7a9500000] [id=10164]
  0x00000282a030d800 ConcurrentGCThread "G1 Refine#0" [stack: 0x000000e7a8700000,0x000000e7a8800000] [id=4144]
  0x00000282c09d1800 ConcurrentGCThread "G1 Refine#1" [stack: 0x000000e7a9800000,0x000000e7a9900000] [id=19180]
  0x00000282be06a800 ConcurrentGCThread "G1 Young RemSet Sampling" [stack: 0x000000e7a8800000,0x000000e7a8900000] [id=4732]

Threads with active compile tasks:
C2 CompilerThread0     3953 3140       4       jdk.internal.loader.ClassLoaders$AppClassLoader::loadClass (40 bytes)
C2 CompilerThread1     3953 3072       4       java.lang.ClassLoader::loadClass (7 bytes)

VM state:at safepoint (normal execution)

VM Mutex/Monitor currently owned by a thread:  ([mutex/lock_event])
[0x00000282a0233970] Threads_lock - owner thread: 0x00000282be1fd000
[0x00000282a0234db0] Heap_lock - owner thread: 0x00000282a0237800

Heap address: 0x0000000081600000, size: 2026 MB, Compressed Oops mode: 32-bit
Narrow klass base: 0x0000000000000000, Narrow klass shift: 3
Compressed class space size: 1073741824 Address: 0x0000000100000000

Heap:
 garbage-first heap   total 157696K, used 23933K [0x0000000081600000, 0x0000000100000000)
  region size 1024K, 6 young (6144K), 6 survivors (6144K)
 Metaspace       used 45691K, capacity 46175K, committed 46236K, reserved 1095680K
  class space    used 5450K, capacity 5679K, committed 5708K, reserved 1048576K
Heap Regions: E=young(eden), S=young(survivor), O=old, HS=humongous(starts), HC=humongous(continues), CS=collection set, F=free, A=archive, TAMS=top-at-mark-start (previous, next)
|   0|0x0000000081600000, 0x0000000081700000, 0x0000000081700000|100%|HS|  |TAMS 0x0000000081700000, 0x0000000081700000| Complete 
|   1|0x0000000081700000, 0x0000000081800000, 0x0000000081800000|100%|HC|  |TAMS 0x0000000081800000, 0x0000000081800000| Complete 
|   2|0x0000000081800000, 0x0000000081900000, 0x0000000081900000|100%|HC|  |TAMS 0x0000000081900000, 0x0000000081900000| Complete 
|   3|0x0000000081900000, 0x0000000081a00000, 0x0000000081a00000|100%|HS|  |TAMS 0x0000000081a00000, 0x0000000081a00000| Complete 
|   4|0x0000000081a00000, 0x0000000081b00000, 0x0000000081b00000|100%|HC|  |TAMS 0x0000000081b00000, 0x0000000081b00000| Complete 
|   5|0x0000000081b00000, 0x0000000081c00000, 0x0000000081c00000|100%|HC|  |TAMS 0x0000000081c00000, 0x0000000081c00000| Complete 
|   6|0x0000000081c00000, 0x0000000081c00000, 0x0000000081d00000|  0%| F|  |TAMS 0x0000000081c00000, 0x0000000081c00000| Untracked 
|   7|0x0000000081d00000, 0x0000000081d00000, 0x0000000081e00000|  0%| F|  |TAMS 0x0000000081d00000, 0x0000000081d00000| Untracked 
|   8|0x0000000081e00000, 0x0000000081f00000, 0x0000000081f00000|100%| O|  |TAMS 0x0000000081f00000, 0x0000000081f00000| Untracked 
|   9|0x0000000081f00000, 0x0000000082000000, 0x0000000082000000|100%| O|  |TAMS 0x0000000082000000, 0x0000000082000000| Untracked 
|  10|0x0000000082000000, 0x0000000082100000, 0x0000000082100000|100%| O|  |TAMS 0x0000000082100000, 0x0000000082100000| Untracked 
|  11|0x0000000082100000, 0x0000000082200000, 0x0000000082200000|100%| O|  |TAMS 0x0000000082200000, 0x0000000082200000| Untracked 
|  12|0x0000000082200000, 0x0000000082300000, 0x0000000082300000|100%| O|  |TAMS 0x0000000082300000, 0x0000000082300000| Untracked 
|  13|0x0000000082300000, 0x0000000082400000, 0x0000000082400000|100%| O|  |TAMS 0x0000000082400000, 0x0000000082400000| Untracked 
|  14|0x0000000082400000, 0x0000000082500000, 0x0000000082500000|100%| O|  |TAMS 0x0000000082500000, 0x0000000082500000| Untracked 
|  15|0x0000000082500000, 0x0000000082600000, 0x0000000082600000|100%| O|  |TAMS 0x0000000082600000, 0x0000000082600000| Untracked 
|  16|0x0000000082600000, 0x0000000082700000, 0x0000000082700000|100%| O|  |TAMS 0x0000000082700000, 0x0000000082700000| Untracked 
|  17|0x0000000082700000, 0x0000000082800000, 0x0000000082800000|100%| O|  |TAMS 0x0000000082800000, 0x0000000082800000| Untracked 
|  18|0x0000000082800000, 0x0000000082900000, 0x0000000082900000|100%| O|  |TAMS 0x0000000082900000, 0x0000000082900000| Untracked 
|  19|0x0000000082900000, 0x00000000829f5800, 0x0000000082a00000| 95%| O|  |TAMS 0x00000000829f5800, 0x00000000829f5800| Untracked 
|  20|0x0000000082a00000, 0x0000000082a00000, 0x0000000082b00000|  0%| F|  |TAMS 0x0000000082a00000, 0x0000000082a00000| Untracked 
|  21|0x0000000082b00000, 0x0000000082b00000, 0x0000000082c00000|  0%| F|  |TAMS 0x0000000082b00000, 0x0000000082b00000| Untracked 
|  22|0x0000000082c00000, 0x0000000082c00000, 0x0000000082d00000|  0%| F|  |TAMS 0x0000000082c00000, 0x0000000082c00000| Untracked 
|  23|0x0000000082d00000, 0x0000000082d00000, 0x0000000082e00000|  0%| F|  |TAMS 0x0000000082d00000, 0x0000000082d00000| Untracked 
|  24|0x0000000082e00000, 0x0000000082e00000, 0x0000000082f00000|  0%| F|  |TAMS 0x0000000082e00000, 0x0000000082e00000| Untracked 
|  25|0x0000000082f00000, 0x0000000082f00000, 0x0000000083000000|  0%| F|  |TAMS 0x0000000082f00000, 0x0000000082f00000| Untracked 
|  26|0x0000000083000000, 0x0000000083000000, 0x0000000083100000|  0%| F|  |TAMS 0x0000000083000000, 0x0000000083000000| Untracked 
|  27|0x0000000083100000, 0x0000000083100000, 0x0000000083200000|  0%| F|  |TAMS 0x0000000083100000, 0x0000000083100000| Untracked 
|  28|0x0000000083200000, 0x0000000083200000, 0x0000000083300000|  0%| F|  |TAMS 0x0000000083200000, 0x0000000083200000| Untracked 
|  29|0x0000000083300000, 0x0000000083300000, 0x0000000083400000|  0%| F|  |TAMS 0x0000000083300000, 0x0000000083300000| Untracked 
|  30|0x0000000083400000, 0x0000000083400000, 0x0000000083500000|  0%| F|  |TAMS 0x0000000083400000, 0x0000000083400000| Untracked 
|  31|0x0000000083500000, 0x0000000083500000, 0x0000000083600000|  0%| F|  |TAMS 0x0000000083500000, 0x0000000083500000| Untracked 
|  32|0x0000000083600000, 0x0000000083600000, 0x0000000083700000|  0%| F|  |TAMS 0x0000000083600000, 0x0000000083600000| Untracked 
|  33|0x0000000083700000, 0x0000000083700000, 0x0000000083800000|  0%| F|  |TAMS 0x0000000083700000, 0x0000000083700000| Untracked 
|  34|0x0000000083800000, 0x0000000083800000, 0x0000000083900000|  0%| F|  |TAMS 0x0000000083800000, 0x0000000083800000| Untracked 
|  35|0x0000000083900000, 0x0000000083900000, 0x0000000083a00000|  0%| F|  |TAMS 0x0000000083900000, 0x0000000083900000| Untracked 
|  36|0x0000000083a00000, 0x0000000083a00000, 0x0000000083b00000|  0%| F|  |TAMS 0x0000000083a00000, 0x0000000083a00000| Untracked 
|  37|0x0000000083b00000, 0x0000000083b00000, 0x0000000083c00000|  0%| F|  |TAMS 0x0000000083b00000, 0x0000000083b00000| Untracked 
|  38|0x0000000083c00000, 0x0000000083c00000, 0x0000000083d00000|  0%| F|  |TAMS 0x0000000083c00000, 0x0000000083c00000| Untracked 
|  39|0x0000000083d00000, 0x0000000083d00000, 0x0000000083e00000|  0%| F|  |TAMS 0x0000000083d00000, 0x0000000083d00000| Untracked 
|  40|0x0000000083e00000, 0x0000000083e00000, 0x0000000083f00000|  0%| F|  |TAMS 0x0000000083e00000, 0x0000000083e00000| Untracked 
|  41|0x0000000083f00000, 0x0000000083f00000, 0x0000000084000000|  0%| F|  |TAMS 0x0000000083f00000, 0x0000000083f00000| Untracked 
|  42|0x0000000084000000, 0x0000000084000000, 0x0000000084100000|  0%| F|  |TAMS 0x0000000084000000, 0x0000000084000000| Untracked 
|  43|0x0000000084100000, 0x0000000084100000, 0x0000000084200000|  0%| F|  |TAMS 0x0000000084100000, 0x0000000084100000| Untracked 
|  44|0x0000000084200000, 0x0000000084200000, 0x0000000084300000|  0%| F|  |TAMS 0x0000000084200000, 0x0000000084200000| Untracked 
|  45|0x0000000084300000, 0x0000000084300000, 0x0000000084400000|  0%| F|  |TAMS 0x0000000084300000, 0x0000000084300000| Untracked 
|  46|0x0000000084400000, 0x0000000084400000, 0x0000000084500000|  0%| F|  |TAMS 0x0000000084400000, 0x0000000084400000| Untracked 
|  47|0x0000000084500000, 0x0000000084500000, 0x0000000084600000|  0%| F|  |TAMS 0x0000000084500000, 0x0000000084500000| Untracked 
|  48|0x0000000084600000, 0x0000000084600000, 0x0000000084700000|  0%| F|  |TAMS 0x0000000084600000, 0x0000000084600000| Untracked 
|  49|0x0000000084700000, 0x0000000084700000, 0x0000000084800000|  0%| F|  |TAMS 0x0000000084700000, 0x0000000084700000| Untracked 
|  50|0x0000000084800000, 0x0000000084800000, 0x0000000084900000|  0%| F|  |TAMS 0x0000000084800000, 0x0000000084800000| Untracked 
|  51|0x0000000084900000, 0x0000000084900000, 0x0000000084a00000|  0%| F|  |TAMS 0x0000000084900000, 0x0000000084900000| Untracked 
|  52|0x0000000084a00000, 0x0000000084a00000, 0x0000000084b00000|  0%| F|  |TAMS 0x0000000084a00000, 0x0000000084a00000| Untracked 
|  53|0x0000000084b00000, 0x0000000084b00000, 0x0000000084c00000|  0%| F|  |TAMS 0x0000000084b00000, 0x0000000084b00000| Untracked 
|  54|0x0000000084c00000, 0x0000000084c00000, 0x0000000084d00000|  0%| F|  |TAMS 0x0000000084c00000, 0x0000000084c00000| Untracked 
|  55|0x0000000084d00000, 0x0000000084d00000, 0x0000000084e00000|  0%| F|  |TAMS 0x0000000084d00000, 0x0000000084d00000| Untracked 
|  56|0x0000000084e00000, 0x0000000084e00000, 0x0000000084f00000|  0%| F|  |TAMS 0x0000000084e00000, 0x0000000084e00000| Untracked 
|  57|0x0000000084f00000, 0x0000000084f00000, 0x0000000085000000|  0%| F|  |TAMS 0x0000000084f00000, 0x0000000084f00000| Untracked 
|  58|0x0000000085000000, 0x0000000085000000, 0x0000000085100000|  0%| F|  |TAMS 0x0000000085000000, 0x0000000085000000| Untracked 
|  59|0x0000000085100000, 0x0000000085100000, 0x0000000085200000|  0%| F|  |TAMS 0x0000000085100000, 0x0000000085100000| Untracked 
|  60|0x0000000085200000, 0x0000000085200000, 0x0000000085300000|  0%| F|  |TAMS 0x0000000085200000, 0x0000000085200000| Untracked 
|  61|0x0000000085300000, 0x0000000085300000, 0x0000000085400000|  0%| F|  |TAMS 0x0000000085300000, 0x0000000085300000| Untracked 
|  62|0x0000000085400000, 0x0000000085400000, 0x0000000085500000|  0%| F|  |TAMS 0x0000000085400000, 0x0000000085400000| Untracked 
|  63|0x0000000085500000, 0x0000000085500000, 0x0000000085600000|  0%| F|  |TAMS 0x0000000085500000, 0x0000000085500000| Untracked 
|  64|0x0000000085600000, 0x0000000085600000, 0x0000000085700000|  0%| F|  |TAMS 0x0000000085600000, 0x0000000085600000| Untracked 
|  65|0x0000000085700000, 0x0000000085700000, 0x0000000085800000|  0%| F|  |TAMS 0x0000000085700000, 0x0000000085700000| Untracked 
|  66|0x0000000085800000, 0x0000000085800000, 0x0000000085900000|  0%| F|  |TAMS 0x0000000085800000, 0x0000000085800000| Untracked 
|  67|0x0000000085900000, 0x0000000085900000, 0x0000000085a00000|  0%| F|  |TAMS 0x0000000085900000, 0x0000000085900000| Untracked 
|  68|0x0000000085a00000, 0x0000000085a00000, 0x0000000085b00000|  0%| F|  |TAMS 0x0000000085a00000, 0x0000000085a00000| Untracked 
|  69|0x0000000085b00000, 0x0000000085b00000, 0x0000000085c00000|  0%| F|  |TAMS 0x0000000085b00000, 0x0000000085b00000| Untracked 
|  70|0x0000000085c00000, 0x0000000085c00000, 0x0000000085d00000|  0%| F|  |TAMS 0x0000000085c00000, 0x0000000085c00000| Untracked 
|  71|0x0000000085d00000, 0x0000000085d00000, 0x0000000085e00000|  0%| F|  |TAMS 0x0000000085d00000, 0x0000000085d00000| Untracked 
|  72|0x0000000085e00000, 0x0000000085e00000, 0x0000000085f00000|  0%| F|  |TAMS 0x0000000085e00000, 0x0000000085e00000| Untracked 
|  73|0x0000000085f00000, 0x0000000085f00000, 0x0000000086000000|  0%| F|  |TAMS 0x0000000085f00000, 0x0000000085f00000| Untracked 
|  74|0x0000000086000000, 0x0000000086069d80, 0x0000000086100000| 41%| S|CS|TAMS 0x0000000086000000, 0x0000000086000000| Complete 
|  75|0x0000000086100000, 0x0000000086200000, 0x0000000086200000|100%| S|CS|TAMS 0x0000000086100000, 0x0000000086100000| Complete 
|  76|0x0000000086200000, 0x0000000086300000, 0x0000000086300000|100%| S|CS|TAMS 0x0000000086200000, 0x0000000086200000| Complete 
|  77|0x0000000086300000, 0x0000000086400000, 0x0000000086400000|100%| S|CS|TAMS 0x0000000086300000, 0x0000000086300000| Complete 
|  78|0x0000000086400000, 0x0000000086500000, 0x0000000086500000|100%| S|CS|TAMS 0x0000000086400000, 0x0000000086400000| Complete 
|  79|0x0000000086500000, 0x0000000086600000, 0x0000000086600000|100%| S|CS|TAMS 0x0000000086500000, 0x0000000086500000| Complete 
|  80|0x0000000086600000, 0x0000000086600000, 0x0000000086700000|  0%| F|  |TAMS 0x0000000086600000, 0x0000000086600000| Untracked 
|  81|0x0000000086700000, 0x0000000086700000, 0x0000000086800000|  0%| F|  |TAMS 0x0000000086700000, 0x0000000086700000| Untracked 
|  82|0x0000000086800000, 0x0000000086800000, 0x0000000086900000|  0%| F|  |TAMS 0x0000000086800000, 0x0000000086800000| Untracked 
|  83|0x0000000086900000, 0x0000000086900000, 0x0000000086a00000|  0%| F|  |TAMS 0x0000000086900000, 0x0000000086900000| Untracked 
|  84|0x0000000086a00000, 0x0000000086a00000, 0x0000000086b00000|  0%| F|  |TAMS 0x0000000086a00000, 0x0000000086a00000| Untracked 
|  85|0x0000000086b00000, 0x0000000086b00000, 0x0000000086c00000|  0%| F|  |TAMS 0x0000000086b00000, 0x0000000086b00000| Untracked 
|  86|0x0000000086c00000, 0x0000000086c00000, 0x0000000086d00000|  0%| F|  |TAMS 0x0000000086c00000, 0x0000000086c00000| Untracked 
|  87|0x0000000086d00000, 0x0000000086d00000, 0x0000000086e00000|  0%| F|  |TAMS 0x0000000086d00000, 0x0000000086d00000| Untracked 
|  88|0x0000000086e00000, 0x0000000086e00000, 0x0000000086f00000|  0%| F|  |TAMS 0x0000000086e00000, 0x0000000086e00000| Untracked 
|  89|0x0000000086f00000, 0x0000000086f00000, 0x0000000087000000|  0%| F|  |TAMS 0x0000000086f00000, 0x0000000086f00000| Untracked 
|  90|0x0000000087000000, 0x0000000087000000, 0x0000000087100000|  0%| F|  |TAMS 0x0000000087000000, 0x0000000087000000| Untracked 
|  91|0x0000000087100000, 0x0000000087100000, 0x0000000087200000|  0%| F|  |TAMS 0x0000000087100000, 0x0000000087100000| Untracked 
|  92|0x0000000087200000, 0x0000000087200000, 0x0000000087300000|  0%| F|  |TAMS 0x0000000087200000, 0x0000000087200000| Untracked 
|  93|0x0000000087300000, 0x0000000087300000, 0x0000000087400000|  0%| F|  |TAMS 0x0000000087300000, 0x0000000087300000| Untracked 
|  94|0x0000000087400000, 0x0000000087400000, 0x0000000087500000|  0%| F|  |TAMS 0x0000000087400000, 0x0000000087400000| Untracked 
|  95|0x0000000087500000, 0x0000000087500000, 0x0000000087600000|  0%| F|  |TAMS 0x0000000087500000, 0x0000000087500000| Untracked 
|  96|0x0000000087600000, 0x0000000087600000, 0x0000000087700000|  0%| F|  |TAMS 0x0000000087600000, 0x0000000087600000| Untracked 
|  97|0x0000000087700000, 0x0000000087700000, 0x0000000087800000|  0%| F|  |TAMS 0x0000000087700000, 0x0000000087700000| Untracked 
|  98|0x0000000087800000, 0x0000000087800000, 0x0000000087900000|  0%| F|  |TAMS 0x0000000087800000, 0x0000000087800000| Untracked 
|  99|0x0000000087900000, 0x0000000087900000, 0x0000000087a00000|  0%| F|  |TAMS 0x0000000087900000, 0x0000000087900000| Untracked 
| 100|0x0000000087a00000, 0x0000000087a00000, 0x0000000087b00000|  0%| F|  |TAMS 0x0000000087a00000, 0x0000000087a00000| Untracked 
| 101|0x0000000087b00000, 0x0000000087b00000, 0x0000000087c00000|  0%| F|  |TAMS 0x0000000087b00000, 0x0000000087b00000| Untracked 
| 102|0x0000000087c00000, 0x0000000087c00000, 0x0000000087d00000|  0%| F|  |TAMS 0x0000000087c00000, 0x0000000087c00000| Untracked 
| 103|0x0000000087d00000, 0x0000000087d00000, 0x0000000087e00000|  0%| F|  |TAMS 0x0000000087d00000, 0x0000000087d00000| Untracked 
| 104|0x0000000087e00000, 0x0000000087e00000, 0x0000000087f00000|  0%| F|  |TAMS 0x0000000087e00000, 0x0000000087e00000| Untracked 
| 105|0x0000000087f00000, 0x0000000087f00000, 0x0000000088000000|  0%| F|  |TAMS 0x0000000087f00000, 0x0000000087f00000| Untracked 
| 106|0x0000000088000000, 0x0000000088000000, 0x0000000088100000|  0%| F|  |TAMS 0x0000000088000000, 0x0000000088000000| Untracked 
| 107|0x0000000088100000, 0x0000000088100000, 0x0000000088200000|  0%| F|  |TAMS 0x0000000088100000, 0x0000000088100000| Untracked 
| 108|0x0000000088200000, 0x0000000088200000, 0x0000000088300000|  0%| F|  |TAMS 0x0000000088200000, 0x0000000088200000| Untracked 
| 109|0x0000000088300000, 0x0000000088300000, 0x0000000088400000|  0%| F|  |TAMS 0x0000000088300000, 0x0000000088300000| Untracked 
| 110|0x0000000088400000, 0x0000000088400000, 0x0000000088500000|  0%| F|  |TAMS 0x0000000088400000, 0x0000000088400000| Untracked 
| 111|0x0000000088500000, 0x0000000088500000, 0x0000000088600000|  0%| F|  |TAMS 0x0000000088500000, 0x0000000088500000| Untracked 
| 112|0x0000000088600000, 0x0000000088600000, 0x0000000088700000|  0%| F|  |TAMS 0x0000000088600000, 0x0000000088600000| Untracked 
| 113|0x0000000088700000, 0x0000000088700000, 0x0000000088800000|  0%| F|  |TAMS 0x0000000088700000, 0x0000000088700000| Untracked 
| 114|0x0000000088800000, 0x0000000088800000, 0x0000000088900000|  0%| F|  |TAMS 0x0000000088800000, 0x0000000088800000| Untracked 
| 115|0x0000000088900000, 0x0000000088900000, 0x0000000088a00000|  0%| F|  |TAMS 0x0000000088900000, 0x0000000088900000| Untracked 
| 116|0x0000000088a00000, 0x0000000088a00000, 0x0000000088b00000|  0%| F|  |TAMS 0x0000000088a00000, 0x0000000088a00000| Untracked 
| 117|0x0000000088b00000, 0x0000000088b00000, 0x0000000088c00000|  0%| F|  |TAMS 0x0000000088b00000, 0x0000000088b00000| Untracked 
| 118|0x0000000088c00000, 0x0000000088c00000, 0x0000000088d00000|  0%| F|  |TAMS 0x0000000088c00000, 0x0000000088c00000| Untracked 
| 119|0x0000000088d00000, 0x0000000088d00000, 0x0000000088e00000|  0%| F|  |TAMS 0x0000000088d00000, 0x0000000088d00000| Untracked 
| 120|0x0000000088e00000, 0x0000000088e00000, 0x0000000088f00000|  0%| F|  |TAMS 0x0000000088e00000, 0x0000000088e00000| Untracked 
| 121|0x0000000088f00000, 0x0000000088f00000, 0x0000000089000000|  0%| F|  |TAMS 0x0000000088f00000, 0x0000000088f00000| Untracked 
| 122|0x0000000089000000, 0x0000000089000000, 0x0000000089100000|  0%| F|  |TAMS 0x0000000089000000, 0x0000000089000000| Untracked 
| 123|0x0000000089100000, 0x0000000089100000, 0x0000000089200000|  0%| F|  |TAMS 0x0000000089100000, 0x0000000089100000| Untracked 
| 124|0x0000000089200000, 0x0000000089200000, 0x0000000089300000|  0%| F|  |TAMS 0x0000000089200000, 0x0000000089200000| Untracked 
| 125|0x0000000089300000, 0x0000000089300000, 0x0000000089400000|  0%| F|  |TAMS 0x0000000089300000, 0x0000000089300000| Untracked 
| 126|0x0000000089400000, 0x0000000089400000, 0x0000000089500000|  0%| F|  |TAMS 0x0000000089400000, 0x0000000089400000| Untracked 
| 127|0x0000000089500000, 0x0000000089500000, 0x0000000089600000|  0%| F|  |TAMS 0x0000000089500000, 0x0000000089500000| Untracked 

Card table byte_map: [0x00000282b7040000,0x00000282b7440000] _byte_map_base: 0x00000282b6c35000

Marking Bits (Prev, Next): (CMBitMap*) 0x00000282a0275da8, (CMBitMap*) 0x00000282a0275de0
 Prev Bits: [0x00000282b7840000, 0x00000282b97e8000)
 Next Bits: [0x00000282b97f0000, 0x00000282bb798000)

Polling page: 0x000002829e220000

Metaspace:

Usage:
  Non-class:     39.55 MB capacity,    39.30 MB (>99%) used,   183.91 KB ( <1%) free+waste,    70.31 KB ( <1%) overhead. 
      Class:      5.55 MB capacity,     5.32 MB ( 96%) used,   196.99 KB (  3%) free+waste,    31.88 KB ( <1%) overhead. 
       Both:     45.09 MB capacity,    44.62 MB ( 99%) used,   380.91 KB ( <1%) free+waste,   102.19 KB ( <1%) overhead. 

Virtual space:
  Non-class space:       46.00 MB reserved,      39.58 MB ( 86%) committed 
      Class space:        1.00 GB reserved,       5.57 MB ( <1%) committed 
             Both:        1.04 GB reserved,      45.15 MB (  4%) committed 

Chunk freelists:
   Non-Class:  4.00 KB
       Class:  2.12 KB
        Both:  6.12 KB

CodeHeap 'non-profiled nmethods': size=120000Kb used=1224Kb max_used=1224Kb free=118775Kb
 bounds [0x00000282af3e0000, 0x00000282af650000, 0x00000282b6910000]
CodeHeap 'profiled nmethods': size=120000Kb used=7017Kb max_used=7017Kb free=112982Kb
 bounds [0x00000282a7eb0000, 0x00000282a8590000, 0x00000282af3e0000]
CodeHeap 'non-nmethods': size=5760Kb used=1188Kb max_used=1224Kb free=4571Kb
 bounds [0x00000282a7910000, 0x00000282a7b80000, 0x00000282a7eb0000]
 total_blobs=4080 nmethods=3539 adapters=452
 compilation: enabled
              stopped_count=0, restarted_count=0
 full_count=0

Compilation events (10 events):
Event: 3.919 Thread 0x00000282beb5a000 3579       2       org.jetbrains.kotlin.name.FqNameUnsafe::compute (76 bytes)
Event: 3.920 Thread 0x00000282beb5a000 nmethod 3579 0x00000282a8588810 code [0x00000282a8588aa0, 0x00000282a8589378]
Event: 3.920 Thread 0x00000282beb5a000 3580       2       org.jetbrains.kotlin.name.FqNameUnsafe::hashCode (8 bytes)
Event: 3.920 Thread 0x00000282beb5a000 nmethod 3580 0x00000282a8589790 code [0x00000282a8589920, 0x00000282a8589a48]
Event: 3.920 Thread 0x00000282beb5a000 3581       2       org.jetbrains.kotlin.name.FqName::topLevel (21 bytes)
Event: 3.921 Thread 0x00000282beb5a000 nmethod 3581 0x00000282a8589b10 code [0x00000282a8589d00, 0x00000282a858a168]
Event: 3.927 Thread 0x00000282beb5a000 3582       1       java.lang.Enum::name (5 bytes)
Event: 3.927 Thread 0x00000282beb5a000 nmethod 3582 0x00000282af512090 code [0x00000282af512220, 0x00000282af5122d8]
Event: 3.927 Thread 0x00000282beb5a000 3583       2       java.lang.Enum::hashCode (5 bytes)
Event: 3.928 Thread 0x00000282beb5a000 nmethod 3583 0x00000282a858a390 code [0x00000282a858a520, 0x00000282a858a628]

GC Heap History (9 events):
Event: 0.702 GC heap before
{Heap before GC invocations=0 (full 0):
 garbage-first heap   total 131072K, used 27648K [0x0000000081600000, 0x0000000100000000)
  region size 1024K, 24 young (24576K), 0 survivors (0K)
 Metaspace       used 12128K, capacity 12212K, committed 12544K, reserved 1060864K
  class space    used 1149K, capacity 1174K, committed 1280K, reserved 1048576K
}
Event: 0.706 GC heap after
{Heap after GC invocations=1 (full 0):
 garbage-first heap   total 131072K, used 5791K [0x0000000081600000, 0x0000000100000000)
  region size 1024K, 3 young (3072K), 3 survivors (3072K)
 Metaspace       used 12128K, capacity 12212K, committed 12544K, reserved 1060864K
  class space    used 1149K, capacity 1174K, committed 1280K, reserved 1048576K
}
Event: 1.470 GC heap before
{Heap before GC invocations=1 (full 0):
 garbage-first heap   total 131072K, used 42655K [0x0000000081600000, 0x0000000100000000)
  region size 1024K, 40 young (40960K), 3 survivors (3072K)
 Metaspace       used 20928K, capacity 21121K, committed 21296K, reserved 1069056K
  class space    used 2249K, capacity 2346K, committed 2432K, reserved 1048576K
}
Event: 1.481 GC heap after
{Heap after GC invocations=2 (full 0):
 garbage-first heap   total 131072K, used 9216K [0x0000000081600000, 0x0000000100000000)
  region size 1024K, 6 young (6144K), 6 survivors (6144K)
 Metaspace       used 20928K, capacity 21121K, committed 21296K, reserved 1069056K
  class space    used 2249K, capacity 2346K, committed 2432K, reserved 1048576K
}
Event: 2.521 GC heap before
{Heap before GC invocations=3 (full 0):
 garbage-first heap   total 131072K, used 63488K [0x0000000081600000, 0x0000000100000000)
  region size 1024K, 54 young (55296K), 6 survivors (6144K)
 Metaspace       used 32552K, capacity 32964K, committed 33200K, reserved 1079296K
  class space    used 4102K, capacity 4308K, committed 4352K, reserved 1048576K
}
Event: 2.540 GC heap after
{Heap after GC invocations=4 (full 0):
 garbage-first heap   total 131072K, used 20528K [0x0000000081600000, 0x0000000100000000)
  region size 1024K, 7 young (7168K), 7 survivors (7168K)
 Metaspace       used 32552K, capacity 32964K, committed 33200K, reserved 1079296K
  class space    used 4102K, capacity 4308K, committed 4352K, reserved 1048576K
}
Event: 2.845 GC heap before
{Heap before GC invocations=4 (full 0):
 garbage-first heap   total 131072K, used 36912K [0x0000000081600000, 0x0000000100000000)
  region size 1024K, 24 young (24576K), 7 survivors (7168K)
 Metaspace       used 35491K, capacity 35845K, committed 35920K, reserved 1081344K
  class space    used 4421K, capacity 4606K, committed 4608K, reserved 1048576K
}
Event: 2.860 GC heap after
{Heap after GC invocations=5 (full 0):
 garbage-first heap   total 131072K, used 21286K [0x0000000081600000, 0x0000000100000000)
  region size 1024K, 3 young (3072K), 3 survivors (3072K)
 Metaspace       used 35491K, capacity 35845K, committed 35920K, reserved 1081344K
  class space    used 4421K, capacity 4606K, committed 4608K, reserved 1048576K
}
Event: 3.929 GC heap before
{Heap before GC invocations=6 (full 0):
 garbage-first heap   total 131072K, used 66342K [0x0000000081600000, 0x0000000100000000)
  region size 1024K, 48 young (49152K), 3 survivors (3072K)
 Metaspace       used 45691K, capacity 46175K, committed 46236K, reserved 1095680K
  class space    used 5450K, capacity 5679K, committed 5708K, reserved 1048576K
}

Deoptimization events (10 events):
Event: 3.654 Thread 0x00000282a0237800 Uncommon trap: reason=bimorphic_or_optimized_type_check action=maybe_recompile pc=0x00000282af4c2e34 method=java.util.AbstractList$Itr.hasNext()Z @ 8 c2
Event: 3.655 Thread 0x00000282a0237800 Uncommon trap: reason=bimorphic_or_optimized_type_check action=maybe_recompile pc=0x00000282af4c2e34 method=java.util.AbstractList$Itr.hasNext()Z @ 8 c2
Event: 3.655 Thread 0x00000282a0237800 Uncommon trap: reason=bimorphic_or_optimized_type_check action=maybe_recompile pc=0x00000282af4c2e34 method=java.util.AbstractList$Itr.hasNext()Z @ 8 c2
Event: 3.655 Thread 0x00000282a0237800 Uncommon trap: reason=bimorphic_or_optimized_type_check action=maybe_recompile pc=0x00000282af4c2e34 method=java.util.AbstractList$Itr.hasNext()Z @ 8 c2
Event: 3.681 Thread 0x00000282a0237800 Uncommon trap: reason=unstable_if action=reinterpret pc=0x00000282af5055dc method=org.jetbrains.kotlin.com.intellij.lang.impl.PsiBuilderImpl.skipWhitespace()V @ 51 c2
Event: 3.690 Thread 0x00000282a0237800 Uncommon trap: reason=class_check action=maybe_recompile pc=0x00000282af4f92ac method=org.jetbrains.kotlin.com.intellij.lexer.FlexAdapter.locateToken()V @ 29 c2
Event: 3.690 Thread 0x00000282a0237800 Uncommon trap: reason=class_check action=maybe_recompile pc=0x00000282af4f92ac method=org.jetbrains.kotlin.com.intellij.lexer.FlexAdapter.locateToken()V @ 29 c2
Event: 3.690 Thread 0x00000282a0237800 Uncommon trap: reason=class_check action=maybe_recompile pc=0x00000282af4f92ac method=org.jetbrains.kotlin.com.intellij.lexer.FlexAdapter.locateToken()V @ 29 c2
Event: 3.690 Thread 0x00000282a0237800 Uncommon trap: reason=class_check action=maybe_recompile pc=0x00000282af4f92ac method=org.jetbrains.kotlin.com.intellij.lexer.FlexAdapter.locateToken()V @ 29 c2
Event: 3.872 Thread 0x00000282a0237800 Uncommon trap: reason=bimorphic_or_optimized_type_check action=maybe_recompile pc=0x00000282af4943e8 method=java.util.zip.ZipFile.getZipEntry(Ljava/lang/String;[BILjava/util/function/Function;)Ljava/util/zip/ZipEntry; @ 108 c2

Classes redefined (0 events):
No events

Internal exceptions (10 events):
Event: 1.724 Thread 0x00000282a0237800 Exception <a 'java/lang/NoSuchMethodError'{0x0000000088b548c0}: java.lang.invoke.DirectMethodHandle$Holder.invokeStatic(Ljava/lang/Object;Ljava/lang/Object;Ljava/lang/Object;Ljava/lang/Object;I)Ljava/lang/Object;> (0x0000000088b548c0) thrown at [./open/sr
Event: 1.764 Thread 0x00000282a0237800 Exception <a 'java/lang/NoSuchMethodError'{0x0000000088a79cc0}: java.lang.invoke.DirectMethodHandle$Holder.invokeStatic(Ljava/lang/Object;Ljava/lang/Object;Ljava/lang/Object;Ljava/lang/Object;)V> (0x0000000088a79cc0) thrown at [./open/src/hotspot/share/in
Event: 1.839 Thread 0x00000282a0237800 Exception <a 'java/lang/NoSuchMethodError'{0x000000008865d560}: java.lang.invoke.DirectMethodHandle$Holder.invokeStaticInit(Ljava/lang/Object;Ljava/lang/Object;)V> (0x000000008865d560) thrown at [./open/src/hotspot/share/interpreter/linkResolver.cpp, line
Event: 1.928 Thread 0x00000282a0237800 Exception <a 'java/lang/NoSuchMethodError'{0x0000000088280ea0}: java.lang.invoke.DirectMethodHandle$Holder.invokeVirtual(Ljava/lang/Object;Ljava/lang/Object;)V> (0x0000000088280ea0) thrown at [./open/src/hotspot/share/interpreter/linkResolver.cpp, line 77
Event: 1.938 Thread 0x00000282a0237800 Exception <a 'java/lang/NoSuchMethodError'{0x00000000882fa5a8}: java.lang.invoke.DirectMethodHandle$Holder.invokeVirtual(Ljava/lang/Object;Ljava/lang/Object;)I> (0x00000000882fa5a8) thrown at [./open/src/hotspot/share/interpreter/linkResolver.cpp, line 77
Event: 2.644 Thread 0x00000282a0237800 Exception <a 'java/lang/NoSuchMethodError'{0x00000000891b3050}: java.lang.invoke.DirectMethodHandle$Holder.invokeVirtual(Ljava/lang/Object;Ljava/lang/Object;Ljava/lang/Object;)Ljava/lang/Object;> (0x00000000891b3050) thrown at [./open/src/hotspot/share/in
Event: 3.390 Thread 0x00000282a0237800 Exception <a 'java/lang/NoSuchMethodError'{0x0000000087652148}: java.lang.invoke.Invokers$Holder.linkToTargetMethod(Ljava/lang/Object;ILjava/lang/Object;)Ljava/lang/Object;> (0x0000000087652148) thrown at [./open/src/hotspot/share/interpreter/linkResolver
Event: 3.776 Thread 0x00000282a0237800 Exception <a 'java/lang/NoSuchMethodError'{0x0000000086d3e770}: java.lang.invoke.DirectMethodHandle$Holder.invokeStatic(Ljava/lang/Object;Ljava/lang/Object;Ljava/lang/Object;I)Ljava/lang/Object;> (0x0000000086d3e770) thrown at [./open/src/hotspot/share/in
Event: 3.776 Thread 0x00000282a0237800 Exception <a 'java/lang/NoSuchMethodError'{0x0000000086d423e0}: java.lang.invoke.DirectMethodHandle$Holder.invokeSpecial(Ljava/lang/Object;Ljava/lang/Object;Ljava/lang/Object;Ljava/lang/Object;I)Ljava/lang/Object;> (0x0000000086d423e0) thrown at [./open/s
Event: 3.776 Thread 0x00000282a0237800 Exception <a 'java/lang/NoSuchMethodError'{0x0000000086d456e8}: java.lang.invoke.Invokers$Holder.linkToTargetMethod(Ljava/lang/Object;Ljava/lang/Object;ILjava/lang/Object;)Ljava/lang/Object;> (0x0000000086d456e8) thrown at [./open/src/hotspot/share/interp

Events (10 events):
Event: 3.926 loading class org/jetbrains/kotlin/descriptors/annotations/KotlinTarget done
Event: 3.927 loading class org/jetbrains/kotlin/descriptors/annotations/KotlinTarget$Companion
Event: 3.927 loading class org/jetbrains/kotlin/descriptors/annotations/KotlinTarget$Companion done
Event: 3.927 loading class org/jetbrains/kotlin/resolve/AnnotationTargetLists$targetList$1
Event: 3.927 loading class org/jetbrains/kotlin/resolve/AnnotationTargetLists$targetList$1 done
Event: 3.928 loading class org/jetbrains/kotlin/resolve/AnnotationTargetLists$TargetListBuilder
Event: 3.928 loading class org/jetbrains/kotlin/resolve/AnnotationTargetLists$TargetListBuilder done
Event: 3.928 loading class org/jetbrains/kotlin/resolve/AnnotationTargetList
Event: 3.928 loading class org/jetbrains/kotlin/resolve/AnnotationTargetList done
Event: 3.928 Executing VM operation: CollectForMetadataAllocation


Dynamic libraries:
0x00007ff6b9f00000 - 0x00007ff6b9f10000 	C:\Program Files\Java\jdk-11\bin\java.exe
0x00007fff02640000 - 0x00007fff02849000 	C:\WINDOWS\SYSTEM32\ntdll.dll
0x00007fff02170000 - 0x00007fff0222e000 	C:\WINDOWS\System32\KERNEL32.DLL
0x00007ffeffea0000 - 0x00007fff00224000 	C:\WINDOWS\System32\KERNELBASE.dll
0x00007fff00370000 - 0x00007fff00481000 	C:\WINDOWS\System32\ucrtbase.dll
0x00007ffefaa10000 - 0x00007ffefaa29000 	C:\Program Files\Java\jdk-11\bin\jli.dll
0x00007ffefc2f0000 - 0x00007ffefc30b000 	C:\Program Files\Java\jdk-11\bin\VCRUNTIME140.dll
0x00007fff023c0000 - 0x00007fff0246f000 	C:\WINDOWS\System32\ADVAPI32.dll
0x00007fff02310000 - 0x00007fff023b3000 	C:\WINDOWS\System32\msvcrt.dll
0x00007fff01630000 - 0x00007fff016ce000 	C:\WINDOWS\System32\sechost.dll
0x00007fff016d0000 - 0x00007fff017f1000 	C:\WINDOWS\System32\RPCRT4.dll
0x00007fff00490000 - 0x00007fff0063d000 	C:\WINDOWS\System32\USER32.dll
0x00007ffeffe00000 - 0x00007ffeffe26000 	C:\WINDOWS\System32\win32u.dll
0x00007ffee0400000 - 0x00007ffee06a5000 	C:\WINDOWS\WinSxS\amd64_microsoft.windows.common-controls_6595b64144ccf1df_6.0.22000.120_none_9d947278b86cc467\COMCTL32.dll
0x00007fff00720000 - 0x00007fff0074a000 	C:\WINDOWS\System32\GDI32.dll
0x00007ffeffad0000 - 0x00007ffeffbef000 	C:\WINDOWS\System32\gdi32full.dll
0x00007ffeffd60000 - 0x00007ffeffdfd000 	C:\WINDOWS\System32\msvcp_win.dll
0x00007ffef71a0000 - 0x00007ffef71aa000 	C:\WINDOWS\SYSTEM32\VERSION.dll
0x00007fff01270000 - 0x00007fff012a1000 	C:\WINDOWS\System32\IMM32.DLL
0x00007ffefc2e0000 - 0x00007ffefc2ec000 	C:\Program Files\Java\jdk-11\bin\vcruntime140_1.dll
0x00007ffeee160000 - 0x00007ffeee1ee000 	C:\Program Files\Java\jdk-11\bin\msvcp140.dll
0x00007ffeaf4c0000 - 0x00007ffeb002c000 	C:\Program Files\Java\jdk-11\bin\server\jvm.dll
0x00007fff01470000 - 0x00007fff01478000 	C:\WINDOWS\System32\PSAPI.DLL
0x00007ffee9440000 - 0x00007ffee9449000 	C:\WINDOWS\SYSTEM32\WSOCK32.dll
0x00007ffefa170000 - 0x00007ffefa1a3000 	C:\WINDOWS\SYSTEM32\WINMM.dll
0x00007fff00f50000 - 0x00007fff00fbf000 	C:\WINDOWS\System32\WS2_32.dll
0x00007ffefeb00000 - 0x00007ffefeb18000 	C:\WINDOWS\SYSTEM32\kernel.appcore.dll
0x00007ffefc290000 - 0x00007ffefc2a0000 	C:\Program Files\Java\jdk-11\bin\verify.dll
0x00007ffefd540000 - 0x00007ffefd761000 	C:\WINDOWS\SYSTEM32\DBGHELP.DLL
0x00007ffeee5b0000 - 0x00007ffeee5e1000 	C:\WINDOWS\SYSTEM32\dbgcore.DLL
0x00007fff002f0000 - 0x00007fff0036f000 	C:\WINDOWS\System32\bcryptPrimitives.dll
0x00007ffefa4e0000 - 0x00007ffefa508000 	C:\Program Files\Java\jdk-11\bin\java.dll
0x00007ffefa7f0000 - 0x00007ffefa7fa000 	C:\Program Files\Java\jdk-11\bin\jimage.dll
0x00007ffeee8d0000 - 0x00007ffeee8e7000 	C:\Program Files\Java\jdk-11\bin\zip.dll
0x00007fff019a0000 - 0x00007fff02165000 	C:\WINDOWS\System32\SHELL32.dll
0x00007ffefdb30000 - 0x00007ffefe392000 	C:\WINDOWS\SYSTEM32\windows.storage.dll
0x00007fff00750000 - 0x00007fff00ac6000 	C:\WINDOWS\System32\combase.dll
0x00007ffefd9c0000 - 0x00007ffefdb27000 	C:\WINDOWS\SYSTEM32\wintypes.dll
0x00007fff018b0000 - 0x00007fff0199a000 	C:\WINDOWS\System32\SHCORE.dll
0x00007fff022a0000 - 0x00007fff022fd000 	C:\WINDOWS\System32\shlwapi.dll
0x00007ffeffa00000 - 0x00007ffeffa25000 	C:\WINDOWS\SYSTEM32\profapi.dll
0x00007ffeee8b0000 - 0x00007ffeee8c9000 	C:\Program Files\Java\jdk-11\bin\net.dll
0x00007ffef9a90000 - 0x00007ffef9ba4000 	C:\WINDOWS\SYSTEM32\WINHTTP.dll
0x00007ffefefa0000 - 0x00007ffeff007000 	C:\WINDOWS\system32\mswsock.dll
0x00007ffeee840000 - 0x00007ffeee852000 	C:\Program Files\Java\jdk-11\bin\nio.dll

dbghelp: loaded successfully - version: 4.0.5 - missing functions: none
symbol engine: initialized successfully - sym options: 0x614 - pdb path: .;C:\Program Files\Java\jdk-11\bin;C:\WINDOWS\SYSTEM32;C:\WINDOWS\WinSxS\amd64_microsoft.windows.common-controls_6595b64144ccf1df_6.0.22000.120_none_9d947278b86cc467;C:\Program Files\Java\jdk-11\bin\server

VM Arguments:
java_command: org.jetbrains.kotlin.cli.jvm.K2JVMCompiler @D:\code\App_Agency_2023_ReactNative\old\st40\node_modules\react-native-webview\android\build\20230911_9987994922428829101.compiler.options
java_class_path (initial): C:\Users\tien dat\.gradle\caches\modules-2\files-2.1\org.jetbrains.kotlin\kotlin-compiler-embeddable\1.6.0\aa8da3bedc53c89219b84a0b40c7419431a13e76\kotlin-compiler-embeddable-1.6.0.jar;C:\Users\tien dat\.gradle\caches\modules-2\files-2.1\org.jetbrains.kotlin\kotlin-reflect\1.6.0\a215a7f914d5916dc5fd2d45cea16524e0220203\kotlin-reflect-1.6.0.jar;C:\Users\tien dat\.gradle\caches\modules-2\files-2.1\org.jetbrains.kotlin\kotlin-stdlib\1.6.0\a40b8b22529b733892edf4b73468ce598bb17f04\kotlin-stdlib-1.6.0.jar;C:\Users\tien dat\.gradle\caches\modules-2\files-2.1\org.jetbrains.kotlin\kotlin-script-runtime\1.6.0\55f72526ddcff6fc77d72cdf949c7e3d9bd95620\kotlin-script-runtime-1.6.0.jar;C:\Users\tien dat\.gradle\caches\modules-2\files-2.1\org.jetbrains.kotlin\kotlin-daemon-embeddable\1.6.0\d6242b37f4ce6b637d10847c7558446272ec8432\kotlin-daemon-embeddable-1.6.0.jar;C:\Users\tien dat\.gradle\caches\modules-2\files-2.1\org.jetbrains.intellij.deps\trove4j\1.0.20181211\216c2e14b070f334479d800987affe4054cd563f\trove4j-1.0.20181211.jar;C:\Users\tien dat\.gradle\caches\modules-2\files-2.1\net.java.dev.jna\jna\5.6.0\330f2244e9030119ab3030fc3fededc86713d9cc\jna-5.6.0.jar;C:\Users\tien dat\.gradle\caches\modules-2\files-2.1\org.jetbrains\annotations\13.0\919f0dfe192fb4e063e7dacadee7f8bb9a2672a9\annotations-13.0.jar;C:\Users\tien dat\.gradle\caches\modules-2\files-2.1\org.jetbrains.kotlin\kotlin-stdlib-common\1.6.0\7857e365f925cfa060f941c1357cda1f8790502c\kotlin-stdlib-common-1.6.0.jar
Launcher Type: SUN_STANDARD

[Global flags]
     intx CICompilerCount                          = 4                                         {product} {ergonomic}
     uint ConcGCThreads                            = 2                                         {product} {ergonomic}
     uint G1ConcRefinementThreads                  = 8                                         {product} {ergonomic}
   size_t G1HeapRegionSize                         = 1048576                                   {product} {ergonomic}
    uintx GCDrainStackTargetSize                   = 64                                        {product} {ergonomic}
   size_t InitialHeapSize                          = 134217728                                 {product} {ergonomic}
   size_t MarkStackSize                            = 4194304                                   {product} {ergonomic}
   size_t MaxHeapSize                              = 2124414976                                {product} {ergonomic}
   size_t MaxNewSize                               = 1274019840                                {product} {ergonomic}
   size_t MinHeapDeltaBytes                        = 1048576                                   {product} {ergonomic}
    uintx NonNMethodCodeHeapSize                   = 5836300                                {pd product} {ergonomic}
    uintx NonProfiledCodeHeapSize                  = 122910970                              {pd product} {ergonomic}
    uintx ProfiledCodeHeapSize                     = 122910970                              {pd product} {ergonomic}
    uintx ReservedCodeCacheSize                    = 251658240                              {pd product} {ergonomic}
     bool SegmentedCodeCache                       = true                                      {product} {ergonomic}
     bool UseCompressedClassPointers               = true                                 {lp64_product} {ergonomic}
     bool UseCompressedOops                        = true                                 {lp64_product} {ergonomic}
     bool UseG1GC                                  = true                                      {product} {ergonomic}
     bool UseLargePagesIndividualAllocation        = false                                  {pd product} {ergonomic}

Logging:
Log output configuration:
 #0: stdout all=warning uptime,level,tags
 #1: stderr all=off uptime,level,tags

Environment Variables:
JAVA_HOME=C:\Program Files\Java\jdk-11
CLASSPATH=D:\code\App_Agency_2023_ReactNative\old\st40\android\\gradle\wrapper\gradle-wrapper.jar
PATH=D:\code\App_Agency_2023_ReactNative\old\st40\android\node_modules\.bin;D:\code\App_Agency_2023_ReactNative\old\st40\node_modules\.bin;D:\code\App_Agency_2023_ReactNative\old\node_modules\.bin;D:\code\App_Agency_2023_ReactNative\node_modules\.bin;D:\code\node_modules\.bin;D:\node_modules\.bin;C:\Program Files\nodejs;D:\code\App_Agency_2023_ReactNative\old\st40\node_modules\.bin;D:\code\App_Agency_2023_ReactNative\old\node_modules\.bin;D:\code\App_Agency_2023_ReactNative\node_modules\.bin;D:\code\node_modules\.bin;D:\node_modules\.bin;C:\Users\tien dat\AppData\Roaming\npm\node_modules\npm\node_modules\@npmcli\run-script\lib\node-gyp-bin;D:\code\App_Agency_2023_ReactNative\old\st40\node_modules\.bin;D:\code\App_Agency_2023_ReactNative\old\st40\node_modules\.bin;D:\code\App_Agency_2023_ReactNative\old\node_modules\.bin;D:\code\App_Agency_2023_ReactNative\node_modules\.bin;D:\code\node_modules\.bin;D:\node_modules\.bin;C:\Program Files\nodejs;D:\code\App_Agency_2023_ReactNative\old\st40\node_modules\.bin;D:\code\App_Agency_2023_ReactNative\old\node_modules\.bin;D:\code\App_Agency_2023_ReactNative\node_modules\.bin;D:\code\node_modules\.bin;D:\node_modules\.bin;C:\Users\tien dat\AppData\Roaming\npm\node_modules\npm\node_modules\@npmcli\run-script\lib\node-gyp-bin;D:\code\App_Agency_2023_ReactNative\old\st40\node_modules\.bin;C:\Program Files\Common Files\Oracle\Java\javapath;D:\u01\app\oracle\product\21c\db_home\bin;C:\Program Files (x86)\Common Files\Intel\Shared Libraries\redist\intel64\compiler;C:\Python310\Scripts\;C:\Python310\;C:\Program Files (x86)\Common Files\Oracle\Java\javapath;C:\WINDOWS\system32;C:\WINDOWS;C:\WINDOWS\System32\Wbem;C:\WINDOWS\System32\WindowsPowerShell\v1.0\;C:\WINDOWS\System32\OpenSSH\;C:\Program Files (x86)\Common Files\Acronis\SnapAPI\;C:\Program Files\dotnet\;C:\TDM-GCC-64\x86_64-w64-mingw32\include;C:\Program Files\Microsoft SQL Server\Client SDK\ODBC\170\Tools\Binn\;C:\Program Files (x86)\Microsoft SQL Server\150\Tools\Binn\;C:\Program
USERNAME=dat do
OS=Windows_NT
PROCESSOR_IDENTIFIER=Intel64 Family 6 Model 142 Stepping 10, GenuineIntel



---------------  S Y S T E M  ---------------

OS: Windows 11 , 64 bit Build 22000 (10.0.22000.2124)
Hyper-V role detected

CPU:total 8 (initial active 8) (4 cores per cpu, 2 threads per core) family 6 model 142 stepping 10 microcode 0xe0, cmov, cx8, fxsr, mmx, sse, sse2, sse3, ssse3, sse4.1, sse4.2, popcnt, avx, avx2, aes, clmul, erms, 3dnowpref, lzcnt, ht, tsc, tscinvbit, bmi1, bmi2, adx, fma

Memory: 4k page, system-wide physical 8101M (419M free)
TotalPageFile size 24418M (AvailPageFile size 7M)
current process WorkingSet (physical memory assigned to process): 248M, peak: 254M
current process commit charge ("private bytes"): 338M, peak: 369M

vm_info: Java HotSpot(TM) 64-Bit Server VM (11.0.19+9-LTS-224) for windows-amd64 JRE (11.0.19+9-LTS-224), built on Mar 27 2023 08:48:55 by "mach5one" with MS VC++ 17.1 (VS2022)

END.
